2025-01-09T09:05:20.536+0100 INFO               [main]                         be.pxl.services.controller.PostControllerTest - Starting PostControllerTest using Java 22.0.2 with PID 19676 (started by 12000904 in C:\Users\12000904\Bureaublad\seh\project-DiegoRussottoPXL\backend-java\Contentbeheer_backend\post-service)
2025-01-09T09:05:20.547+0100 DEBUG              [main]                         be.pxl.services.controller.PostControllerTest - Running with Spring Boot v3.3.4, Spring v6.1.13
2025-01-09T09:05:20.549+0100 INFO               [main]                         be.pxl.services.controller.PostControllerTest - No active profile set, falling back to 1 default profile: "default"
2025-01-09T09:05:24.055+0100 INFO               [main]                         be.pxl.services.controller.PostControllerTest - Started PostControllerTest in 6.783 seconds (process running for 10.243)
2025-01-09T09:05:24.176+0100 INFO               [main]                         be.pxl.services.controller.PostController - Fetching post with ID: 1
2025-01-09T09:05:24.265+0100 INFO               [main]                         be.pxl.services.controller.PostController - Fetching comments for post with id: 1
2025-01-09T09:05:24.323+0100 INFO               [main]                         be.pxl.services.controller.PostController - Creating new post with title: New Post
2025-01-09T09:05:24.332+0100 INFO               [main]                         be.pxl.services.controller.PostController - Rejecting post with id1
2025-01-09T09:05:24.340+0100 INFO               [main]                         be.pxl.services.controller.PostController - Publishing post with ID: 1
2025-01-09T09:05:24.350+0100 INFO               [main]                         be.pxl.services.controller.PostController - Fetching posts with filters: author = null, content = null, date = null
2025-01-09T09:05:24.363+0100 INFO               [main]                         be.pxl.services.controller.PostController - Updating post with ID: 1
2025-01-09T09:05:24.373+0100 INFO               [main]                         be.pxl.services.controller.PostController - Resubmitting post with ID: 1 and new title: Updated Title, content: Updated Content
2025-01-09T09:05:24.382+0100 INFO               [main]                         be.pxl.services.controller.PostController - Fetching posts with status DRAFT
2025-01-09T09:05:25.733+0100 INFO               [main]                         be.pxl.services.config.EmailConfigTest - Starting EmailConfigTest using Java 22.0.2 with PID 19676 (started by 12000904 in C:\Users\12000904\Bureaublad\seh\project-DiegoRussottoPXL\backend-java\Contentbeheer_backend\post-service)
2025-01-09T09:05:25.734+0100 DEBUG              [main]                         be.pxl.services.config.EmailConfigTest - Running with Spring Boot v3.3.4, Spring v6.1.13
2025-01-09T09:05:25.734+0100 INFO               [main]                         be.pxl.services.config.EmailConfigTest - No active profile set, falling back to 1 default profile: "default"
2025-01-09T09:05:25.812+0100 INFO               [main]                         be.pxl.services.config.EmailConfigTest - Started EmailConfigTest in 1.218 seconds (process running for 12.0)
2025-01-09T09:05:26.089+0100 INFO               [main]                         be.pxl.services.service.PostService - Filtered posts count: 1
2025-01-09T09:05:26.089+0100 DEBUG              [main]                         be.pxl.services.service.PostService - Mapping post ID: 1 to PostResponse
2025-01-09T09:05:26.095+0100 INFO               [main]                         be.pxl.services.service.PostService - Post with ID: 1 retrieved successfully
2025-01-09T09:05:26.096+0100 DEBUG              [main]                         be.pxl.services.service.PostService - Mapping post ID: 1 to PostResponse
2025-01-09T09:05:26.125+0100 INFO               [main]                         be.pxl.services.service.PostService - Post added successfully with title: New Post
2025-01-09T09:05:26.130+0100 INFO               [main]                         be.pxl.services.service.PostService - Post with ID: 1 rejected successfully
2025-01-09T09:05:26.134+0100 INFO               [main]                         be.pxl.services.service.PostService - Post with ID: 1 published successfully
2025-01-09T09:05:26.141+0100 INFO               [main]                         be.pxl.services.service.PostService - Retrieved 2 posts
2025-01-09T09:05:26.141+0100 DEBUG              [main]                         be.pxl.services.service.PostService - Mapping post ID: 1 to PostResponse
2025-01-09T09:05:26.142+0100 DEBUG              [main]                         be.pxl.services.service.PostService - Mapping post ID: 2 to PostResponse
2025-01-09T09:05:26.148+0100 INFO               [main]                         be.pxl.services.service.PostService - Post with ID: 1 updated successfully
2025-01-09T09:05:26.157+0100 INFO               [main]                         be.pxl.services.service.PostService - Post with ID: 1 resubmitted successfully
2025-01-09T09:05:27.351+0100 INFO               [main]                         be.pxl.services.repository.PostRepositoryTest - Starting PostRepositoryTest using Java 22.0.2 with PID 19676 (started by 12000904 in C:\Users\12000904\Bureaublad\seh\project-DiegoRussottoPXL\backend-java\Contentbeheer_backend\post-service)
2025-01-09T09:05:27.351+0100 DEBUG              [main]                         be.pxl.services.repository.PostRepositoryTest - Running with Spring Boot v3.3.4, Spring v6.1.13
2025-01-09T09:05:27.352+0100 INFO               [main]                         be.pxl.services.repository.PostRepositoryTest - No active profile set, falling back to 1 default profile: "default"
2025-01-09T11:23:22.888+0100 INFO               [main]                         be.pxl.services.controller.PostControllerTest - Starting PostControllerTest using Java 22.0.2 with PID 7772 (started by 12000904 in C:\Users\12000904\Bureaublad\seh\project-DiegoRussottoPXL\backend-java\Contentbeheer_backend\post-service)
2025-01-09T11:23:22.892+0100 DEBUG              [main]                         be.pxl.services.controller.PostControllerTest - Running with Spring Boot v3.3.4, Spring v6.1.13
2025-01-09T11:23:22.894+0100 INFO               [main]                         be.pxl.services.controller.PostControllerTest - No active profile set, falling back to 1 default profile: "default"
2025-01-09T11:23:27.250+0100 INFO               [main]                         be.pxl.services.controller.PostControllerTest - Started PostControllerTest in 8.288 seconds (process running for 11.685)
2025-01-09T11:23:27.403+0100 INFO               [main]                         be.pxl.services.controller.PostController - Fetching post with ID: 1
2025-01-09T11:23:27.500+0100 INFO               [main]                         be.pxl.services.controller.PostController - Fetching comments for post with id: 1
2025-01-09T11:23:27.546+0100 INFO               [main]                         be.pxl.services.controller.PostController - Creating new post with title: New Post
2025-01-09T11:23:27.556+0100 INFO               [main]                         be.pxl.services.controller.PostController - Rejecting post with id1
2025-01-09T11:23:27.566+0100 INFO               [main]                         be.pxl.services.controller.PostController - Publishing post with ID: 1
2025-01-09T11:23:27.582+0100 INFO               [main]                         be.pxl.services.controller.PostController - Fetching posts with filters: author = null, content = null, date = null
2025-01-09T11:23:27.596+0100 INFO               [main]                         be.pxl.services.controller.PostController - Updating post with ID: 1
2025-01-09T11:23:27.605+0100 INFO               [main]                         be.pxl.services.controller.PostController - Resubmitting post with ID: 1 and new title: Updated Title, content: Updated Content
2025-01-09T11:23:27.616+0100 INFO               [main]                         be.pxl.services.controller.PostController - Fetching posts with status DRAFT
2025-01-09T11:23:29.093+0100 INFO               [main]                         be.pxl.services.config.EmailConfigTest - Starting EmailConfigTest using Java 22.0.2 with PID 7772 (started by 12000904 in C:\Users\12000904\Bureaublad\seh\project-DiegoRussottoPXL\backend-java\Contentbeheer_backend\post-service)
2025-01-09T11:23:29.093+0100 DEBUG              [main]                         be.pxl.services.config.EmailConfigTest - Running with Spring Boot v3.3.4, Spring v6.1.13
2025-01-09T11:23:29.093+0100 INFO               [main]                         be.pxl.services.config.EmailConfigTest - No active profile set, falling back to 1 default profile: "default"
2025-01-09T11:23:29.183+0100 INFO               [main]                         be.pxl.services.config.EmailConfigTest - Started EmailConfigTest in 1.309 seconds (process running for 13.618)
2025-01-09T11:23:29.495+0100 INFO               [main]                         be.pxl.services.service.PostService - Filtered posts count: 1
2025-01-09T11:23:29.496+0100 DEBUG              [main]                         be.pxl.services.service.PostService - Mapping post ID: 1 to PostResponse
2025-01-09T11:23:29.503+0100 INFO               [main]                         be.pxl.services.service.PostService - Post with ID: 1 retrieved successfully
2025-01-09T11:23:29.503+0100 DEBUG              [main]                         be.pxl.services.service.PostService - Mapping post ID: 1 to PostResponse
2025-01-09T11:23:29.540+0100 INFO               [main]                         be.pxl.services.service.PostService - Post added successfully with title: New Post
2025-01-09T11:23:29.548+0100 INFO               [main]                         be.pxl.services.service.PostService - Post with ID: 1 rejected successfully
2025-01-09T11:23:29.554+0100 INFO               [main]                         be.pxl.services.service.PostService - Post with ID: 1 published successfully
2025-01-09T11:23:29.561+0100 INFO               [main]                         be.pxl.services.service.PostService - Retrieved 2 posts
2025-01-09T11:23:29.563+0100 DEBUG              [main]                         be.pxl.services.service.PostService - Mapping post ID: 1 to PostResponse
2025-01-09T11:23:29.563+0100 DEBUG              [main]                         be.pxl.services.service.PostService - Mapping post ID: 2 to PostResponse
2025-01-09T11:23:29.569+0100 INFO               [main]                         be.pxl.services.service.PostService - Post with ID: 1 updated successfully
2025-01-09T11:23:29.578+0100 INFO               [main]                         be.pxl.services.service.PostService - Post with ID: 1 resubmitted successfully
2025-01-09T11:23:30.903+0100 INFO               [main]                         be.pxl.services.repository.PostRepositoryTest - Starting PostRepositoryTest using Java 22.0.2 with PID 7772 (started by 12000904 in C:\Users\12000904\Bureaublad\seh\project-DiegoRussottoPXL\backend-java\Contentbeheer_backend\post-service)
2025-01-09T11:23:30.903+0100 DEBUG              [main]                         be.pxl.services.repository.PostRepositoryTest - Running with Spring Boot v3.3.4, Spring v6.1.13
2025-01-09T11:23:30.903+0100 INFO               [main]                         be.pxl.services.repository.PostRepositoryTest - No active profile set, falling back to 1 default profile: "default"
