2024-11-30T12:28:38.495+0100 INFO               [main]                         be.pxl.services.ConfigServiceApplication - Starting ConfigServiceApplication using Java 17.0.10 with PID 11384 (C:\Users\12000904\Documents\semester 1\Java Fullstack\project-DiegoRussottoPXL\backend-java\Contentbeheer_backend\config-service\target\classes started by 12000904 in C:\Users\12000904\Documents\semester 1\Java Fullstack\project-DiegoRussottoPXL\backend-java\Contentbeheer_backend)
2024-11-30T12:28:38.506+0100 DEBUG              [main]                         be.pxl.services.ConfigServiceApplication - Running with Spring Boot v3.3.4, Spring v6.1.13
2024-11-30T12:28:38.508+0100 INFO               [main]                         be.pxl.services.ConfigServiceApplication - The following 1 profile is active: "native"
2024-11-30T12:28:42.922+0100 INFO               [main]                         be.pxl.services.ConfigServiceApplication - Started ConfigServiceApplication in 6.052 seconds (process running for 11.662)
2024-11-30T12:28:47.036+0100 INFO               [main]                         be.pxl.services.DiscoveryServiceApplication - Starting DiscoveryServiceApplication using Java 17.0.10 with PID 14160 (C:\Users\12000904\Documents\semester 1\Java Fullstack\project-DiegoRussottoPXL\backend-java\Contentbeheer_backend\discovery-service\target\classes started by 12000904 in C:\Users\12000904\Documents\semester 1\Java Fullstack\project-DiegoRussottoPXL\backend-java\Contentbeheer_backend)
2024-11-30T12:28:47.038+0100 DEBUG              [main]                         be.pxl.services.DiscoveryServiceApplication - Running with Spring Boot v3.3.4, Spring v6.1.13
2024-11-30T12:28:47.038+0100 INFO               [main]                         be.pxl.services.DiscoveryServiceApplication - No active profile set, falling back to 1 default profile: "default"
2024-11-30T12:28:52.955+0100 INFO               [main]                         be.pxl.services.DiscoveryServiceApplication - Started DiscoveryServiceApplication in 7.847 seconds (process running for 15.253)
2024-11-30T12:29:01.577+0100 INFO               [main]                         be.pxl.services.PostServiceApplication - Starting PostServiceApplication using Java 17.0.10 with PID 21768 (C:\Users\12000904\Documents\semester 1\Java Fullstack\project-DiegoRussottoPXL\backend-java\Contentbeheer_backend\post-service\target\classes started by 12000904 in C:\Users\12000904\Documents\semester 1\Java Fullstack\project-DiegoRussottoPXL\backend-java\Contentbeheer_backend)
2024-11-30T12:29:01.578+0100 DEBUG              [main]                         be.pxl.services.PostServiceApplication - Running with Spring Boot v3.3.4, Spring v6.1.13
2024-11-30T12:29:01.579+0100 INFO               [main]                         be.pxl.services.PostServiceApplication - No active profile set, falling back to 1 default profile: "default"
2024-11-30T12:29:10.162+0100 INFO               [main]                         be.pxl.services.PostServiceApplication - Started PostServiceApplication in 10.381 seconds (process running for 14.209)
2024-11-30T12:29:19.539+0100 INFO               [main]                         be.pxl.services.GatewayServiceApplication - Starting GatewayServiceApplication using Java 17.0.10 with PID 10108 (C:\Users\12000904\Documents\semester 1\Java Fullstack\project-DiegoRussottoPXL\backend-java\Contentbeheer_backend\gateway-service\target\classes started by 12000904 in C:\Users\12000904\Documents\semester 1\Java Fullstack\project-DiegoRussottoPXL\backend-java\Contentbeheer_backend)
2024-11-30T12:29:19.545+0100 DEBUG              [main]                         be.pxl.services.GatewayServiceApplication - Running with Spring Boot v3.3.4, Spring v6.1.13
2024-11-30T12:29:19.547+0100 INFO               [main]                         be.pxl.services.GatewayServiceApplication - No active profile set, falling back to 1 default profile: "default"
2024-11-30T12:29:23.260+0100 INFO               [main]                         be.pxl.services.GatewayServiceApplication - Started GatewayServiceApplication in 5.342 seconds (process running for 9.318)
2024-11-30T12:29:44.515+0100 INFO               [main]                         be.pxl.services.PostServiceApplication - Starting PostServiceApplication using Java 17.0.10 with PID 12292 (C:\Users\12000904\Documents\semester 1\Java Fullstack\project-DiegoRussottoPXL\backend-java\Contentbeheer_backend\post-service\target\classes started by 12000904 in C:\Users\12000904\Documents\semester 1\Java Fullstack\project-DiegoRussottoPXL\backend-java\Contentbeheer_backend)
2024-11-30T12:29:44.516+0100 DEBUG              [main]                         be.pxl.services.PostServiceApplication - Running with Spring Boot v3.3.4, Spring v6.1.13
2024-11-30T12:29:44.517+0100 INFO               [main]                         be.pxl.services.PostServiceApplication - No active profile set, falling back to 1 default profile: "default"
2024-11-30T12:29:51.787+0100 INFO               [main]                         be.pxl.services.PostServiceApplication - Started PostServiceApplication in 9.621 seconds (process running for 10.933)
2024-11-30T12:32:13.683+0100 INFO               [main]                         be.pxl.services.ConfigServiceApplication - Starting ConfigServiceApplication using Java 17.0.10 with PID 15248 (C:\Users\12000904\Documents\semester 1\Java Fullstack\project-DiegoRussottoPXL\backend-java\Contentbeheer_backend\config-service\target\classes started by 12000904 in C:\Users\12000904\Documents\semester 1\Java Fullstack\project-DiegoRussottoPXL\backend-java\Contentbeheer_backend)
2024-11-30T12:32:13.689+0100 DEBUG              [main]                         be.pxl.services.ConfigServiceApplication - Running with Spring Boot v3.3.4, Spring v6.1.13
2024-11-30T12:32:13.690+0100 INFO               [main]                         be.pxl.services.ConfigServiceApplication - The following 1 profile is active: "native"
2024-11-30T12:32:18.374+0100 INFO               [main]                         be.pxl.services.ConfigServiceApplication - Started ConfigServiceApplication in 6.628 seconds (process running for 8.328)
2024-11-30T12:32:28.833+0100 INFO               [main]                         be.pxl.services.GatewayServiceApplication - Starting GatewayServiceApplication using Java 17.0.10 with PID 28784 (C:\Users\12000904\Documents\semester 1\Java Fullstack\project-DiegoRussottoPXL\backend-java\Contentbeheer_backend\gateway-service\target\classes started by 12000904 in C:\Users\12000904\Documents\semester 1\Java Fullstack\project-DiegoRussottoPXL\backend-java\Contentbeheer_backend)
2024-11-30T12:32:28.836+0100 DEBUG              [main]                         be.pxl.services.GatewayServiceApplication - Running with Spring Boot v3.3.4, Spring v6.1.13
2024-11-30T12:32:28.838+0100 INFO               [main]                         be.pxl.services.GatewayServiceApplication - No active profile set, falling back to 1 default profile: "default"
2024-11-30T12:32:34.179+0100 INFO               [main]                         be.pxl.services.GatewayServiceApplication - Started GatewayServiceApplication in 9.449 seconds (process running for 11.148)
2024-11-30T12:32:40.587+0100 INFO               [main]                         be.pxl.services.DiscoveryServiceApplication - Starting DiscoveryServiceApplication using Java 17.0.10 with PID 16268 (C:\Users\12000904\Documents\semester 1\Java Fullstack\project-DiegoRussottoPXL\backend-java\Contentbeheer_backend\discovery-service\target\classes started by 12000904 in C:\Users\12000904\Documents\semester 1\Java Fullstack\project-DiegoRussottoPXL\backend-java\Contentbeheer_backend)
2024-11-30T12:32:40.589+0100 DEBUG              [main]                         be.pxl.services.DiscoveryServiceApplication - Running with Spring Boot v3.3.4, Spring v6.1.13
2024-11-30T12:32:40.591+0100 INFO               [main]                         be.pxl.services.DiscoveryServiceApplication - No active profile set, falling back to 1 default profile: "default"
2024-11-30T12:32:46.374+0100 INFO               [main]                         be.pxl.services.DiscoveryServiceApplication - Started DiscoveryServiceApplication in 8.029 seconds (process running for 9.809)
2024-11-30T12:32:53.710+0100 INFO               [main]                         be.pxl.services.PostServiceApplication - Starting PostServiceApplication using Java 17.0.10 with PID 4856 (C:\Users\12000904\Documents\semester 1\Java Fullstack\project-DiegoRussottoPXL\backend-java\Contentbeheer_backend\post-service\target\classes started by 12000904 in C:\Users\12000904\Documents\semester 1\Java Fullstack\project-DiegoRussottoPXL\backend-java\Contentbeheer_backend)
2024-11-30T12:32:53.712+0100 DEBUG              [main]                         be.pxl.services.PostServiceApplication - Running with Spring Boot v3.3.4, Spring v6.1.13
2024-11-30T12:32:53.714+0100 INFO               [main]                         be.pxl.services.PostServiceApplication - No active profile set, falling back to 1 default profile: "default"
2024-11-30T12:33:01.458+0100 INFO               [main]                         be.pxl.services.PostServiceApplication - Started PostServiceApplication in 9.619 seconds (process running for 10.746)
2024-11-30T12:34:22.601+0100 INFO               [http-nio-8091-exec-3]         be.pxl.services.controller.PostController - Creating new post with title: Example Title
2024-11-30T22:56:31.221+0100 INFO               [main]                         be.pxl.services.ConfigServiceApplication - Starting ConfigServiceApplication using Java 17.0.10 with PID 5908 (C:\Users\12000904\Documents\semester 1\Java Fullstack\project-DiegoRussottoPXL\backend-java\Contentbeheer_backend\config-service\target\classes started by 12000904 in C:\Users\12000904\Documents\semester 1\Java Fullstack\project-DiegoRussottoPXL\backend-java\Contentbeheer_backend)
2024-11-30T22:56:31.223+0100 DEBUG              [main]                         be.pxl.services.ConfigServiceApplication - Running with Spring Boot v3.3.4, Spring v6.1.13
2024-11-30T22:56:31.224+0100 INFO               [main]                         be.pxl.services.ConfigServiceApplication - The following 1 profile is active: "native"
2024-11-30T22:56:34.351+0100 INFO               [main]                         be.pxl.services.ConfigServiceApplication - Started ConfigServiceApplication in 4.147 seconds (process running for 5.039)
2024-11-30T22:56:40.696+0100 INFO               [main]                         be.pxl.services.GatewayServiceApplication - Starting GatewayServiceApplication using Java 17.0.10 with PID 5932 (C:\Users\12000904\Documents\semester 1\Java Fullstack\project-DiegoRussottoPXL\backend-java\Contentbeheer_backend\gateway-service\target\classes started by 12000904 in C:\Users\12000904\Documents\semester 1\Java Fullstack\project-DiegoRussottoPXL\backend-java\Contentbeheer_backend)
2024-11-30T22:56:40.698+0100 DEBUG              [main]                         be.pxl.services.GatewayServiceApplication - Running with Spring Boot v3.3.4, Spring v6.1.13
2024-11-30T22:56:40.700+0100 INFO               [main]                         be.pxl.services.GatewayServiceApplication - No active profile set, falling back to 1 default profile: "default"
2024-11-30T22:56:46.425+0100 INFO               [main]                         be.pxl.services.DiscoveryServiceApplication - Starting DiscoveryServiceApplication using Java 17.0.10 with PID 18300 (C:\Users\12000904\Documents\semester 1\Java Fullstack\project-DiegoRussottoPXL\backend-java\Contentbeheer_backend\discovery-service\target\classes started by 12000904 in C:\Users\12000904\Documents\semester 1\Java Fullstack\project-DiegoRussottoPXL\backend-java\Contentbeheer_backend)
2024-11-30T22:56:46.427+0100 DEBUG              [main]                         be.pxl.services.DiscoveryServiceApplication - Running with Spring Boot v3.3.4, Spring v6.1.13
2024-11-30T22:56:46.428+0100 INFO               [main]                         be.pxl.services.DiscoveryServiceApplication - No active profile set, falling back to 1 default profile: "default"
2024-11-30T22:56:46.707+0100 INFO               [main]                         be.pxl.services.GatewayServiceApplication - Started GatewayServiceApplication in 9.098 seconds (process running for 10.15)
2024-11-30T22:56:50.651+0100 INFO               [main]                         be.pxl.services.DiscoveryServiceApplication - Started DiscoveryServiceApplication in 7.023 seconds (process running for 8.69)
2024-11-30T22:56:55.376+0100 INFO               [main]                         be.pxl.services.PostServiceApplication - Starting PostServiceApplication using Java 17.0.10 with PID 21752 (C:\Users\12000904\Documents\semester 1\Java Fullstack\project-DiegoRussottoPXL\backend-java\Contentbeheer_backend\post-service\target\classes started by 12000904 in C:\Users\12000904\Documents\semester 1\Java Fullstack\project-DiegoRussottoPXL\backend-java\Contentbeheer_backend)
2024-11-30T22:56:55.377+0100 DEBUG              [main]                         be.pxl.services.PostServiceApplication - Running with Spring Boot v3.3.4, Spring v6.1.13
2024-11-30T22:56:55.378+0100 INFO               [main]                         be.pxl.services.PostServiceApplication - No active profile set, falling back to 1 default profile: "default"
2024-11-30T22:57:00.972+0100 INFO               [main]                         be.pxl.services.PostServiceApplication - Started PostServiceApplication in 5.267 seconds (process running for 7.816)
2024-11-30T23:01:12.248+0100 INFO               [http-nio-8091-exec-1]         be.pxl.services.controller.PostController - Creating new post with title: Example Title
2024-11-30T23:21:35.899+0100 INFO               [main]                         be.pxl.services.PostServiceApplication - Starting PostServiceApplication using Java 17.0.10 with PID 17316 (C:\Users\12000904\Documents\semester 1\Java Fullstack\project-DiegoRussottoPXL\backend-java\Contentbeheer_backend\post-service\target\classes started by 12000904 in C:\Users\12000904\Documents\semester 1\Java Fullstack\project-DiegoRussottoPXL\backend-java\Contentbeheer_backend)
2024-11-30T23:21:35.901+0100 DEBUG              [main]                         be.pxl.services.PostServiceApplication - Running with Spring Boot v3.3.4, Spring v6.1.13
2024-11-30T23:21:35.901+0100 INFO               [main]                         be.pxl.services.PostServiceApplication - No active profile set, falling back to 1 default profile: "default"
2024-11-30T23:21:41.788+0100 INFO               [main]                         be.pxl.services.PostServiceApplication - Started PostServiceApplication in 7.555 seconds (process running for 8.382)
2024-11-30T23:22:31.367+0100 INFO               [main]                         be.pxl.services.PostServiceApplication - Starting PostServiceApplication using Java 17.0.10 with PID 2960 (C:\Users\12000904\Documents\semester 1\Java Fullstack\project-DiegoRussottoPXL\backend-java\Contentbeheer_backend\post-service\target\classes started by 12000904 in C:\Users\12000904\Documents\semester 1\Java Fullstack\project-DiegoRussottoPXL\backend-java\Contentbeheer_backend)
2024-11-30T23:22:31.368+0100 DEBUG              [main]                         be.pxl.services.PostServiceApplication - Running with Spring Boot v3.3.4, Spring v6.1.13
2024-11-30T23:22:31.369+0100 INFO               [main]                         be.pxl.services.PostServiceApplication - No active profile set, falling back to 1 default profile: "default"
2024-11-30T23:22:37.141+0100 INFO               [main]                         be.pxl.services.PostServiceApplication - Started PostServiceApplication in 7.434 seconds (process running for 8.23)
2024-11-30T23:23:21.891+0100 INFO               [http-nio-8091-exec-8]         be.pxl.services.controller.PostController - Creating new post with title: Example Title
2024-11-30T23:28:39.941+0100 INFO               [main]                         be.pxl.services.ConfigServiceApplication - Starting ConfigServiceApplication using Java 17.0.10 with PID 2004 (C:\Users\12000904\Documents\semester 1\Java Fullstack\project-DiegoRussottoPXL\backend-java\Contentbeheer_backend\config-service\target\classes started by 12000904 in C:\Users\12000904\Documents\semester 1\Java Fullstack\project-DiegoRussottoPXL\backend-java\Contentbeheer_backend)
2024-11-30T23:28:39.943+0100 DEBUG              [main]                         be.pxl.services.ConfigServiceApplication - Running with Spring Boot v3.3.4, Spring v6.1.13
2024-11-30T23:28:39.944+0100 INFO               [main]                         be.pxl.services.ConfigServiceApplication - The following 1 profile is active: "native"
2024-11-30T23:28:42.225+0100 INFO               [main]                         be.pxl.services.ConfigServiceApplication - Started ConfigServiceApplication in 3.253 seconds (process running for 4.026)
2024-11-30T23:28:47.101+0100 INFO               [main]                         be.pxl.services.GatewayServiceApplication - Starting GatewayServiceApplication using Java 17.0.10 with PID 13772 (C:\Users\12000904\Documents\semester 1\Java Fullstack\project-DiegoRussottoPXL\backend-java\Contentbeheer_backend\gateway-service\target\classes started by 12000904 in C:\Users\12000904\Documents\semester 1\Java Fullstack\project-DiegoRussottoPXL\backend-java\Contentbeheer_backend)
2024-11-30T23:28:47.103+0100 DEBUG              [main]                         be.pxl.services.GatewayServiceApplication - Running with Spring Boot v3.3.4, Spring v6.1.13
2024-11-30T23:28:47.104+0100 INFO               [main]                         be.pxl.services.GatewayServiceApplication - No active profile set, falling back to 1 default profile: "default"
2024-11-30T23:28:50.971+0100 INFO               [main]                         be.pxl.services.GatewayServiceApplication - Started GatewayServiceApplication in 5.897 seconds (process running for 6.702)
2024-11-30T23:28:52.174+0100 INFO               [main]                         be.pxl.services.DiscoveryServiceApplication - Starting DiscoveryServiceApplication using Java 17.0.10 with PID 24388 (C:\Users\12000904\Documents\semester 1\Java Fullstack\project-DiegoRussottoPXL\backend-java\Contentbeheer_backend\discovery-service\target\classes started by 12000904 in C:\Users\12000904\Documents\semester 1\Java Fullstack\project-DiegoRussottoPXL\backend-java\Contentbeheer_backend)
2024-11-30T23:28:52.175+0100 DEBUG              [main]                         be.pxl.services.DiscoveryServiceApplication - Running with Spring Boot v3.3.4, Spring v6.1.13
2024-11-30T23:28:52.176+0100 INFO               [main]                         be.pxl.services.DiscoveryServiceApplication - No active profile set, falling back to 1 default profile: "default"
2024-11-30T23:28:56.531+0100 INFO               [main]                         be.pxl.services.DiscoveryServiceApplication - Started DiscoveryServiceApplication in 6.019 seconds (process running for 7.218)
2024-11-30T23:29:01.650+0100 INFO               [main]                         be.pxl.services.PostServiceApplication - Starting PostServiceApplication using Java 17.0.10 with PID 16888 (C:\Users\12000904\Documents\semester 1\Java Fullstack\project-DiegoRussottoPXL\backend-java\Contentbeheer_backend\post-service\target\classes started by 12000904 in C:\Users\12000904\Documents\semester 1\Java Fullstack\project-DiegoRussottoPXL\backend-java\Contentbeheer_backend)
2024-11-30T23:29:01.651+0100 DEBUG              [main]                         be.pxl.services.PostServiceApplication - Running with Spring Boot v3.3.4, Spring v6.1.13
2024-11-30T23:29:01.652+0100 INFO               [main]                         be.pxl.services.PostServiceApplication - No active profile set, falling back to 1 default profile: "default"
2024-11-30T23:29:07.378+0100 INFO               [main]                         be.pxl.services.PostServiceApplication - Started PostServiceApplication in 7.203 seconds (process running for 8.057)
2024-11-30T23:30:13.855+0100 INFO               [http-nio-8091-exec-2]         be.pxl.services.controller.PostController - Creating new post with title: Example Title
2024-11-30T23:31:21.492+0100 INFO               [main]                         be.pxl.services.ConfigServiceApplication - Starting ConfigServiceApplication using Java 17.0.10 with PID 25428 (C:\Users\12000904\Documents\semester 1\Java Fullstack\project-DiegoRussottoPXL\backend-java\Contentbeheer_backend\config-service\target\classes started by 12000904 in C:\Users\12000904\Documents\semester 1\Java Fullstack\project-DiegoRussottoPXL\backend-java\Contentbeheer_backend)
2024-11-30T23:31:21.494+0100 DEBUG              [main]                         be.pxl.services.ConfigServiceApplication - Running with Spring Boot v3.3.4, Spring v6.1.13
2024-11-30T23:31:21.495+0100 INFO               [main]                         be.pxl.services.ConfigServiceApplication - The following 1 profile is active: "native"
2024-11-30T23:31:23.909+0100 INFO               [main]                         be.pxl.services.ConfigServiceApplication - Started ConfigServiceApplication in 3.446 seconds (process running for 4.165)
2024-11-30T23:31:27.925+0100 INFO               [main]                         be.pxl.services.DiscoveryServiceApplication - Starting DiscoveryServiceApplication using Java 17.0.10 with PID 30508 (C:\Users\12000904\Documents\semester 1\Java Fullstack\project-DiegoRussottoPXL\backend-java\Contentbeheer_backend\discovery-service\target\classes started by 12000904 in C:\Users\12000904\Documents\semester 1\Java Fullstack\project-DiegoRussottoPXL\backend-java\Contentbeheer_backend)
2024-11-30T23:31:27.927+0100 DEBUG              [main]                         be.pxl.services.DiscoveryServiceApplication - Running with Spring Boot v3.3.4, Spring v6.1.13
2024-11-30T23:31:27.927+0100 INFO               [main]                         be.pxl.services.DiscoveryServiceApplication - No active profile set, falling back to 1 default profile: "default"
2024-11-30T23:31:32.538+0100 INFO               [main]                         be.pxl.services.DiscoveryServiceApplication - Started DiscoveryServiceApplication in 6.596 seconds (process running for 7.677)
2024-11-30T23:31:35.121+0100 INFO               [main]                         be.pxl.services.PostServiceApplication - Starting PostServiceApplication using Java 17.0.10 with PID 27772 (C:\Users\12000904\Documents\semester 1\Java Fullstack\project-DiegoRussottoPXL\backend-java\Contentbeheer_backend\post-service\target\classes started by 12000904 in C:\Users\12000904\Documents\semester 1\Java Fullstack\project-DiegoRussottoPXL\backend-java\Contentbeheer_backend)
2024-11-30T23:31:35.123+0100 DEBUG              [main]                         be.pxl.services.PostServiceApplication - Running with Spring Boot v3.3.4, Spring v6.1.13
2024-11-30T23:31:35.124+0100 INFO               [main]                         be.pxl.services.PostServiceApplication - No active profile set, falling back to 1 default profile: "default"
2024-11-30T23:31:41.237+0100 INFO               [main]                         be.pxl.services.PostServiceApplication - Started PostServiceApplication in 7.798 seconds (process running for 8.762)
2024-11-30T23:31:44.442+0100 INFO               [http-nio-8091-exec-1]         be.pxl.services.controller.PostController - Creating new post with title: Example Title
2024-11-30T23:33:00.983+0100 INFO               [main]                         be.pxl.services.NotificationServiceApplication - Starting NotificationServiceApplication using Java 17.0.10 with PID 340 (C:\Users\12000904\Documents\semester 1\Java Fullstack\project-DiegoRussottoPXL\backend-java\Contentbeheer_backend\notification-service\target\classes started by 12000904 in C:\Users\12000904\Documents\semester 1\Java Fullstack\project-DiegoRussottoPXL\backend-java\Contentbeheer_backend)
2024-11-30T23:33:00.984+0100 DEBUG              [main]                         be.pxl.services.NotificationServiceApplication - Running with Spring Boot v3.3.4, Spring v6.1.13
2024-11-30T23:33:00.985+0100 INFO               [main]                         be.pxl.services.NotificationServiceApplication - No active profile set, falling back to 1 default profile: "default"
2024-11-30T23:33:04.104+0100 INFO               [main]                         be.pxl.services.NotificationServiceApplication - Started NotificationServiceApplication in 4.325 seconds (process running for 5.266)
2024-11-30T23:33:17.099+0100 INFO               [http-nio-8091-exec-4]         be.pxl.services.controller.PostController - Creating new post with title: Example Title
2024-11-30T23:34:20.873+0100 INFO               [main]                         be.pxl.services.ConfigServiceApplication - Starting ConfigServiceApplication using Java 17.0.10 with PID 15456 (C:\Users\12000904\Documents\semester 1\Java Fullstack\project-DiegoRussottoPXL\backend-java\Contentbeheer_backend\config-service\target\classes started by 12000904 in C:\Users\12000904\Documents\semester 1\Java Fullstack\project-DiegoRussottoPXL\backend-java\Contentbeheer_backend)
2024-11-30T23:34:20.876+0100 DEBUG              [main]                         be.pxl.services.ConfigServiceApplication - Running with Spring Boot v3.3.4, Spring v6.1.13
2024-11-30T23:34:20.876+0100 INFO               [main]                         be.pxl.services.ConfigServiceApplication - The following 1 profile is active: "native"
2024-11-30T23:34:23.188+0100 INFO               [main]                         be.pxl.services.ConfigServiceApplication - Started ConfigServiceApplication in 3.31 seconds (process running for 4.092)
2024-11-30T23:34:31.032+0100 INFO               [main]                         be.pxl.services.GatewayServiceApplication - Starting GatewayServiceApplication using Java 17.0.10 with PID 2900 (C:\Users\12000904\Documents\semester 1\Java Fullstack\project-DiegoRussottoPXL\backend-java\Contentbeheer_backend\gateway-service\target\classes started by 12000904 in C:\Users\12000904\Documents\semester 1\Java Fullstack\project-DiegoRussottoPXL\backend-java\Contentbeheer_backend)
2024-11-30T23:34:31.034+0100 DEBUG              [main]                         be.pxl.services.GatewayServiceApplication - Running with Spring Boot v3.3.4, Spring v6.1.13
2024-11-30T23:34:31.035+0100 INFO               [main]                         be.pxl.services.GatewayServiceApplication - No active profile set, falling back to 1 default profile: "default"
2024-11-30T23:34:33.730+0100 INFO               [main]                         be.pxl.services.GatewayServiceApplication - Started GatewayServiceApplication in 4.527 seconds (process running for 5.44)
2024-11-30T23:34:43.357+0100 INFO               [main]                         be.pxl.services.DiscoveryServiceApplication - Starting DiscoveryServiceApplication using Java 17.0.10 with PID 24896 (C:\Users\12000904\Documents\semester 1\Java Fullstack\project-DiegoRussottoPXL\backend-java\Contentbeheer_backend\discovery-service\target\classes started by 12000904 in C:\Users\12000904\Documents\semester 1\Java Fullstack\project-DiegoRussottoPXL\backend-java\Contentbeheer_backend)
2024-11-30T23:34:43.359+0100 DEBUG              [main]                         be.pxl.services.DiscoveryServiceApplication - Running with Spring Boot v3.3.4, Spring v6.1.13
2024-11-30T23:34:43.360+0100 INFO               [main]                         be.pxl.services.DiscoveryServiceApplication - No active profile set, falling back to 1 default profile: "default"
2024-11-30T23:34:47.517+0100 INFO               [main]                         be.pxl.services.DiscoveryServiceApplication - Started DiscoveryServiceApplication in 5.626 seconds (process running for 6.471)
2024-11-30T23:34:59.101+0100 INFO               [main]                         be.pxl.services.PostServiceApplication - Starting PostServiceApplication using Java 17.0.10 with PID 11956 (C:\Users\12000904\Documents\semester 1\Java Fullstack\project-DiegoRussottoPXL\backend-java\Contentbeheer_backend\post-service\target\classes started by 12000904 in C:\Users\12000904\Documents\semester 1\Java Fullstack\project-DiegoRussottoPXL\backend-java\Contentbeheer_backend)
2024-11-30T23:34:59.103+0100 DEBUG              [main]                         be.pxl.services.PostServiceApplication - Running with Spring Boot v3.3.4, Spring v6.1.13
2024-11-30T23:34:59.104+0100 INFO               [main]                         be.pxl.services.PostServiceApplication - No active profile set, falling back to 1 default profile: "default"
2024-11-30T23:35:04.618+0100 INFO               [main]                         be.pxl.services.PostServiceApplication - Started PostServiceApplication in 7.013 seconds (process running for 7.802)
2024-11-30T23:38:43.060+0100 INFO               [http-nio-8091-exec-1]         be.pxl.services.controller.PostController - Fetching all posts
2024-11-30T23:39:50.812+0100 INFO               [main]                         be.pxl.services.ConfigServiceApplication - Starting ConfigServiceApplication using Java 17.0.10 with PID 14180 (C:\Users\12000904\Documents\semester 1\Java Fullstack\project-DiegoRussottoPXL\backend-java\Contentbeheer_backend\config-service\target\classes started by 12000904 in C:\Users\12000904\Documents\semester 1\Java Fullstack\project-DiegoRussottoPXL\backend-java\Contentbeheer_backend)
2024-11-30T23:39:50.813+0100 DEBUG              [main]                         be.pxl.services.ConfigServiceApplication - Running with Spring Boot v3.3.4, Spring v6.1.13
2024-11-30T23:39:50.814+0100 INFO               [main]                         be.pxl.services.ConfigServiceApplication - The following 1 profile is active: "native"
2024-11-30T23:39:53.070+0100 INFO               [main]                         be.pxl.services.ConfigServiceApplication - Started ConfigServiceApplication in 3.252 seconds (process running for 4.065)
2024-11-30T23:39:59.414+0100 INFO               [main]                         be.pxl.services.GatewayServiceApplication - Starting GatewayServiceApplication using Java 17.0.10 with PID 26736 (C:\Users\12000904\Documents\semester 1\Java Fullstack\project-DiegoRussottoPXL\backend-java\Contentbeheer_backend\gateway-service\target\classes started by 12000904 in C:\Users\12000904\Documents\semester 1\Java Fullstack\project-DiegoRussottoPXL\backend-java\Contentbeheer_backend)
2024-11-30T23:39:59.415+0100 DEBUG              [main]                         be.pxl.services.GatewayServiceApplication - Running with Spring Boot v3.3.4, Spring v6.1.13
2024-11-30T23:39:59.416+0100 INFO               [main]                         be.pxl.services.GatewayServiceApplication - No active profile set, falling back to 1 default profile: "default"
2024-11-30T23:40:02.071+0100 INFO               [main]                         be.pxl.services.GatewayServiceApplication - Started GatewayServiceApplication in 4.447 seconds (process running for 5.27)
2024-11-30T23:40:19.486+0100 INFO               [main]                         be.pxl.services.DiscoveryServiceApplication - Starting DiscoveryServiceApplication using Java 17.0.10 with PID 20516 (C:\Users\12000904\Documents\semester 1\Java Fullstack\project-DiegoRussottoPXL\backend-java\Contentbeheer_backend\discovery-service\target\classes started by 12000904 in C:\Users\12000904\Documents\semester 1\Java Fullstack\project-DiegoRussottoPXL\backend-java\Contentbeheer_backend)
2024-11-30T23:40:19.487+0100 DEBUG              [main]                         be.pxl.services.DiscoveryServiceApplication - Running with Spring Boot v3.3.4, Spring v6.1.13
2024-11-30T23:40:19.488+0100 INFO               [main]                         be.pxl.services.DiscoveryServiceApplication - No active profile set, falling back to 1 default profile: "default"
2024-11-30T23:40:23.854+0100 INFO               [main]                         be.pxl.services.DiscoveryServiceApplication - Started DiscoveryServiceApplication in 5.842 seconds (process running for 6.627)
2024-11-30T23:40:29.051+0100 INFO               [main]                         be.pxl.services.PostServiceApplication - Starting PostServiceApplication using Java 17.0.10 with PID 23012 (C:\Users\12000904\Documents\semester 1\Java Fullstack\project-DiegoRussottoPXL\backend-java\Contentbeheer_backend\post-service\target\classes started by 12000904 in C:\Users\12000904\Documents\semester 1\Java Fullstack\project-DiegoRussottoPXL\backend-java\Contentbeheer_backend)
2024-11-30T23:40:29.052+0100 DEBUG              [main]                         be.pxl.services.PostServiceApplication - Running with Spring Boot v3.3.4, Spring v6.1.13
2024-11-30T23:40:29.053+0100 INFO               [main]                         be.pxl.services.PostServiceApplication - No active profile set, falling back to 1 default profile: "default"
2024-11-30T23:40:34.663+0100 INFO               [main]                         be.pxl.services.PostServiceApplication - Started PostServiceApplication in 7.097 seconds (process running for 7.901)
2024-11-30T23:40:59.365+0100 INFO               [http-nio-8091-exec-1]         be.pxl.services.controller.PostController - Fetching all posts
2024-11-30T23:42:04.525+0100 INFO               [main]                         be.pxl.services.ConfigServiceApplication - Starting ConfigServiceApplication using Java 17.0.10 with PID 22080 (C:\Users\12000904\Documents\semester 1\Java Fullstack\project-DiegoRussottoPXL\backend-java\Contentbeheer_backend\config-service\target\classes started by 12000904 in C:\Users\12000904\Documents\semester 1\Java Fullstack\project-DiegoRussottoPXL\backend-java\Contentbeheer_backend)
2024-11-30T23:42:04.528+0100 DEBUG              [main]                         be.pxl.services.ConfigServiceApplication - Running with Spring Boot v3.3.4, Spring v6.1.13
2024-11-30T23:42:04.529+0100 INFO               [main]                         be.pxl.services.ConfigServiceApplication - The following 1 profile is active: "native"
2024-11-30T23:42:06.804+0100 INFO               [main]                         be.pxl.services.ConfigServiceApplication - Started ConfigServiceApplication in 3.278 seconds (process running for 4.075)
2024-11-30T23:42:18.837+0100 INFO               [main]                         be.pxl.services.GatewayServiceApplication - Starting GatewayServiceApplication using Java 17.0.10 with PID 14408 (C:\Users\12000904\Documents\semester 1\Java Fullstack\project-DiegoRussottoPXL\backend-java\Contentbeheer_backend\gateway-service\target\classes started by 12000904 in C:\Users\12000904\Documents\semester 1\Java Fullstack\project-DiegoRussottoPXL\backend-java\Contentbeheer_backend)
2024-11-30T23:42:18.838+0100 DEBUG              [main]                         be.pxl.services.GatewayServiceApplication - Running with Spring Boot v3.3.4, Spring v6.1.13
2024-11-30T23:42:18.839+0100 INFO               [main]                         be.pxl.services.GatewayServiceApplication - No active profile set, falling back to 1 default profile: "default"
2024-11-30T23:42:21.650+0100 INFO               [main]                         be.pxl.services.GatewayServiceApplication - Started GatewayServiceApplication in 4.593 seconds (process running for 5.403)
2024-11-30T23:42:26.645+0100 INFO               [main]                         be.pxl.services.DiscoveryServiceApplication - Starting DiscoveryServiceApplication using Java 17.0.10 with PID 24440 (C:\Users\12000904\Documents\semester 1\Java Fullstack\project-DiegoRussottoPXL\backend-java\Contentbeheer_backend\discovery-service\target\classes started by 12000904 in C:\Users\12000904\Documents\semester 1\Java Fullstack\project-DiegoRussottoPXL\backend-java\Contentbeheer_backend)
2024-11-30T23:42:26.647+0100 DEBUG              [main]                         be.pxl.services.DiscoveryServiceApplication - Running with Spring Boot v3.3.4, Spring v6.1.13
2024-11-30T23:42:26.647+0100 INFO               [main]                         be.pxl.services.DiscoveryServiceApplication - No active profile set, falling back to 1 default profile: "default"
2024-11-30T23:42:31.957+0100 INFO               [main]                         be.pxl.services.DiscoveryServiceApplication - Started DiscoveryServiceApplication in 6.834 seconds (process running for 7.719)
2024-11-30T23:42:34.206+0100 INFO               [main]                         be.pxl.services.PostServiceApplication - Starting PostServiceApplication using Java 17.0.10 with PID 24904 (C:\Users\12000904\Documents\semester 1\Java Fullstack\project-DiegoRussottoPXL\backend-java\Contentbeheer_backend\post-service\target\classes started by 12000904 in C:\Users\12000904\Documents\semester 1\Java Fullstack\project-DiegoRussottoPXL\backend-java\Contentbeheer_backend)
2024-11-30T23:42:34.210+0100 DEBUG              [main]                         be.pxl.services.PostServiceApplication - Running with Spring Boot v3.3.4, Spring v6.1.13
2024-11-30T23:42:34.212+0100 INFO               [main]                         be.pxl.services.PostServiceApplication - No active profile set, falling back to 1 default profile: "default"
2024-11-30T23:42:41.072+0100 INFO               [main]                         be.pxl.services.PostServiceApplication - Started PostServiceApplication in 8.689 seconds (process running for 9.939)
2024-11-30T23:51:59.904+0100 INFO               [main]                         be.pxl.services.ConfigServiceApplication - Starting ConfigServiceApplication using Java 17.0.10 with PID 7764 (C:\Users\12000904\Documents\semester 1\Java Fullstack\project-DiegoRussottoPXL\backend-java\Contentbeheer_backend\config-service\target\classes started by 12000904 in C:\Users\12000904\Documents\semester 1\Java Fullstack\project-DiegoRussottoPXL\backend-java\Contentbeheer_backend)
2024-11-30T23:51:59.906+0100 DEBUG              [main]                         be.pxl.services.ConfigServiceApplication - Running with Spring Boot v3.3.4, Spring v6.1.13
2024-11-30T23:51:59.907+0100 INFO               [main]                         be.pxl.services.ConfigServiceApplication - The following 1 profile is active: "native"
2024-11-30T23:52:02.273+0100 INFO               [main]                         be.pxl.services.ConfigServiceApplication - Started ConfigServiceApplication in 3.421 seconds (process running for 4.204)
2024-11-30T23:52:07.569+0100 INFO               [main]                         be.pxl.services.GatewayServiceApplication - Starting GatewayServiceApplication using Java 17.0.10 with PID 18108 (C:\Users\12000904\Documents\semester 1\Java Fullstack\project-DiegoRussottoPXL\backend-java\Contentbeheer_backend\gateway-service\target\classes started by 12000904 in C:\Users\12000904\Documents\semester 1\Java Fullstack\project-DiegoRussottoPXL\backend-java\Contentbeheer_backend)
2024-11-30T23:52:07.574+0100 DEBUG              [main]                         be.pxl.services.GatewayServiceApplication - Running with Spring Boot v3.3.4, Spring v6.1.13
2024-11-30T23:52:07.577+0100 INFO               [main]                         be.pxl.services.GatewayServiceApplication - No active profile set, falling back to 1 default profile: "default"
2024-11-30T23:52:12.080+0100 INFO               [main]                         be.pxl.services.DiscoveryServiceApplication - Starting DiscoveryServiceApplication using Java 17.0.10 with PID 28880 (C:\Users\12000904\Documents\semester 1\Java Fullstack\project-DiegoRussottoPXL\backend-java\Contentbeheer_backend\discovery-service\target\classes started by 12000904 in C:\Users\12000904\Documents\semester 1\Java Fullstack\project-DiegoRussottoPXL\backend-java\Contentbeheer_backend)
2024-11-30T23:52:12.082+0100 DEBUG              [main]                         be.pxl.services.DiscoveryServiceApplication - Running with Spring Boot v3.3.4, Spring v6.1.13
2024-11-30T23:52:12.083+0100 INFO               [main]                         be.pxl.services.DiscoveryServiceApplication - No active profile set, falling back to 1 default profile: "default"
2024-11-30T23:52:12.289+0100 INFO               [main]                         be.pxl.services.GatewayServiceApplication - Started GatewayServiceApplication in 7.192 seconds (process running for 8.274)
2024-11-30T23:52:16.696+0100 INFO               [main]                         be.pxl.services.DiscoveryServiceApplication - Started DiscoveryServiceApplication in 6.505 seconds (process running for 7.539)
2024-11-30T23:53:01.541+0100 INFO               [main]                         be.pxl.services.DiscoveryServiceApplication - Starting DiscoveryServiceApplication using Java 17.0.10 with PID 26000 (C:\Users\12000904\Documents\semester 1\Java Fullstack\project-DiegoRussottoPXL\backend-java\Contentbeheer_backend\discovery-service\target\classes started by 12000904 in C:\Users\12000904\Documents\semester 1\Java Fullstack\project-DiegoRussottoPXL\backend-java\Contentbeheer_backend)
2024-11-30T23:53:01.542+0100 DEBUG              [main]                         be.pxl.services.DiscoveryServiceApplication - Running with Spring Boot v3.3.4, Spring v6.1.13
2024-11-30T23:53:01.542+0100 INFO               [main]                         be.pxl.services.DiscoveryServiceApplication - No active profile set, falling back to 1 default profile: "default"
2024-11-30T23:53:05.830+0100 INFO               [main]                         be.pxl.services.DiscoveryServiceApplication - Started DiscoveryServiceApplication in 5.731 seconds (process running for 6.522)
2024-11-30T23:53:16.523+0100 INFO               [main]                         be.pxl.services.PostServiceApplication - Starting PostServiceApplication using Java 17.0.10 with PID 11380 (C:\Users\12000904\Documents\semester 1\Java Fullstack\project-DiegoRussottoPXL\backend-java\Contentbeheer_backend\post-service\target\classes started by 12000904 in C:\Users\12000904\Documents\semester 1\Java Fullstack\project-DiegoRussottoPXL\backend-java\Contentbeheer_backend)
2024-11-30T23:53:16.524+0100 DEBUG              [main]                         be.pxl.services.PostServiceApplication - Running with Spring Boot v3.3.4, Spring v6.1.13
2024-11-30T23:53:16.525+0100 INFO               [main]                         be.pxl.services.PostServiceApplication - No active profile set, falling back to 1 default profile: "default"
2024-11-30T23:53:22.125+0100 INFO               [main]                         be.pxl.services.PostServiceApplication - Started PostServiceApplication in 7.093 seconds (process running for 7.943)
2024-11-30T23:57:56.340+0100 INFO               [http-nio-8091-exec-1]         be.pxl.services.controller.PostController - Fetching all posts
2024-11-30T23:59:54.269+0100 INFO               [main]                         be.pxl.services.ConfigServiceApplication - Starting ConfigServiceApplication using Java 17.0.10 with PID 2084 (C:\Users\12000904\Documents\semester 1\Java Fullstack\project-DiegoRussottoPXL\backend-java\Contentbeheer_backend\config-service\target\classes started by 12000904 in C:\Users\12000904\Documents\semester 1\Java Fullstack\project-DiegoRussottoPXL\backend-java\Contentbeheer_backend)
2024-11-30T23:59:54.272+0100 DEBUG              [main]                         be.pxl.services.ConfigServiceApplication - Running with Spring Boot v3.3.4, Spring v6.1.13
2024-11-30T23:59:54.274+0100 INFO               [main]                         be.pxl.services.ConfigServiceApplication - The following 1 profile is active: "native"
2024-11-30T23:59:57.153+0100 INFO               [main]                         be.pxl.services.ConfigServiceApplication - Started ConfigServiceApplication in 4.072 seconds (process running for 8.487)
2024-11-30T23:59:58.283+0100 INFO               [main]                         be.pxl.services.GatewayServiceApplication - Starting GatewayServiceApplication using Java 17.0.10 with PID 24052 (C:\Users\12000904\Documents\semester 1\Java Fullstack\project-DiegoRussottoPXL\backend-java\Contentbeheer_backend\gateway-service\target\classes started by 12000904 in C:\Users\12000904\Documents\semester 1\Java Fullstack\project-DiegoRussottoPXL\backend-java\Contentbeheer_backend)
2024-11-30T23:59:58.284+0100 DEBUG              [main]                         be.pxl.services.GatewayServiceApplication - Running with Spring Boot v3.3.4, Spring v6.1.13
2024-11-30T23:59:58.285+0100 INFO               [main]                         be.pxl.services.GatewayServiceApplication - No active profile set, falling back to 1 default profile: "default"
2024-12-01T00:00:01.785+0100 INFO               [main]                         be.pxl.services.GatewayServiceApplication - Started GatewayServiceApplication in 5.334 seconds (process running for 8.119)
2024-12-01T00:00:04.789+0100 INFO               [main]                         be.pxl.services.DiscoveryServiceApplication - Starting DiscoveryServiceApplication using Java 17.0.10 with PID 2644 (C:\Users\12000904\Documents\semester 1\Java Fullstack\project-DiegoRussottoPXL\backend-java\Contentbeheer_backend\discovery-service\target\classes started by 12000904 in C:\Users\12000904\Documents\semester 1\Java Fullstack\project-DiegoRussottoPXL\backend-java\Contentbeheer_backend)
2024-12-01T00:00:04.791+0100 DEBUG              [main]                         be.pxl.services.DiscoveryServiceApplication - Running with Spring Boot v3.3.4, Spring v6.1.13
2024-12-01T00:00:04.791+0100 INFO               [main]                         be.pxl.services.DiscoveryServiceApplication - No active profile set, falling back to 1 default profile: "default"
2024-12-01T00:00:08.807+0100 INFO               [main]                         be.pxl.services.DiscoveryServiceApplication - Started DiscoveryServiceApplication in 5.4 seconds (process running for 10.925)
2024-12-01T00:00:16.753+0100 INFO               [main]                         be.pxl.services.PostServiceApplication - Starting PostServiceApplication using Java 17.0.10 with PID 11996 (C:\Users\12000904\Documents\semester 1\Java Fullstack\project-DiegoRussottoPXL\backend-java\Contentbeheer_backend\post-service\target\classes started by 12000904 in C:\Users\12000904\Documents\semester 1\Java Fullstack\project-DiegoRussottoPXL\backend-java\Contentbeheer_backend)
2024-12-01T00:00:16.754+0100 DEBUG              [main]                         be.pxl.services.PostServiceApplication - Running with Spring Boot v3.3.4, Spring v6.1.13
2024-12-01T00:00:16.755+0100 INFO               [main]                         be.pxl.services.PostServiceApplication - No active profile set, falling back to 1 default profile: "default"
2024-12-01T00:00:22.405+0100 INFO               [main]                         be.pxl.services.PostServiceApplication - Started PostServiceApplication in 7.025 seconds (process running for 9.41)
2024-12-01T00:00:32.514+0100 INFO               [main]                         be.pxl.services.NotificationServiceApplication - Starting NotificationServiceApplication using Java 17.0.10 with PID 15564 (C:\Users\12000904\Documents\semester 1\Java Fullstack\project-DiegoRussottoPXL\backend-java\Contentbeheer_backend\notification-service\target\classes started by 12000904 in C:\Users\12000904\Documents\semester 1\Java Fullstack\project-DiegoRussottoPXL\backend-java\Contentbeheer_backend)
2024-12-01T00:00:32.516+0100 DEBUG              [main]                         be.pxl.services.NotificationServiceApplication - Running with Spring Boot v3.3.4, Spring v6.1.13
2024-12-01T00:00:32.518+0100 INFO               [main]                         be.pxl.services.NotificationServiceApplication - No active profile set, falling back to 1 default profile: "default"
2024-12-01T00:00:36.112+0100 INFO               [main]                         be.pxl.services.NotificationServiceApplication - Started NotificationServiceApplication in 4.635 seconds (process running for 5.561)
2024-12-01T00:03:24.300+0100 INFO               [main]                         be.pxl.services.ConfigServiceApplication - Starting ConfigServiceApplication using Java 17.0.10 with PID 9144 (C:\Users\12000904\Documents\semester 1\Java Fullstack\project-DiegoRussottoPXL\backend-java\Contentbeheer_backend\config-service\target\classes started by 12000904 in C:\Users\12000904\Documents\semester 1\Java Fullstack\project-DiegoRussottoPXL\backend-java\Contentbeheer_backend)
2024-12-01T00:03:24.302+0100 DEBUG              [main]                         be.pxl.services.ConfigServiceApplication - Running with Spring Boot v3.3.4, Spring v6.1.13
2024-12-01T00:03:24.304+0100 INFO               [main]                         be.pxl.services.ConfigServiceApplication - The following 1 profile is active: "native"
2024-12-01T00:03:26.560+0100 INFO               [main]                         be.pxl.services.ConfigServiceApplication - Started ConfigServiceApplication in 3.312 seconds (process running for 4.041)
2024-12-01T00:03:38.869+0100 INFO               [main]                         be.pxl.services.GatewayServiceApplication - Starting GatewayServiceApplication using Java 17.0.10 with PID 27100 (C:\Users\12000904\Documents\semester 1\Java Fullstack\project-DiegoRussottoPXL\backend-java\Contentbeheer_backend\gateway-service\target\classes started by 12000904 in C:\Users\12000904\Documents\semester 1\Java Fullstack\project-DiegoRussottoPXL\backend-java\Contentbeheer_backend)
2024-12-01T00:03:38.870+0100 DEBUG              [main]                         be.pxl.services.GatewayServiceApplication - Running with Spring Boot v3.3.4, Spring v6.1.13
2024-12-01T00:03:38.870+0100 INFO               [main]                         be.pxl.services.GatewayServiceApplication - No active profile set, falling back to 1 default profile: "default"
2024-12-01T00:03:42.633+0100 INFO               [main]                         be.pxl.services.GatewayServiceApplication - Started GatewayServiceApplication in 6.142 seconds (process running for 6.958)
2024-12-01T00:03:45.252+0100 INFO               [main]                         be.pxl.services.DiscoveryServiceApplication - Starting DiscoveryServiceApplication using Java 17.0.10 with PID 9480 (C:\Users\12000904\Documents\semester 1\Java Fullstack\project-DiegoRussottoPXL\backend-java\Contentbeheer_backend\discovery-service\target\classes started by 12000904 in C:\Users\12000904\Documents\semester 1\Java Fullstack\project-DiegoRussottoPXL\backend-java\Contentbeheer_backend)
2024-12-01T00:03:45.254+0100 DEBUG              [main]                         be.pxl.services.DiscoveryServiceApplication - Running with Spring Boot v3.3.4, Spring v6.1.13
2024-12-01T00:03:45.254+0100 INFO               [main]                         be.pxl.services.DiscoveryServiceApplication - No active profile set, falling back to 1 default profile: "default"
2024-12-01T00:03:49.727+0100 INFO               [main]                         be.pxl.services.DiscoveryServiceApplication - Started DiscoveryServiceApplication in 6.306 seconds (process running for 7.21)
2024-12-01T00:03:54.063+0100 INFO               [main]                         be.pxl.services.PostServiceApplication - Starting PostServiceApplication using Java 17.0.10 with PID 28152 (C:\Users\12000904\Documents\semester 1\Java Fullstack\project-DiegoRussottoPXL\backend-java\Contentbeheer_backend\post-service\target\classes started by 12000904 in C:\Users\12000904\Documents\semester 1\Java Fullstack\project-DiegoRussottoPXL\backend-java\Contentbeheer_backend)
2024-12-01T00:03:54.065+0100 DEBUG              [main]                         be.pxl.services.PostServiceApplication - Running with Spring Boot v3.3.4, Spring v6.1.13
2024-12-01T00:03:54.066+0100 INFO               [main]                         be.pxl.services.PostServiceApplication - No active profile set, falling back to 1 default profile: "default"
2024-12-01T00:04:00.145+0100 INFO               [main]                         be.pxl.services.PostServiceApplication - Started PostServiceApplication in 7.552 seconds (process running for 8.389)
2024-12-01T00:14:35.080+0100 INFO               [main]                         be.pxl.services.ConfigServiceApplication - Starting ConfigServiceApplication using Java 17.0.10 with PID 17204 (C:\Users\12000904\Documents\semester 1\Java Fullstack\project-DiegoRussottoPXL\backend-java\Contentbeheer_backend\config-service\target\classes started by 12000904 in C:\Users\12000904\Documents\semester 1\Java Fullstack\project-DiegoRussottoPXL\backend-java\Contentbeheer_backend)
2024-12-01T00:14:35.083+0100 DEBUG              [main]                         be.pxl.services.ConfigServiceApplication - Running with Spring Boot v3.3.4, Spring v6.1.13
2024-12-01T00:14:35.084+0100 INFO               [main]                         be.pxl.services.ConfigServiceApplication - The following 1 profile is active: "native"
2024-12-01T00:14:37.299+0100 INFO               [main]                         be.pxl.services.ConfigServiceApplication - Started ConfigServiceApplication in 3.252 seconds (process running for 3.94)
2024-12-01T00:14:42.974+0100 INFO               [main]                         be.pxl.services.GatewayServiceApplication - Starting GatewayServiceApplication using Java 17.0.10 with PID 16928 (C:\Users\12000904\Documents\semester 1\Java Fullstack\project-DiegoRussottoPXL\backend-java\Contentbeheer_backend\gateway-service\target\classes started by 12000904 in C:\Users\12000904\Documents\semester 1\Java Fullstack\project-DiegoRussottoPXL\backend-java\Contentbeheer_backend)
2024-12-01T00:14:42.975+0100 DEBUG              [main]                         be.pxl.services.GatewayServiceApplication - Running with Spring Boot v3.3.4, Spring v6.1.13
2024-12-01T00:14:42.975+0100 INFO               [main]                         be.pxl.services.GatewayServiceApplication - No active profile set, falling back to 1 default profile: "default"
2024-12-01T00:14:46.688+0100 INFO               [main]                         be.pxl.services.GatewayServiceApplication - Started GatewayServiceApplication in 5.54 seconds (process running for 6.396)
2024-12-01T00:14:52.087+0100 INFO               [main]                         be.pxl.services.DiscoveryServiceApplication - Starting DiscoveryServiceApplication using Java 17.0.10 with PID 19524 (C:\Users\12000904\Documents\semester 1\Java Fullstack\project-DiegoRussottoPXL\backend-java\Contentbeheer_backend\discovery-service\target\classes started by 12000904 in C:\Users\12000904\Documents\semester 1\Java Fullstack\project-DiegoRussottoPXL\backend-java\Contentbeheer_backend)
2024-12-01T00:14:52.088+0100 DEBUG              [main]                         be.pxl.services.DiscoveryServiceApplication - Running with Spring Boot v3.3.4, Spring v6.1.13
2024-12-01T00:14:52.089+0100 INFO               [main]                         be.pxl.services.DiscoveryServiceApplication - No active profile set, falling back to 1 default profile: "default"
2024-12-01T00:14:56.382+0100 INFO               [main]                         be.pxl.services.DiscoveryServiceApplication - Started DiscoveryServiceApplication in 6.177 seconds (process running for 7.257)
2024-12-01T00:15:10.643+0100 INFO               [main]                         be.pxl.services.PostServiceApplication - Starting PostServiceApplication using Java 17.0.10 with PID 28400 (C:\Users\12000904\Documents\semester 1\Java Fullstack\project-DiegoRussottoPXL\backend-java\Contentbeheer_backend\post-service\target\classes started by 12000904 in C:\Users\12000904\Documents\semester 1\Java Fullstack\project-DiegoRussottoPXL\backend-java\Contentbeheer_backend)
2024-12-01T00:15:10.644+0100 DEBUG              [main]                         be.pxl.services.PostServiceApplication - Running with Spring Boot v3.3.4, Spring v6.1.13
2024-12-01T00:15:10.645+0100 INFO               [main]                         be.pxl.services.PostServiceApplication - No active profile set, falling back to 1 default profile: "default"
2024-12-01T00:15:16.239+0100 INFO               [main]                         be.pxl.services.PostServiceApplication - Started PostServiceApplication in 7.073 seconds (process running for 7.829)
2024-12-01T00:17:57.349+0100 INFO               [main]                         be.pxl.services.ConfigServiceApplication - Starting ConfigServiceApplication using Java 17.0.10 with PID 26320 (C:\Users\12000904\Documents\semester 1\Java Fullstack\project-DiegoRussottoPXL\backend-java\Contentbeheer_backend\config-service\target\classes started by 12000904 in C:\Users\12000904\Documents\semester 1\Java Fullstack\project-DiegoRussottoPXL\backend-java\Contentbeheer_backend)
2024-12-01T00:17:57.351+0100 DEBUG              [main]                         be.pxl.services.ConfigServiceApplication - Running with Spring Boot v3.3.4, Spring v6.1.13
2024-12-01T00:17:57.351+0100 INFO               [main]                         be.pxl.services.ConfigServiceApplication - The following 1 profile is active: "native"
2024-12-01T00:17:59.680+0100 INFO               [main]                         be.pxl.services.ConfigServiceApplication - Started ConfigServiceApplication in 3.339 seconds (process running for 4.091)
2024-12-01T00:18:05.375+0100 INFO               [main]                         be.pxl.services.GatewayServiceApplication - Starting GatewayServiceApplication using Java 17.0.10 with PID 14144 (C:\Users\12000904\Documents\semester 1\Java Fullstack\project-DiegoRussottoPXL\backend-java\Contentbeheer_backend\gateway-service\target\classes started by 12000904 in C:\Users\12000904\Documents\semester 1\Java Fullstack\project-DiegoRussottoPXL\backend-java\Contentbeheer_backend)
2024-12-01T00:18:05.376+0100 DEBUG              [main]                         be.pxl.services.GatewayServiceApplication - Running with Spring Boot v3.3.4, Spring v6.1.13
2024-12-01T00:18:05.381+0100 INFO               [main]                         be.pxl.services.GatewayServiceApplication - No active profile set, falling back to 1 default profile: "default"
2024-12-01T00:18:11.470+0100 INFO               [main]                         be.pxl.services.GatewayServiceApplication - Started GatewayServiceApplication in 9.38 seconds (process running for 10.525)
2024-12-01T00:18:13.402+0100 INFO               [main]                         be.pxl.services.DiscoveryServiceApplication - Starting DiscoveryServiceApplication using Java 17.0.10 with PID 17620 (C:\Users\12000904\Documents\semester 1\Java Fullstack\project-DiegoRussottoPXL\backend-java\Contentbeheer_backend\discovery-service\target\classes started by 12000904 in C:\Users\12000904\Documents\semester 1\Java Fullstack\project-DiegoRussottoPXL\backend-java\Contentbeheer_backend)
2024-12-01T00:18:13.406+0100 DEBUG              [main]                         be.pxl.services.DiscoveryServiceApplication - Running with Spring Boot v3.3.4, Spring v6.1.13
2024-12-01T00:18:13.408+0100 INFO               [main]                         be.pxl.services.DiscoveryServiceApplication - No active profile set, falling back to 1 default profile: "default"
2024-12-01T00:18:23.203+0100 INFO               [main]                         be.pxl.services.DiscoveryServiceApplication - Started DiscoveryServiceApplication in 12.357 seconds (process running for 13.852)
2024-12-01T00:18:28.295+0100 INFO               [main]                         be.pxl.services.PostServiceApplication - Starting PostServiceApplication using Java 17.0.10 with PID 12332 (C:\Users\12000904\Documents\semester 1\Java Fullstack\project-DiegoRussottoPXL\backend-java\Contentbeheer_backend\post-service\target\classes started by 12000904 in C:\Users\12000904\Documents\semester 1\Java Fullstack\project-DiegoRussottoPXL\backend-java\Contentbeheer_backend)
2024-12-01T00:18:28.301+0100 DEBUG              [main]                         be.pxl.services.PostServiceApplication - Running with Spring Boot v3.3.4, Spring v6.1.13
2024-12-01T00:18:28.303+0100 INFO               [main]                         be.pxl.services.PostServiceApplication - No active profile set, falling back to 1 default profile: "default"
2024-12-01T00:18:38.882+0100 INFO               [main]                         be.pxl.services.PostServiceApplication - Started PostServiceApplication in 13.492 seconds (process running for 14.874)
