2024-12-27T19:53:15.267+0100 INFO               [main]                         be.pxl.services.ConfigServiceApplication - Starting ConfigServiceApplication using Java 17.0.13 with PID 14352 (C:\Users\12000904\Documents\semester 1\Java Fullstack\project-DiegoRussottoPXL\backend-java\Contentbeheer_backend\config-service\target\classes started by 12000904 in C:\Users\12000904\Documents\semester 1\Java Fullstack\project-DiegoRussottoPXL\backend-java\Contentbeheer_backend)
2024-12-27T19:53:15.273+0100 DEBUG              [main]                         be.pxl.services.ConfigServiceApplication - Running with Spring Boot v3.3.4, Spring v6.1.13
2024-12-27T19:53:15.274+0100 INFO               [main]                         be.pxl.services.ConfigServiceApplication - The following 1 profile is active: "native"
2024-12-27T19:53:17.971+0100 INFO               [main]                         be.pxl.services.ConfigServiceApplication - Started ConfigServiceApplication in 3.659 seconds (process running for 7.965)
2024-12-27T19:53:27.725+0100 INFO               [main]                         be.pxl.services.DiscoveryServiceApplication - Starting DiscoveryServiceApplication using Java 17.0.13 with PID 16376 (C:\Users\12000904\Documents\semester 1\Java Fullstack\project-DiegoRussottoPXL\backend-java\Contentbeheer_backend\discovery-service\target\classes started by 12000904 in C:\Users\12000904\Documents\semester 1\Java Fullstack\project-DiegoRussottoPXL\backend-java\Contentbeheer_backend)
2024-12-27T19:53:27.727+0100 DEBUG              [main]                         be.pxl.services.DiscoveryServiceApplication - Running with Spring Boot v3.3.4, Spring v6.1.13
2024-12-27T19:53:27.728+0100 INFO               [main]                         be.pxl.services.DiscoveryServiceApplication - No active profile set, falling back to 1 default profile: "default"
2024-12-27T19:53:32.479+0100 INFO               [main]                         be.pxl.services.DiscoveryServiceApplication - Started DiscoveryServiceApplication in 6.275 seconds (process running for 12.157)
2024-12-27T19:54:03.787+0100 INFO               [main]                         be.pxl.services.GatewayServiceApplication - Starting GatewayServiceApplication using Java 17.0.13 with PID 18208 (C:\Users\12000904\Documents\semester 1\Java Fullstack\project-DiegoRussottoPXL\backend-java\Contentbeheer_backend\gateway-service\target\classes started by 12000904 in C:\Users\12000904\Documents\semester 1\Java Fullstack\project-DiegoRussottoPXL\backend-java\Contentbeheer_backend)
2024-12-27T19:54:03.790+0100 DEBUG              [main]                         be.pxl.services.GatewayServiceApplication - Running with Spring Boot v3.3.4, Spring v6.1.13
2024-12-27T19:54:03.791+0100 INFO               [main]                         be.pxl.services.GatewayServiceApplication - No active profile set, falling back to 1 default profile: "default"
2024-12-27T19:54:08.471+0100 INFO               [main]                         be.pxl.services.GatewayServiceApplication - Started GatewayServiceApplication in 5.964 seconds (process running for 8.007)
2024-12-27T19:54:11.511+0100 INFO               [main]                         be.pxl.services.PostServiceApplication - Starting PostServiceApplication using Java 17.0.13 with PID 3140 (C:\Users\12000904\Documents\semester 1\Java Fullstack\project-DiegoRussottoPXL\backend-java\Contentbeheer_backend\post-service\target\classes started by 12000904 in C:\Users\12000904\Documents\semester 1\Java Fullstack\project-DiegoRussottoPXL\backend-java\Contentbeheer_backend)
2024-12-27T19:54:11.512+0100 DEBUG              [main]                         be.pxl.services.PostServiceApplication - Running with Spring Boot v3.3.4, Spring v6.1.13
2024-12-27T19:54:11.513+0100 INFO               [main]                         be.pxl.services.PostServiceApplication - No active profile set, falling back to 1 default profile: "default"
2024-12-27T19:54:16.772+0100 INFO               [main]                         be.pxl.services.CommentServiceApplication - Starting CommentServiceApplication using Java 17.0.13 with PID 6016 (C:\Users\12000904\Documents\semester 1\Java Fullstack\project-DiegoRussottoPXL\backend-java\Contentbeheer_backend\comment-service\target\classes started by 12000904 in C:\Users\12000904\Documents\semester 1\Java Fullstack\project-DiegoRussottoPXL\backend-java\Contentbeheer_backend)
2024-12-27T19:54:16.774+0100 DEBUG              [main]                         be.pxl.services.CommentServiceApplication - Running with Spring Boot v3.3.4, Spring v6.1.13
2024-12-27T19:54:16.775+0100 INFO               [main]                         be.pxl.services.CommentServiceApplication - No active profile set, falling back to 1 default profile: "default"
2024-12-27T19:54:27.926+0100 INFO               [main]                         be.pxl.services.ReviewServiceApplication - Starting ReviewServiceApplication using Java 17.0.13 with PID 15332 (C:\Users\12000904\Documents\semester 1\Java Fullstack\project-DiegoRussottoPXL\backend-java\Contentbeheer_backend\review-service\target\classes started by 12000904 in C:\Users\12000904\Documents\semester 1\Java Fullstack\project-DiegoRussottoPXL\backend-java\Contentbeheer_backend)
2024-12-27T19:54:27.927+0100 DEBUG              [main]                         be.pxl.services.ReviewServiceApplication - Running with Spring Boot v3.3.4, Spring v6.1.13
2024-12-27T19:54:27.928+0100 INFO               [main]                         be.pxl.services.ReviewServiceApplication - No active profile set, falling back to 1 default profile: "default"
2024-12-27T19:59:43.935+0100 INFO               [main]                         be.pxl.services.PostServiceApplication - Starting PostServiceApplication using Java 17.0.13 with PID 18612 (C:\Users\12000904\Documents\semester 1\Java Fullstack\project-DiegoRussottoPXL\backend-java\Contentbeheer_backend\post-service\target\classes started by 12000904 in C:\Users\12000904\Documents\semester 1\Java Fullstack\project-DiegoRussottoPXL\backend-java\Contentbeheer_backend)
2024-12-27T19:59:43.937+0100 DEBUG              [main]                         be.pxl.services.PostServiceApplication - Running with Spring Boot v3.3.4, Spring v6.1.13
2024-12-27T19:59:43.939+0100 INFO               [main]                         be.pxl.services.PostServiceApplication - No active profile set, falling back to 1 default profile: "default"
2024-12-27T19:59:45.655+0100 INFO               [main]                         be.pxl.services.CommentServiceApplication - Starting CommentServiceApplication using Java 17.0.13 with PID 20732 (C:\Users\12000904\Documents\semester 1\Java Fullstack\project-DiegoRussottoPXL\backend-java\Contentbeheer_backend\comment-service\target\classes started by 12000904 in C:\Users\12000904\Documents\semester 1\Java Fullstack\project-DiegoRussottoPXL\backend-java\Contentbeheer_backend)
2024-12-27T19:59:45.658+0100 DEBUG              [main]                         be.pxl.services.CommentServiceApplication - Running with Spring Boot v3.3.4, Spring v6.1.13
2024-12-27T19:59:45.670+0100 INFO               [main]                         be.pxl.services.CommentServiceApplication - No active profile set, falling back to 1 default profile: "default"
2024-12-27T19:59:52.106+0100 INFO               [main]                         be.pxl.services.PostServiceApplication - Started PostServiceApplication in 10.028 seconds (process running for 19.23)
2024-12-27T19:59:52.188+0100 INFO               [main]                         be.pxl.services.CommentServiceApplication - Started CommentServiceApplication in 8.479 seconds (process running for 9.449)
2024-12-27T20:00:00.647+0100 INFO               [main]                         be.pxl.services.ReviewServiceApplication - Starting ReviewServiceApplication using Java 17.0.13 with PID 5888 (C:\Users\12000904\Documents\semester 1\Java Fullstack\project-DiegoRussottoPXL\backend-java\Contentbeheer_backend\review-service\target\classes started by 12000904 in C:\Users\12000904\Documents\semester 1\Java Fullstack\project-DiegoRussottoPXL\backend-java\Contentbeheer_backend)
2024-12-27T20:00:00.649+0100 DEBUG              [main]                         be.pxl.services.ReviewServiceApplication - Running with Spring Boot v3.3.4, Spring v6.1.13
2024-12-27T20:00:00.650+0100 INFO               [main]                         be.pxl.services.ReviewServiceApplication - No active profile set, falling back to 1 default profile: "default"
2024-12-27T20:00:08.893+0100 INFO               [main]                         be.pxl.services.ReviewServiceApplication - Started ReviewServiceApplication in 9.9 seconds (process running for 10.956)
2024-12-27T20:00:40.276+0100 INFO               [http-nio-8091-exec-1]         be.pxl.services.controller.PostController - Fetching posts with filters: author = null, content = null, date = null
2024-12-27T20:00:40.821+0100 INFO               [http-nio-8091-exec-2]         be.pxl.services.controller.PostController - Fetching posts with filters: author = null, content = null, date = null
2024-12-27T20:00:52.360+0100 INFO               [http-nio-8091-exec-4]         be.pxl.services.controller.PostController - Fetching posts with filters: author = null, content = null, date = null
2024-12-27T20:00:52.413+0100 INFO               [http-nio-8091-exec-5]         be.pxl.services.controller.PostController - Fetching posts with filters: author = null, content = null, date = null
2024-12-27T20:01:11.652+0100 INFO               [http-nio-8091-exec-7]         be.pxl.services.controller.PostController - Fetching posts with filters: author = null, content = null, date = null
2024-12-27T20:01:11.721+0100 INFO               [http-nio-8091-exec-8]         be.pxl.services.controller.PostController - Fetching posts with filters: author = null, content = null, date = null
2024-12-27T20:03:33.481+0100 INFO               [http-nio-8091-exec-3]         be.pxl.services.controller.PostController - Fetching posts with filters: author = null, content = null, date = null
2024-12-27T20:03:33.511+0100 INFO               [http-nio-8091-exec-4]         be.pxl.services.controller.PostController - Fetching posts with filters: author = null, content = null, date = null
2024-12-27T20:03:42.016+0100 INFO               [http-nio-8091-exec-5]         be.pxl.services.controller.PostController - Fetching posts with filters: author = null, content = null, date = null
2024-12-27T20:03:42.055+0100 INFO               [http-nio-8091-exec-6]         be.pxl.services.controller.PostController - Fetching posts with filters: author = null, content = null, date = null
2024-12-27T20:03:43.090+0100 INFO               [http-nio-8091-exec-7]         be.pxl.services.controller.PostController - Fetching posts with filters: author = null, content = null, date = null
2024-12-27T20:03:43.120+0100 INFO               [http-nio-8091-exec-8]         be.pxl.services.controller.PostController - Fetching posts with filters: author = null, content = null, date = null
2024-12-27T20:04:19.129+0100 INFO               [http-nio-8091-exec-9]         be.pxl.services.controller.PostController - Fetching posts with filters: author = null, content = null, date = null
2024-12-27T20:04:19.255+0100 INFO               [http-nio-8091-exec-1]         be.pxl.services.controller.PostController - Fetching posts with filters: author = null, content = null, date = null
2024-12-27T20:04:20.403+0100 INFO               [http-nio-8091-exec-2]         be.pxl.services.controller.PostController - Fetching posts with filters: author = null, content = null, date = null
2024-12-27T20:04:20.437+0100 INFO               [http-nio-8091-exec-3]         be.pxl.services.controller.PostController - Fetching posts with filters: author = null, content = null, date = null
2024-12-27T20:07:16.605+0100 INFO               [http-nio-8091-exec-7]         be.pxl.services.controller.PostController - Fetching posts with filters: author = null, content = null, date = null
2024-12-27T20:07:16.644+0100 INFO               [http-nio-8091-exec-8]         be.pxl.services.controller.PostController - Fetching posts with filters: author = null, content = null, date = null
2024-12-27T20:07:22.961+0100 INFO               [http-nio-8091-exec-10]        be.pxl.services.controller.PostController - Fetching posts with filters: author = null, content = null, date = null
2024-12-27T20:07:22.990+0100 INFO               [http-nio-8091-exec-9]         be.pxl.services.controller.PostController - Fetching posts with filters: author = null, content = null, date = null
2024-12-27T20:07:26.123+0100 INFO               [http-nio-8091-exec-1]         be.pxl.services.controller.PostController - Fetching posts with filters: author = null, content = null, date = null
2024-12-27T20:07:26.150+0100 INFO               [http-nio-8091-exec-2]         be.pxl.services.controller.PostController - Fetching posts with filters: author = null, content = null, date = null
2024-12-27T20:07:37.555+0100 INFO               [http-nio-8091-exec-3]         be.pxl.services.controller.PostController - Fetching posts with filters: author = null, content = null, date = null
2024-12-27T20:07:37.600+0100 INFO               [http-nio-8091-exec-4]         be.pxl.services.controller.PostController - Fetching posts with filters: author = null, content = null, date = null
2024-12-27T20:07:39.248+0100 INFO               [http-nio-8091-exec-5]         be.pxl.services.controller.PostController - Fetching posts with filters: author = null, content = null, date = null
2024-12-27T20:07:39.276+0100 INFO               [http-nio-8091-exec-6]         be.pxl.services.controller.PostController - Fetching posts with filters: author = null, content = null, date = null
2024-12-27T20:07:43.014+0100 INFO               [http-nio-8091-exec-7]         be.pxl.services.controller.PostController - Fetching posts with filters: author = null, content = null, date = null
2024-12-27T20:07:43.040+0100 INFO               [http-nio-8091-exec-8]         be.pxl.services.controller.PostController - Fetching posts with filters: author = null, content = null, date = null
2024-12-27T20:07:46.135+0100 INFO               [http-nio-8091-exec-10]        be.pxl.services.controller.PostController - Fetching posts with filters: author = null, content = null, date = null
2024-12-27T20:07:46.159+0100 INFO               [http-nio-8091-exec-9]         be.pxl.services.controller.PostController - Fetching posts with filters: author = null, content = null, date = null
2024-12-27T20:08:03.827+0100 INFO               [http-nio-8091-exec-2]         be.pxl.services.controller.PostController - Fetching posts with filters: author = null, content = null, date = null
2024-12-27T20:08:03.862+0100 INFO               [http-nio-8091-exec-3]         be.pxl.services.controller.PostController - Fetching posts with filters: author = null, content = null, date = null
2024-12-27T20:09:59.998+0100 INFO               [http-nio-8091-exec-6]         be.pxl.services.controller.PostController - Fetching posts with filters: author = null, content = null, date = null
2024-12-27T20:10:00.059+0100 INFO               [http-nio-8091-exec-7]         be.pxl.services.controller.PostController - Fetching posts with filters: author = null, content = null, date = null
2024-12-28T12:14:18.035+0100 INFO               [main]                         be.pxl.services.ConfigServiceApplication - Starting ConfigServiceApplication using Java 17.0.13 with PID 27384 (C:\Users\12000904\Documents\semester 1\Java Fullstack\project-DiegoRussottoPXL\backend-java\Contentbeheer_backend\config-service\target\classes started by 12000904 in C:\Users\12000904\Documents\semester 1\Java Fullstack\project-DiegoRussottoPXL\backend-java\Contentbeheer_backend)
2024-12-28T12:14:18.039+0100 DEBUG              [main]                         be.pxl.services.ConfigServiceApplication - Running with Spring Boot v3.3.4, Spring v6.1.13
2024-12-28T12:14:18.041+0100 INFO               [main]                         be.pxl.services.ConfigServiceApplication - The following 1 profile is active: "native"
2024-12-28T12:14:23.763+0100 INFO               [main]                         be.pxl.services.ConfigServiceApplication - Started ConfigServiceApplication in 7.377 seconds (process running for 16.465)
2024-12-28T12:14:46.798+0100 INFO               [main]                         be.pxl.services.DiscoveryServiceApplication - Starting DiscoveryServiceApplication using Java 17.0.13 with PID 3884 (C:\Users\12000904\Documents\semester 1\Java Fullstack\project-DiegoRussottoPXL\backend-java\Contentbeheer_backend\discovery-service\target\classes started by 12000904 in C:\Users\12000904\Documents\semester 1\Java Fullstack\project-DiegoRussottoPXL\backend-java\Contentbeheer_backend)
2024-12-28T12:14:46.801+0100 DEBUG              [main]                         be.pxl.services.DiscoveryServiceApplication - Running with Spring Boot v3.3.4, Spring v6.1.13
2024-12-28T12:14:46.802+0100 INFO               [main]                         be.pxl.services.DiscoveryServiceApplication - No active profile set, falling back to 1 default profile: "default"
2024-12-28T12:15:00.315+0100 INFO               [main]                         be.pxl.services.DiscoveryServiceApplication - Started DiscoveryServiceApplication in 16.338 seconds (process running for 28.219)
2024-12-28T12:15:07.738+0100 INFO               [main]                         be.pxl.services.GatewayServiceApplication - Starting GatewayServiceApplication using Java 17.0.13 with PID 10112 (C:\Users\12000904\Documents\semester 1\Java Fullstack\project-DiegoRussottoPXL\backend-java\Contentbeheer_backend\gateway-service\target\classes started by 12000904 in C:\Users\12000904\Documents\semester 1\Java Fullstack\project-DiegoRussottoPXL\backend-java\Contentbeheer_backend)
2024-12-28T12:15:07.748+0100 DEBUG              [main]                         be.pxl.services.GatewayServiceApplication - Running with Spring Boot v3.3.4, Spring v6.1.13
2024-12-28T12:15:07.752+0100 INFO               [main]                         be.pxl.services.GatewayServiceApplication - No active profile set, falling back to 1 default profile: "default"
2024-12-28T12:15:21.075+0100 INFO               [main]                         be.pxl.services.GatewayServiceApplication - Started GatewayServiceApplication in 17.935 seconds (process running for 25.13)
2024-12-28T12:15:34.116+0100 INFO               [main]                         be.pxl.services.PostServiceApplication - Starting PostServiceApplication using Java 17.0.13 with PID 3852 (C:\Users\12000904\Documents\semester 1\Java Fullstack\project-DiegoRussottoPXL\backend-java\Contentbeheer_backend\post-service\target\classes started by 12000904 in C:\Users\12000904\Documents\semester 1\Java Fullstack\project-DiegoRussottoPXL\backend-java\Contentbeheer_backend)
2024-12-28T12:15:34.121+0100 DEBUG              [main]                         be.pxl.services.PostServiceApplication - Running with Spring Boot v3.3.4, Spring v6.1.13
2024-12-28T12:15:34.123+0100 INFO               [main]                         be.pxl.services.PostServiceApplication - No active profile set, falling back to 1 default profile: "default"
2024-12-28T12:15:47.001+0100 INFO               [main]                         be.pxl.services.PostServiceApplication - Started PostServiceApplication in 16.993 seconds (process running for 19.514)
2024-12-28T12:16:07.269+0100 INFO               [main]                         be.pxl.services.ReviewServiceApplication - Starting ReviewServiceApplication using Java 17.0.13 with PID 21968 (C:\Users\12000904\Documents\semester 1\Java Fullstack\project-DiegoRussottoPXL\backend-java\Contentbeheer_backend\review-service\target\classes started by 12000904 in C:\Users\12000904\Documents\semester 1\Java Fullstack\project-DiegoRussottoPXL\backend-java\Contentbeheer_backend)
2024-12-28T12:16:07.271+0100 DEBUG              [main]                         be.pxl.services.ReviewServiceApplication - Running with Spring Boot v3.3.4, Spring v6.1.13
2024-12-28T12:16:07.273+0100 INFO               [main]                         be.pxl.services.ReviewServiceApplication - No active profile set, falling back to 1 default profile: "default"
2024-12-28T12:16:19.697+0100 INFO               [main]                         be.pxl.services.ReviewServiceApplication - Started ReviewServiceApplication in 15.956 seconds (process running for 18.058)
2024-12-28T12:16:36.119+0100 INFO               [main]                         be.pxl.services.CommentServiceApplication - Starting CommentServiceApplication using Java 17.0.13 with PID 23932 (C:\Users\12000904\Documents\semester 1\Java Fullstack\project-DiegoRussottoPXL\backend-java\Contentbeheer_backend\comment-service\target\classes started by 12000904 in C:\Users\12000904\Documents\semester 1\Java Fullstack\project-DiegoRussottoPXL\backend-java\Contentbeheer_backend)
2024-12-28T12:16:36.123+0100 DEBUG              [main]                         be.pxl.services.CommentServiceApplication - Running with Spring Boot v3.3.4, Spring v6.1.13
2024-12-28T12:16:36.125+0100 INFO               [main]                         be.pxl.services.CommentServiceApplication - No active profile set, falling back to 1 default profile: "default"
2024-12-28T12:16:48.606+0100 INFO               [main]                         be.pxl.services.CommentServiceApplication - Started CommentServiceApplication in 17.292 seconds (process running for 19.185)
2024-12-28T12:18:19.843+0100 INFO               [http-nio-8091-exec-1]         be.pxl.services.controller.PostController - Creating new post with title: Hallo
2024-12-28T12:18:21.509+0100 INFO               [http-nio-8091-exec-2]         be.pxl.services.controller.PostController - Fetching posts with status DRAFT
2024-12-28T12:18:27.984+0100 INFO               [http-nio-8091-exec-3]         be.pxl.services.controller.PostController - Publishing post with ID: 152
2024-12-28T12:18:28.042+0100 INFO               [http-nio-8091-exec-4]         be.pxl.services.controller.PostController - Fetching posts with status DRAFT
2024-12-28T12:18:35.338+0100 INFO               [http-nio-8091-exec-6]         be.pxl.services.controller.PostController - Creating new post with title: Halloe
2024-12-28T12:18:37.490+0100 INFO               [http-nio-8091-exec-5]         be.pxl.services.controller.PostController - Fetching posts with status DRAFT
2024-12-28T12:19:13.183+0100 INFO               [http-nio-8091-exec-9]         be.pxl.services.controller.PostController - Fetching posts with filters: author = null, content = null, date = null
2024-12-28T12:19:13.233+0100 INFO               [http-nio-8091-exec-10]        be.pxl.services.controller.PostController - Fetching posts with filters: author = null, content = null, date = null
2024-12-28T12:19:19.502+0100 INFO               [http-nio-8091-exec-1]         be.pxl.services.controller.PostController - Fetching posts with status DRAFT
2024-12-28T12:21:26.548+0100 INFO               [main]                         be.pxl.services.ReviewServiceApplication - Starting ReviewServiceApplication using Java 17.0.13 with PID 17656 (C:\Users\12000904\Documents\semester 1\Java Fullstack\project-DiegoRussottoPXL\backend-java\Contentbeheer_backend\review-service\target\classes started by 12000904 in C:\Users\12000904\Documents\semester 1\Java Fullstack\project-DiegoRussottoPXL\backend-java\Contentbeheer_backend)
2024-12-28T12:21:26.552+0100 DEBUG              [main]                         be.pxl.services.ReviewServiceApplication - Running with Spring Boot v3.3.4, Spring v6.1.13
2024-12-28T12:21:26.554+0100 INFO               [main]                         be.pxl.services.ReviewServiceApplication - No active profile set, falling back to 1 default profile: "default"
2024-12-28T12:21:42.994+0100 INFO               [main]                         be.pxl.services.ReviewServiceApplication - Started ReviewServiceApplication in 21.422 seconds (process running for 26.737)
2024-12-28T12:22:32.011+0100 INFO               [http-nio-8091-exec-4]         be.pxl.services.controller.PostController - Fetching posts with status DRAFT
2024-12-28T12:24:47.337+0100 INFO               [main]                         be.pxl.services.ReviewServiceApplication - Starting ReviewServiceApplication using Java 17.0.13 with PID 20672 (C:\Users\12000904\Documents\semester 1\Java Fullstack\project-DiegoRussottoPXL\backend-java\Contentbeheer_backend\review-service\target\classes started by 12000904 in C:\Users\12000904\Documents\semester 1\Java Fullstack\project-DiegoRussottoPXL\backend-java\Contentbeheer_backend)
2024-12-28T12:24:47.341+0100 DEBUG              [main]                         be.pxl.services.ReviewServiceApplication - Running with Spring Boot v3.3.4, Spring v6.1.13
2024-12-28T12:24:47.343+0100 INFO               [main]                         be.pxl.services.ReviewServiceApplication - No active profile set, falling back to 1 default profile: "default"
2024-12-28T12:25:01.045+0100 INFO               [main]                         be.pxl.services.ReviewServiceApplication - Started ReviewServiceApplication in 18.562 seconds (process running for 21.747)
2024-12-28T12:25:42.720+0100 INFO               [http-nio-8091-exec-7]         be.pxl.services.controller.PostController - Fetching posts with filters: author = null, content = null, date = null
2024-12-28T12:25:42.770+0100 INFO               [http-nio-8091-exec-8]         be.pxl.services.controller.PostController - Fetching posts with filters: author = null, content = null, date = null
2024-12-28T12:25:51.189+0100 INFO               [http-nio-8091-exec-9]         be.pxl.services.controller.PostController - Fetching posts with status DRAFT
2024-12-28T12:25:57.208+0100 INFO               [http-nio-8091-exec-10]        be.pxl.services.controller.PostController - Fetching posts with status DRAFT
2024-12-28T12:26:14.710+0100 INFO               [http-nio-8091-exec-1]         be.pxl.services.controller.PostController - Fetching posts with status DRAFT
2024-12-28T12:30:17.946+0100 INFO               [main]                         be.pxl.services.ReviewServiceApplication - Starting ReviewServiceApplication using Java 17.0.13 with PID 27228 (C:\Users\12000904\Documents\semester 1\Java Fullstack\project-DiegoRussottoPXL\backend-java\Contentbeheer_backend\review-service\target\classes started by 12000904 in C:\Users\12000904\Documents\semester 1\Java Fullstack\project-DiegoRussottoPXL\backend-java\Contentbeheer_backend)
2024-12-28T12:30:17.951+0100 DEBUG              [main]                         be.pxl.services.ReviewServiceApplication - Running with Spring Boot v3.3.4, Spring v6.1.13
2024-12-28T12:30:17.953+0100 INFO               [main]                         be.pxl.services.ReviewServiceApplication - No active profile set, falling back to 1 default profile: "default"
2024-12-28T12:30:30.496+0100 INFO               [main]                         be.pxl.services.ReviewServiceApplication - Started ReviewServiceApplication in 16.687 seconds (process running for 19.78)
2024-12-28T12:31:00.108+0100 INFO               [http-nio-8091-exec-4]         be.pxl.services.controller.PostController - Fetching posts with filters: author = null, content = null, date = null
2024-12-28T12:31:00.152+0100 INFO               [http-nio-8091-exec-6]         be.pxl.services.controller.PostController - Fetching posts with filters: author = null, content = null, date = null
2024-12-28T12:31:55.467+0100 INFO               [http-nio-8091-exec-5]         be.pxl.services.controller.PostController - Fetching posts with status DRAFT
2024-12-28T12:32:05.020+0100 INFO               [http-nio-8091-exec-8]         be.pxl.services.controller.PostController - Fetching posts with status DRAFT
2024-12-28T12:33:03.043+0100 INFO               [main]                         be.pxl.services.PostServiceApplication - Starting PostServiceApplication using Java 17.0.13 with PID 20368 (C:\Users\12000904\Documents\semester 1\Java Fullstack\project-DiegoRussottoPXL\backend-java\Contentbeheer_backend\post-service\target\classes started by 12000904 in C:\Users\12000904\Documents\semester 1\Java Fullstack\project-DiegoRussottoPXL\backend-java\Contentbeheer_backend)
2024-12-28T12:33:03.049+0100 DEBUG              [main]                         be.pxl.services.PostServiceApplication - Running with Spring Boot v3.3.4, Spring v6.1.13
2024-12-28T12:33:03.052+0100 INFO               [main]                         be.pxl.services.PostServiceApplication - No active profile set, falling back to 1 default profile: "default"
2024-12-28T12:33:15.657+0100 INFO               [main]                         be.pxl.services.PostServiceApplication - Started PostServiceApplication in 17.057 seconds (process running for 20.224)
2024-12-28T12:34:01.119+0100 INFO               [http-nio-8091-exec-1]         be.pxl.services.controller.PostController - Fetching posts with status DRAFT
2024-12-28T12:34:10.344+0100 INFO               [http-nio-8091-exec-2]         be.pxl.services.controller.PostController - Rejecting post with id153
2024-12-28T12:34:10.580+0100 INFO               [http-nio-8091-exec-3]         be.pxl.services.controller.PostController - Fetching posts with status DRAFT
2024-12-28T12:34:14.407+0100 INFO               [http-nio-8091-exec-5]         be.pxl.services.controller.PostController - Fetching posts with status DRAFT
2024-12-28T12:43:52.423+0100 INFO               [main]                         be.pxl.services.ReviewServiceApplication - Starting ReviewServiceApplication using Java 17.0.13 with PID 5532 (C:\Users\12000904\Documents\semester 1\Java Fullstack\project-DiegoRussottoPXL\backend-java\Contentbeheer_backend\review-service\target\classes started by 12000904 in C:\Users\12000904\Documents\semester 1\Java Fullstack\project-DiegoRussottoPXL\backend-java\Contentbeheer_backend)
2024-12-28T12:43:52.427+0100 DEBUG              [main]                         be.pxl.services.ReviewServiceApplication - Running with Spring Boot v3.3.4, Spring v6.1.13
2024-12-28T12:43:52.429+0100 INFO               [main]                         be.pxl.services.ReviewServiceApplication - No active profile set, falling back to 1 default profile: "default"
2024-12-28T12:43:55.064+0100 INFO               [main]                         be.pxl.services.PostServiceApplication - Starting PostServiceApplication using Java 17.0.13 with PID 18444 (C:\Users\12000904\Documents\semester 1\Java Fullstack\project-DiegoRussottoPXL\backend-java\Contentbeheer_backend\post-service\target\classes started by 12000904 in C:\Users\12000904\Documents\semester 1\Java Fullstack\project-DiegoRussottoPXL\backend-java\Contentbeheer_backend)
2024-12-28T12:43:55.067+0100 DEBUG              [main]                         be.pxl.services.PostServiceApplication - Running with Spring Boot v3.3.4, Spring v6.1.13
2024-12-28T12:43:55.067+0100 INFO               [main]                         be.pxl.services.PostServiceApplication - No active profile set, falling back to 1 default profile: "default"
2024-12-28T12:44:03.080+0100 INFO               [main]                         be.pxl.services.PostServiceApplication - Started PostServiceApplication in 9.98 seconds (process running for 11.269)
2024-12-28T12:44:04.251+0100 INFO               [main]                         be.pxl.services.ReviewServiceApplication - Started ReviewServiceApplication in 14.096 seconds (process running for 15.337)
2024-12-28T12:44:36.878+0100 INFO               [http-nio-8091-exec-1]         be.pxl.services.controller.PostController - Fetching posts with status DRAFT
2024-12-28T12:44:37.377+0100 INFO               [http-nio-8091-exec-2]         be.pxl.services.controller.PostController - Fetching posts with status DRAFT
2024-12-28T12:44:38.505+0100 INFO               [http-nio-8091-exec-3]         be.pxl.services.controller.PostController - Fetching posts with status DRAFT
2024-12-28T12:44:39.852+0100 INFO               [http-nio-8091-exec-4]         be.pxl.services.controller.PostController - Fetching posts with status DRAFT
2024-12-28T12:45:12.777+0100 INFO               [http-nio-8091-exec-5]         be.pxl.services.controller.PostController - Fetching posts with status DRAFT
2024-12-28T12:45:14.316+0100 INFO               [http-nio-8091-exec-8]         be.pxl.services.controller.PostController - Fetching posts with status DRAFT
2024-12-28T12:45:15.571+0100 INFO               [http-nio-8091-exec-6]         be.pxl.services.controller.PostController - Fetching posts with status DRAFT
2024-12-28T12:45:20.773+0100 INFO               [http-nio-8091-exec-10]        be.pxl.services.controller.PostController - Creating new post with title: c
2024-12-28T12:45:22.493+0100 INFO               [http-nio-8091-exec-9]         be.pxl.services.controller.PostController - Fetching posts with status DRAFT
2024-12-28T12:45:28.458+0100 INFO               [http-nio-8091-exec-7]         be.pxl.services.controller.PostController - Rejecting post with id202
2024-12-28T12:45:28.714+0100 INFO               [http-nio-8091-exec-1]         be.pxl.services.controller.PostController - Fetching posts with status DRAFT
