2024-12-29T15:55:44.557+0100 INFO               [main]                         be.pxl.services.ConfigServiceApplication - Starting ConfigServiceApplication using Java 17.0.13 with PID 9448 (C:\Users\12000904\Documents\semester 1\Java Fullstack\project-DiegoRussottoPXL\backend-java\Contentbeheer_backend\config-service\target\classes started by 12000904 in C:\Users\12000904\Documents\semester 1\Java Fullstack\project-DiegoRussottoPXL\backend-java\Contentbeheer_backend)
2024-12-29T15:55:44.563+0100 DEBUG              [main]                         be.pxl.services.ConfigServiceApplication - Running with Spring Boot v3.3.4, Spring v6.1.13
2024-12-29T15:55:44.566+0100 INFO               [main]                         be.pxl.services.ConfigServiceApplication - The following 1 profile is active: "native"
2024-12-29T15:55:47.503+0100 INFO               [main]                         be.pxl.services.ConfigServiceApplication - Started ConfigServiceApplication in 3.967 seconds (process running for 8.669)
2024-12-29T15:55:55.922+0100 INFO               [main]                         be.pxl.services.DiscoveryServiceApplication - Starting DiscoveryServiceApplication using Java 17.0.13 with PID 18164 (C:\Users\12000904\Documents\semester 1\Java Fullstack\project-DiegoRussottoPXL\backend-java\Contentbeheer_backend\discovery-service\target\classes started by 12000904 in C:\Users\12000904\Documents\semester 1\Java Fullstack\project-DiegoRussottoPXL\backend-java\Contentbeheer_backend)
2024-12-29T15:55:55.924+0100 DEBUG              [main]                         be.pxl.services.DiscoveryServiceApplication - Running with Spring Boot v3.3.4, Spring v6.1.13
2024-12-29T15:55:55.926+0100 INFO               [main]                         be.pxl.services.DiscoveryServiceApplication - No active profile set, falling back to 1 default profile: "default"
2024-12-29T15:55:59.967+0100 INFO               [main]                         be.pxl.services.GatewayServiceApplication - Starting GatewayServiceApplication using Java 17.0.13 with PID 25308 (C:\Users\12000904\Documents\semester 1\Java Fullstack\project-DiegoRussottoPXL\backend-java\Contentbeheer_backend\gateway-service\target\classes started by 12000904 in C:\Users\12000904\Documents\semester 1\Java Fullstack\project-DiegoRussottoPXL\backend-java\Contentbeheer_backend)
2024-12-29T15:55:59.971+0100 DEBUG              [main]                         be.pxl.services.GatewayServiceApplication - Running with Spring Boot v3.3.4, Spring v6.1.13
2024-12-29T15:55:59.973+0100 INFO               [main]                         be.pxl.services.GatewayServiceApplication - No active profile set, falling back to 1 default profile: "default"
2024-12-29T15:56:01.568+0100 INFO               [main]                         be.pxl.services.DiscoveryServiceApplication - Started DiscoveryServiceApplication in 7.386 seconds (process running for 13.946)
2024-12-29T15:56:04.593+0100 INFO               [main]                         be.pxl.services.GatewayServiceApplication - Started GatewayServiceApplication in 6.074 seconds (process running for 8.628)
2024-12-29T15:56:10.027+0100 INFO               [main]                         be.pxl.services.ReviewServiceApplication - Starting ReviewServiceApplication using Java 17.0.13 with PID 18328 (C:\Users\12000904\Documents\semester 1\Java Fullstack\project-DiegoRussottoPXL\backend-java\Contentbeheer_backend\review-service\target\classes started by 12000904 in C:\Users\12000904\Documents\semester 1\Java Fullstack\project-DiegoRussottoPXL\backend-java\Contentbeheer_backend)
2024-12-29T15:56:10.029+0100 DEBUG              [main]                         be.pxl.services.ReviewServiceApplication - Running with Spring Boot v3.3.4, Spring v6.1.13
2024-12-29T15:56:10.030+0100 INFO               [main]                         be.pxl.services.ReviewServiceApplication - No active profile set, falling back to 1 default profile: "default"
2024-12-29T15:56:17.629+0100 INFO               [main]                         be.pxl.services.ReviewServiceApplication - Started ReviewServiceApplication in 8.915 seconds (process running for 11.448)
2024-12-29T15:56:26.390+0100 INFO               [main]                         be.pxl.services.PostServiceApplication - Starting PostServiceApplication using Java 17.0.13 with PID 16696 (C:\Users\12000904\Documents\semester 1\Java Fullstack\project-DiegoRussottoPXL\backend-java\Contentbeheer_backend\post-service\target\classes started by 12000904 in C:\Users\12000904\Documents\semester 1\Java Fullstack\project-DiegoRussottoPXL\backend-java\Contentbeheer_backend)
2024-12-29T15:56:26.391+0100 DEBUG              [main]                         be.pxl.services.PostServiceApplication - Running with Spring Boot v3.3.4, Spring v6.1.13
2024-12-29T15:56:26.392+0100 INFO               [main]                         be.pxl.services.PostServiceApplication - No active profile set, falling back to 1 default profile: "default"
2024-12-29T15:56:34.157+0100 INFO               [main]                         be.pxl.services.PostServiceApplication - Started PostServiceApplication in 9.253 seconds (process running for 10.013)
2024-12-29T15:56:43.407+0100 INFO               [main]                         be.pxl.services.CommentServiceApplication - Starting CommentServiceApplication using Java 17.0.13 with PID 21980 (C:\Users\12000904\Documents\semester 1\Java Fullstack\project-DiegoRussottoPXL\backend-java\Contentbeheer_backend\comment-service\target\classes started by 12000904 in C:\Users\12000904\Documents\semester 1\Java Fullstack\project-DiegoRussottoPXL\backend-java\Contentbeheer_backend)
2024-12-29T15:56:43.408+0100 DEBUG              [main]                         be.pxl.services.CommentServiceApplication - Running with Spring Boot v3.3.4, Spring v6.1.13
2024-12-29T15:56:43.409+0100 INFO               [main]                         be.pxl.services.CommentServiceApplication - No active profile set, falling back to 1 default profile: "default"
2024-12-29T15:56:49.273+0100 INFO               [main]                         be.pxl.services.CommentServiceApplication - Started CommentServiceApplication in 7.465 seconds (process running for 8.388)
2024-12-29T15:57:59.110+0100 INFO               [http-nio-8091-exec-1]         be.pxl.services.controller.PostController - Fetching posts with status REJECTED
2024-12-29T16:01:33.934+0100 INFO               [http-nio-8091-exec-4]         be.pxl.services.controller.PostController - Creating new post with title: karel
2024-12-29T16:01:43.982+0100 INFO               [http-nio-8091-exec-2]         be.pxl.services.controller.PostController - Fetching posts with filters: author = null, content = null, date = null
2024-12-29T16:02:32.064+0100 INFO               [http-nio-8091-exec-5]         be.pxl.services.controller.PostController - Fetching posts with status DRAFT
2024-12-29T16:04:01.243+0100 INFO               [http-nio-8091-exec-8]         be.pxl.services.controller.PostController - Rejecting post with id252
2024-12-29T16:04:01.403+0100 INFO               [http-nio-8091-exec-9]         be.pxl.services.controller.PostController - Fetching posts with status DRAFT
2024-12-29T16:04:06.926+0100 INFO               [http-nio-8091-exec-10]        be.pxl.services.controller.PostController - Fetching posts with filters: author = null, content = null, date = null
2024-12-29T16:09:13.153+0100 INFO               [main]                         be.pxl.services.ReviewServiceApplication - Starting ReviewServiceApplication using Java 17.0.13 with PID 22688 (C:\Users\12000904\Documents\semester 1\Java Fullstack\project-DiegoRussottoPXL\backend-java\Contentbeheer_backend\review-service\target\classes started by 12000904 in C:\Users\12000904\Documents\semester 1\Java Fullstack\project-DiegoRussottoPXL\backend-java\Contentbeheer_backend)
2024-12-29T16:09:13.155+0100 DEBUG              [main]                         be.pxl.services.ReviewServiceApplication - Running with Spring Boot v3.3.4, Spring v6.1.13
2024-12-29T16:09:13.156+0100 INFO               [main]                         be.pxl.services.ReviewServiceApplication - No active profile set, falling back to 1 default profile: "default"
2024-12-29T16:09:22.998+0100 INFO               [main]                         be.pxl.services.ReviewServiceApplication - Started ReviewServiceApplication in 12.023 seconds (process running for 13.393)
2024-12-29T16:12:52.594+0100 INFO               [main]                         be.pxl.services.PostServiceApplication - Starting PostServiceApplication using Java 17.0.13 with PID 25568 (C:\Users\12000904\Documents\semester 1\Java Fullstack\project-DiegoRussottoPXL\backend-java\Contentbeheer_backend\post-service\target\classes started by 12000904 in C:\Users\12000904\Documents\semester 1\Java Fullstack\project-DiegoRussottoPXL\backend-java\Contentbeheer_backend)
2024-12-29T16:12:52.596+0100 DEBUG              [main]                         be.pxl.services.PostServiceApplication - Running with Spring Boot v3.3.4, Spring v6.1.13
2024-12-29T16:12:52.598+0100 INFO               [main]                         be.pxl.services.PostServiceApplication - No active profile set, falling back to 1 default profile: "default"
2024-12-29T16:12:59.320+0100 INFO               [main]                         be.pxl.services.PostServiceApplication - Started PostServiceApplication in 8.457 seconds (process running for 9.549)
2024-12-29T16:19:08.611+0100 INFO               [main]                         be.pxl.services.ReviewServiceApplication - Starting ReviewServiceApplication using Java 17.0.13 with PID 22240 (C:\Users\12000904\Documents\semester 1\Java Fullstack\project-DiegoRussottoPXL\backend-java\Contentbeheer_backend\review-service\target\classes started by 12000904 in C:\Users\12000904\Documents\semester 1\Java Fullstack\project-DiegoRussottoPXL\backend-java\Contentbeheer_backend)
2024-12-29T16:19:08.612+0100 DEBUG              [main]                         be.pxl.services.ReviewServiceApplication - Running with Spring Boot v3.3.4, Spring v6.1.13
2024-12-29T16:19:08.613+0100 INFO               [main]                         be.pxl.services.ReviewServiceApplication - No active profile set, falling back to 1 default profile: "default"
2024-12-29T16:19:17.246+0100 INFO               [main]                         be.pxl.services.ReviewServiceApplication - Started ReviewServiceApplication in 10.011 seconds (process running for 20.688)
2024-12-29T16:25:31.542+0100 INFO               [main]                         be.pxl.services.ReviewServiceApplication - Starting ReviewServiceApplication using Java 17.0.13 with PID 7868 (C:\Users\12000904\Documents\semester 1\Java Fullstack\project-DiegoRussottoPXL\backend-java\Contentbeheer_backend\review-service\target\classes started by 12000904 in C:\Users\12000904\Documents\semester 1\Java Fullstack\project-DiegoRussottoPXL\backend-java\Contentbeheer_backend)
2024-12-29T16:25:31.546+0100 DEBUG              [main]                         be.pxl.services.ReviewServiceApplication - Running with Spring Boot v3.3.4, Spring v6.1.13
2024-12-29T16:25:31.547+0100 INFO               [main]                         be.pxl.services.ReviewServiceApplication - No active profile set, falling back to 1 default profile: "default"
2024-12-29T16:25:40.209+0100 INFO               [main]                         be.pxl.services.ReviewServiceApplication - Started ReviewServiceApplication in 10.394 seconds (process running for 11.328)
2024-12-29T16:29:20.571+0100 INFO               [http-nio-8091-exec-10]        be.pxl.services.controller.PostController - Resubmitting post with ID: 652 and new title: Nieuwe titefffffffffffffl, content: Bijgewerkte content
2024-12-29T16:29:32.792+0100 INFO               [main]                         be.pxl.services.ReviewServiceApplication - Starting ReviewServiceApplication using Java 17.0.13 with PID 23184 (C:\Users\12000904\Documents\semester 1\Java Fullstack\project-DiegoRussottoPXL\backend-java\Contentbeheer_backend\review-service\target\classes started by 12000904 in C:\Users\12000904\Documents\semester 1\Java Fullstack\project-DiegoRussottoPXL\backend-java\Contentbeheer_backend)
2024-12-29T16:29:32.793+0100 DEBUG              [main]                         be.pxl.services.ReviewServiceApplication - Running with Spring Boot v3.3.4, Spring v6.1.13
2024-12-29T16:29:32.794+0100 INFO               [main]                         be.pxl.services.ReviewServiceApplication - No active profile set, falling back to 1 default profile: "default"
2024-12-29T16:29:39.038+0100 INFO               [main]                         be.pxl.services.ReviewServiceApplication - Started ReviewServiceApplication in 7.651 seconds (process running for 8.339)
2024-12-29T16:37:20.820+0100 INFO               [main]                         be.pxl.services.ReviewServiceApplication - Starting ReviewServiceApplication using Java 17.0.13 with PID 9556 (C:\Users\12000904\Documents\semester 1\Java Fullstack\project-DiegoRussottoPXL\backend-java\Contentbeheer_backend\review-service\target\classes started by 12000904 in C:\Users\12000904\Documents\semester 1\Java Fullstack\project-DiegoRussottoPXL\backend-java\Contentbeheer_backend)
2024-12-29T16:37:20.822+0100 DEBUG              [main]                         be.pxl.services.ReviewServiceApplication - Running with Spring Boot v3.3.4, Spring v6.1.13
2024-12-29T16:37:20.823+0100 INFO               [main]                         be.pxl.services.ReviewServiceApplication - No active profile set, falling back to 1 default profile: "default"
2024-12-29T16:37:27.243+0100 INFO               [main]                         be.pxl.services.ReviewServiceApplication - Started ReviewServiceApplication in 8.104 seconds (process running for 8.822)
2024-12-29T16:37:46.628+0100 INFO               [http-nio-8091-exec-7]         be.pxl.services.controller.PostController - Fetching post with ID: 252
2024-12-29T16:37:51.555+0100 INFO               [http-nio-8091-exec-8]         be.pxl.services.controller.PostController - Fetching post with ID: 153
2024-12-29T16:37:53.986+0100 INFO               [http-nio-8091-exec-1]         be.pxl.services.controller.PostController - Fetching post with ID: 202
2024-12-29T16:37:55.821+0100 INFO               [http-nio-8091-exec-9]         be.pxl.services.controller.PostController - Fetching post with ID: 252
2024-12-29T16:38:49.162+0100 INFO               [http-nio-8091-exec-10]        be.pxl.services.controller.PostController - Fetching post with ID: 252
2024-12-29T16:38:49.190+0100 INFO               [http-nio-8091-exec-2]         be.pxl.services.controller.PostController - Fetching post with ID: 153
2024-12-29T16:38:49.215+0100 INFO               [http-nio-8091-exec-3]         be.pxl.services.controller.PostController - Fetching post with ID: 202
2024-12-29T16:38:49.245+0100 INFO               [http-nio-8091-exec-4]         be.pxl.services.controller.PostController - Fetching post with ID: 252
2024-12-29T16:39:21.324+0100 INFO               [http-nio-8091-exec-5]         be.pxl.services.controller.PostController - Resubmitting post with ID: 252 and new title: kareli, content: ,are;.
2024-12-29T16:39:23.208+0100 INFO               [http-nio-8091-exec-6]         be.pxl.services.controller.PostController - Fetching post with ID: 252
2024-12-29T16:39:23.228+0100 INFO               [http-nio-8091-exec-7]         be.pxl.services.controller.PostController - Fetching post with ID: 153
2024-12-29T16:39:23.245+0100 INFO               [http-nio-8091-exec-8]         be.pxl.services.controller.PostController - Fetching post with ID: 202
2024-12-29T16:39:23.272+0100 INFO               [http-nio-8091-exec-1]         be.pxl.services.controller.PostController - Fetching post with ID: 252
2024-12-29T16:39:28.763+0100 INFO               [http-nio-8091-exec-9]         be.pxl.services.controller.PostController - Fetching post with ID: 252
2024-12-29T16:39:28.788+0100 INFO               [http-nio-8091-exec-10]        be.pxl.services.controller.PostController - Fetching post with ID: 153
2024-12-29T16:39:28.838+0100 INFO               [http-nio-8091-exec-2]         be.pxl.services.controller.PostController - Fetching post with ID: 202
2024-12-29T16:39:28.900+0100 INFO               [http-nio-8091-exec-3]         be.pxl.services.controller.PostController - Fetching post with ID: 252
2024-12-29T16:40:21.760+0100 INFO               [http-nio-8091-exec-4]         be.pxl.services.controller.PostController - Fetching posts with status DRAFT
2024-12-29T16:40:27.923+0100 INFO               [http-nio-8091-exec-5]         be.pxl.services.controller.PostController - Rejecting post with id252
2024-12-29T16:40:28.118+0100 INFO               [http-nio-8091-exec-6]         be.pxl.services.controller.PostController - Fetching posts with status DRAFT
2024-12-29T16:40:37.766+0100 INFO               [http-nio-8091-exec-7]         be.pxl.services.controller.PostController - Fetching posts with filters: author = null, content = null, date = null
2024-12-29T16:40:37.811+0100 INFO               [http-nio-8091-exec-8]         be.pxl.services.controller.PostController - Fetching posts with filters: author = null, content = null, date = null
2024-12-29T16:40:38.354+0100 INFO               [http-nio-8091-exec-1]         be.pxl.services.controller.PostController - Fetching post with ID: 252
2024-12-29T16:40:38.373+0100 INFO               [http-nio-8091-exec-9]         be.pxl.services.controller.PostController - Fetching post with ID: 153
2024-12-29T16:40:38.388+0100 INFO               [http-nio-8091-exec-10]        be.pxl.services.controller.PostController - Fetching post with ID: 202
2024-12-29T16:40:38.404+0100 INFO               [http-nio-8091-exec-2]         be.pxl.services.controller.PostController - Fetching post with ID: 252
2024-12-29T16:40:38.419+0100 INFO               [http-nio-8091-exec-3]         be.pxl.services.controller.PostController - Fetching post with ID: 252
2024-12-29T16:40:54.074+0100 INFO               [http-nio-8091-exec-4]         be.pxl.services.controller.PostController - Resubmitting post with ID: 252 and new title: kareli, content: ,are;cczczcz
2024-12-29T16:40:55.901+0100 INFO               [http-nio-8091-exec-5]         be.pxl.services.controller.PostController - Fetching post with ID: 252
2024-12-29T16:40:55.924+0100 INFO               [http-nio-8091-exec-6]         be.pxl.services.controller.PostController - Fetching post with ID: 153
2024-12-29T16:40:55.940+0100 INFO               [http-nio-8091-exec-7]         be.pxl.services.controller.PostController - Fetching post with ID: 202
2024-12-29T16:40:55.954+0100 INFO               [http-nio-8091-exec-8]         be.pxl.services.controller.PostController - Fetching post with ID: 252
2024-12-29T16:40:55.968+0100 INFO               [http-nio-8091-exec-1]         be.pxl.services.controller.PostController - Fetching post with ID: 252
2024-12-29T16:41:12.717+0100 INFO               [http-nio-8091-exec-9]         be.pxl.services.controller.PostController - Fetching post with ID: 252
2024-12-29T16:41:12.741+0100 INFO               [http-nio-8091-exec-10]        be.pxl.services.controller.PostController - Fetching post with ID: 153
2024-12-29T16:41:12.773+0100 INFO               [http-nio-8091-exec-2]         be.pxl.services.controller.PostController - Fetching post with ID: 202
2024-12-29T16:41:12.805+0100 INFO               [http-nio-8091-exec-3]         be.pxl.services.controller.PostController - Fetching post with ID: 252
2024-12-29T16:41:12.838+0100 INFO               [http-nio-8091-exec-4]         be.pxl.services.controller.PostController - Fetching post with ID: 252
2024-12-29T16:43:57.286+0100 INFO               [main]                         be.pxl.services.ReviewServiceApplication - Starting ReviewServiceApplication using Java 17.0.13 with PID 376 (C:\Users\12000904\Documents\semester 1\Java Fullstack\project-DiegoRussottoPXL\backend-java\Contentbeheer_backend\review-service\target\classes started by 12000904 in C:\Users\12000904\Documents\semester 1\Java Fullstack\project-DiegoRussottoPXL\backend-java\Contentbeheer_backend)
2024-12-29T16:43:57.287+0100 DEBUG              [main]                         be.pxl.services.ReviewServiceApplication - Running with Spring Boot v3.3.4, Spring v6.1.13
2024-12-29T16:43:57.288+0100 INFO               [main]                         be.pxl.services.ReviewServiceApplication - No active profile set, falling back to 1 default profile: "default"
2024-12-29T16:44:03.647+0100 INFO               [main]                         be.pxl.services.ReviewServiceApplication - Started ReviewServiceApplication in 7.649 seconds (process running for 8.335)
2024-12-29T16:44:48.225+0100 INFO               [http-nio-8091-exec-7]         be.pxl.services.controller.PostController - Creating new post with title: Face
2024-12-29T16:44:50.318+0100 INFO               [http-nio-8091-exec-8]         be.pxl.services.controller.PostController - Fetching posts with status DRAFT
2024-12-29T16:44:57.950+0100 INFO               [http-nio-8091-exec-1]         be.pxl.services.controller.PostController - Creating new post with title: Twit
2024-12-29T16:44:59.338+0100 INFO               [http-nio-8091-exec-9]         be.pxl.services.controller.PostController - Fetching posts with status DRAFT
2024-12-29T16:45:03.703+0100 INFO               [http-nio-8091-exec-10]        be.pxl.services.controller.PostController - Publishing post with ID: 302
2024-12-29T16:45:03.751+0100 INFO               [http-nio-8091-exec-2]         be.pxl.services.controller.PostController - Fetching posts with status DRAFT
2024-12-29T16:45:07.180+0100 INFO               [http-nio-8091-exec-3]         be.pxl.services.controller.PostController - Fetching posts with filters: author = null, content = null, date = null
2024-12-29T16:45:07.214+0100 INFO               [http-nio-8091-exec-4]         be.pxl.services.controller.PostController - Fetching posts with filters: author = null, content = null, date = null
2024-12-29T16:45:13.016+0100 INFO               [http-nio-8091-exec-5]         be.pxl.services.controller.PostController - Fetching posts with status DRAFT
2024-12-29T16:45:20.588+0100 INFO               [http-nio-8091-exec-6]         be.pxl.services.controller.PostController - Fetching posts with filters: author = null, content = null, date = null
2024-12-29T16:45:20.617+0100 INFO               [http-nio-8091-exec-7]         be.pxl.services.controller.PostController - Fetching posts with filters: author = null, content = null, date = null
2024-12-29T16:45:31.573+0100 INFO               [http-nio-8091-exec-8]         be.pxl.services.controller.PostController - Fetching post with ID: 252
2024-12-29T16:45:31.597+0100 INFO               [http-nio-8091-exec-1]         be.pxl.services.controller.PostController - Fetching post with ID: 153
2024-12-29T16:45:31.612+0100 INFO               [http-nio-8091-exec-9]         be.pxl.services.controller.PostController - Fetching post with ID: 202
2024-12-29T16:45:31.624+0100 INFO               [http-nio-8091-exec-10]        be.pxl.services.controller.PostController - Fetching post with ID: 252
2024-12-29T16:45:31.636+0100 INFO               [http-nio-8091-exec-2]         be.pxl.services.controller.PostController - Fetching post with ID: 252
2024-12-29T16:45:33.386+0100 INFO               [http-nio-8091-exec-3]         be.pxl.services.controller.PostController - Fetching posts with status DRAFT
2024-12-29T16:45:39.000+0100 INFO               [http-nio-8091-exec-4]         be.pxl.services.controller.PostController - Rejecting post with id303
2024-12-29T16:45:39.149+0100 INFO               [http-nio-8091-exec-5]         be.pxl.services.controller.PostController - Fetching posts with status DRAFT
2024-12-29T16:45:41.205+0100 INFO               [http-nio-8091-exec-6]         be.pxl.services.controller.PostController - Fetching post with ID: 252
2024-12-29T16:45:41.233+0100 INFO               [http-nio-8091-exec-7]         be.pxl.services.controller.PostController - Fetching post with ID: 153
2024-12-29T16:45:41.250+0100 INFO               [http-nio-8091-exec-8]         be.pxl.services.controller.PostController - Fetching post with ID: 202
2024-12-29T16:45:41.264+0100 INFO               [http-nio-8091-exec-1]         be.pxl.services.controller.PostController - Fetching post with ID: 252
2024-12-29T16:45:41.279+0100 INFO               [http-nio-8091-exec-9]         be.pxl.services.controller.PostController - Fetching post with ID: 252
2024-12-29T16:45:41.293+0100 INFO               [http-nio-8091-exec-10]        be.pxl.services.controller.PostController - Fetching post with ID: 303
2024-12-29T16:45:47.504+0100 INFO               [http-nio-8091-exec-2]         be.pxl.services.controller.PostController - Resubmitting post with ID: 303 and new title: Twit, content: ter x
2024-12-29T16:45:49.568+0100 INFO               [http-nio-8091-exec-3]         be.pxl.services.controller.PostController - Fetching post with ID: 252
2024-12-29T16:45:49.588+0100 INFO               [http-nio-8091-exec-4]         be.pxl.services.controller.PostController - Fetching post with ID: 153
2024-12-29T16:45:49.604+0100 INFO               [http-nio-8091-exec-5]         be.pxl.services.controller.PostController - Fetching post with ID: 202
2024-12-29T16:45:49.619+0100 INFO               [http-nio-8091-exec-6]         be.pxl.services.controller.PostController - Fetching post with ID: 252
2024-12-29T16:45:49.633+0100 INFO               [http-nio-8091-exec-7]         be.pxl.services.controller.PostController - Fetching post with ID: 252
2024-12-29T16:45:49.647+0100 INFO               [http-nio-8091-exec-8]         be.pxl.services.controller.PostController - Fetching post with ID: 303
2024-12-29T16:45:51.851+0100 INFO               [http-nio-8091-exec-1]         be.pxl.services.controller.PostController - Fetching post with ID: 252
2024-12-29T16:45:51.921+0100 INFO               [http-nio-8091-exec-9]         be.pxl.services.controller.PostController - Fetching post with ID: 153
2024-12-29T16:45:51.941+0100 INFO               [http-nio-8091-exec-10]        be.pxl.services.controller.PostController - Fetching post with ID: 202
2024-12-29T16:45:51.960+0100 INFO               [http-nio-8091-exec-2]         be.pxl.services.controller.PostController - Fetching post with ID: 252
2024-12-29T16:45:51.978+0100 INFO               [http-nio-8091-exec-3]         be.pxl.services.controller.PostController - Fetching post with ID: 252
2024-12-29T16:45:51.997+0100 INFO               [http-nio-8091-exec-4]         be.pxl.services.controller.PostController - Fetching post with ID: 303
2024-12-29T16:46:07.457+0100 INFO               [http-nio-8091-exec-5]         be.pxl.services.controller.PostController - Fetching post with ID: 252
2024-12-29T16:46:07.537+0100 INFO               [http-nio-8091-exec-6]         be.pxl.services.controller.PostController - Fetching post with ID: 153
2024-12-29T16:46:07.551+0100 INFO               [http-nio-8091-exec-7]         be.pxl.services.controller.PostController - Fetching post with ID: 202
2024-12-29T16:46:07.602+0100 INFO               [http-nio-8091-exec-8]         be.pxl.services.controller.PostController - Fetching post with ID: 252
2024-12-29T16:46:07.629+0100 INFO               [http-nio-8091-exec-1]         be.pxl.services.controller.PostController - Fetching post with ID: 252
2024-12-29T16:46:07.644+0100 INFO               [http-nio-8091-exec-9]         be.pxl.services.controller.PostController - Fetching post with ID: 303
2024-12-29T16:46:11.121+0100 INFO               [http-nio-8091-exec-10]        be.pxl.services.controller.PostController - Fetching posts with filters: author = null, content = null, date = null
2024-12-29T16:46:11.162+0100 INFO               [http-nio-8091-exec-2]         be.pxl.services.controller.PostController - Fetching posts with filters: author = null, content = null, date = null
2024-12-29T16:46:26.918+0100 INFO               [http-nio-8091-exec-3]         be.pxl.services.controller.PostController - Fetching post with ID: 252
2024-12-29T16:46:26.941+0100 INFO               [http-nio-8091-exec-4]         be.pxl.services.controller.PostController - Fetching post with ID: 153
2024-12-29T16:46:26.962+0100 INFO               [http-nio-8091-exec-5]         be.pxl.services.controller.PostController - Fetching post with ID: 202
2024-12-29T16:46:26.981+0100 INFO               [http-nio-8091-exec-6]         be.pxl.services.controller.PostController - Fetching post with ID: 252
2024-12-29T16:46:26.997+0100 INFO               [http-nio-8091-exec-7]         be.pxl.services.controller.PostController - Fetching post with ID: 252
2024-12-29T16:46:27.010+0100 INFO               [http-nio-8091-exec-8]         be.pxl.services.controller.PostController - Fetching post with ID: 303
2024-12-29T16:46:41.380+0100 INFO               [http-nio-8091-exec-1]         be.pxl.services.controller.PostController - Resubmitting post with ID: 303 and new title: Twit, content: ter xxxxx
2024-12-29T16:46:43.056+0100 INFO               [http-nio-8091-exec-9]         be.pxl.services.controller.PostController - Fetching post with ID: 252
2024-12-29T16:46:43.075+0100 INFO               [http-nio-8091-exec-10]        be.pxl.services.controller.PostController - Fetching post with ID: 153
2024-12-29T16:46:43.091+0100 INFO               [http-nio-8091-exec-2]         be.pxl.services.controller.PostController - Fetching post with ID: 202
2024-12-29T16:46:43.105+0100 INFO               [http-nio-8091-exec-3]         be.pxl.services.controller.PostController - Fetching post with ID: 252
2024-12-29T16:46:43.119+0100 INFO               [http-nio-8091-exec-4]         be.pxl.services.controller.PostController - Fetching post with ID: 252
2024-12-29T16:46:43.135+0100 INFO               [http-nio-8091-exec-5]         be.pxl.services.controller.PostController - Fetching post with ID: 303
2024-12-29T16:46:53.053+0100 INFO               [http-nio-8091-exec-6]         be.pxl.services.controller.PostController - Fetching post with ID: 252
2024-12-29T16:46:53.116+0100 INFO               [http-nio-8091-exec-7]         be.pxl.services.controller.PostController - Fetching post with ID: 153
2024-12-29T16:46:53.133+0100 INFO               [http-nio-8091-exec-8]         be.pxl.services.controller.PostController - Fetching post with ID: 202
2024-12-29T16:46:53.150+0100 INFO               [http-nio-8091-exec-1]         be.pxl.services.controller.PostController - Fetching post with ID: 252
2024-12-29T16:46:53.167+0100 INFO               [http-nio-8091-exec-9]         be.pxl.services.controller.PostController - Fetching post with ID: 252
2024-12-29T16:46:53.182+0100 INFO               [http-nio-8091-exec-10]        be.pxl.services.controller.PostController - Fetching post with ID: 303
2024-12-29T16:51:47.499+0100 INFO               [main]                         be.pxl.services.ReviewServiceApplication - Starting ReviewServiceApplication using Java 17.0.13 with PID 21716 (C:\Users\12000904\Documents\semester 1\Java Fullstack\project-DiegoRussottoPXL\backend-java\Contentbeheer_backend\review-service\target\classes started by 12000904 in C:\Users\12000904\Documents\semester 1\Java Fullstack\project-DiegoRussottoPXL\backend-java\Contentbeheer_backend)
2024-12-29T16:51:47.501+0100 DEBUG              [main]                         be.pxl.services.ReviewServiceApplication - Running with Spring Boot v3.3.4, Spring v6.1.13
2024-12-29T16:51:47.503+0100 INFO               [main]                         be.pxl.services.ReviewServiceApplication - No active profile set, falling back to 1 default profile: "default"
2024-12-29T16:51:53.714+0100 INFO               [main]                         be.pxl.services.ReviewServiceApplication - Started ReviewServiceApplication in 7.498 seconds (process running for 8.219)
2024-12-29T16:58:02.227+0100 INFO               [http-nio-8091-exec-4]         be.pxl.services.controller.PostController - Creating new post with title: tw
2024-12-29T16:58:03.573+0100 INFO               [http-nio-8091-exec-5]         be.pxl.services.controller.PostController - Fetching posts with status DRAFT
2024-12-29T16:58:09.980+0100 INFO               [http-nio-8091-exec-6]         be.pxl.services.controller.PostController - Rejecting post with id304
2024-12-29T16:58:10.127+0100 INFO               [http-nio-8091-exec-7]         be.pxl.services.controller.PostController - Fetching posts with status DRAFT
2024-12-29T16:58:11.966+0100 INFO               [http-nio-8091-exec-8]         be.pxl.services.controller.PostController - Fetching post with ID: 252
2024-12-29T16:58:11.996+0100 INFO               [http-nio-8091-exec-1]         be.pxl.services.controller.PostController - Fetching post with ID: 153
2024-12-29T16:58:12.022+0100 INFO               [http-nio-8091-exec-9]         be.pxl.services.controller.PostController - Fetching post with ID: 202
2024-12-29T16:58:12.044+0100 INFO               [http-nio-8091-exec-10]        be.pxl.services.controller.PostController - Fetching post with ID: 252
2024-12-29T16:58:12.068+0100 INFO               [http-nio-8091-exec-2]         be.pxl.services.controller.PostController - Fetching post with ID: 252
2024-12-29T16:58:12.091+0100 INFO               [http-nio-8091-exec-3]         be.pxl.services.controller.PostController - Fetching post with ID: 303
2024-12-29T16:58:12.106+0100 INFO               [http-nio-8091-exec-4]         be.pxl.services.controller.PostController - Fetching post with ID: 304
2024-12-29T16:58:28.569+0100 INFO               [http-nio-8091-exec-5]         be.pxl.services.controller.PostController - Resubmitting post with ID: 304 and new title: tw, content: tddd
2024-12-29T16:58:47.771+0100 INFO               [http-nio-8091-exec-6]         be.pxl.services.controller.PostController - Resubmitting post with ID: 304 and new title: tw, content: tddd
2024-12-29T17:01:39.028+0100 INFO               [main]                         be.pxl.services.ReviewServiceApplication - Starting ReviewServiceApplication using Java 17.0.13 with PID 28248 (C:\Users\12000904\Documents\semester 1\Java Fullstack\project-DiegoRussottoPXL\backend-java\Contentbeheer_backend\review-service\target\classes started by 12000904 in C:\Users\12000904\Documents\semester 1\Java Fullstack\project-DiegoRussottoPXL\backend-java\Contentbeheer_backend)
2024-12-29T17:01:39.030+0100 DEBUG              [main]                         be.pxl.services.ReviewServiceApplication - Running with Spring Boot v3.3.4, Spring v6.1.13
2024-12-29T17:01:39.031+0100 INFO               [main]                         be.pxl.services.ReviewServiceApplication - No active profile set, falling back to 1 default profile: "default"
2024-12-29T17:01:45.248+0100 INFO               [main]                         be.pxl.services.ReviewServiceApplication - Started ReviewServiceApplication in 7.488 seconds (process running for 8.173)
2024-12-29T17:02:24.431+0100 INFO               [http-nio-8091-exec-1]         be.pxl.services.controller.PostController - Fetching post with ID: 252
2024-12-29T17:02:24.473+0100 INFO               [http-nio-8091-exec-9]         be.pxl.services.controller.PostController - Fetching post with ID: 153
2024-12-29T17:02:24.490+0100 INFO               [http-nio-8091-exec-10]        be.pxl.services.controller.PostController - Fetching post with ID: 202
2024-12-29T17:02:24.504+0100 INFO               [http-nio-8091-exec-2]         be.pxl.services.controller.PostController - Fetching post with ID: 252
2024-12-29T17:02:24.517+0100 INFO               [http-nio-8091-exec-3]         be.pxl.services.controller.PostController - Fetching post with ID: 252
2024-12-29T17:02:24.529+0100 INFO               [http-nio-8091-exec-4]         be.pxl.services.controller.PostController - Fetching post with ID: 303
2024-12-29T17:02:24.543+0100 INFO               [http-nio-8091-exec-5]         be.pxl.services.controller.PostController - Fetching post with ID: 304
2024-12-29T17:02:32.423+0100 INFO               [http-nio-8091-exec-6]         be.pxl.services.controller.PostController - Resubmitting post with ID: 304 and new title: tw, content: tddda
2024-12-29T17:02:34.092+0100 INFO               [http-nio-8091-exec-7]         be.pxl.services.controller.PostController - Fetching post with ID: 252
2024-12-29T17:02:34.107+0100 INFO               [http-nio-8091-exec-8]         be.pxl.services.controller.PostController - Fetching post with ID: 153
2024-12-29T17:02:34.123+0100 INFO               [http-nio-8091-exec-1]         be.pxl.services.controller.PostController - Fetching post with ID: 202
2024-12-29T17:02:34.137+0100 INFO               [http-nio-8091-exec-9]         be.pxl.services.controller.PostController - Fetching post with ID: 252
2024-12-29T17:02:34.151+0100 INFO               [http-nio-8091-exec-10]        be.pxl.services.controller.PostController - Fetching post with ID: 252
2024-12-29T17:02:34.164+0100 INFO               [http-nio-8091-exec-2]         be.pxl.services.controller.PostController - Fetching post with ID: 303
2024-12-29T17:02:36.389+0100 INFO               [http-nio-8091-exec-3]         be.pxl.services.controller.PostController - Fetching post with ID: 252
2024-12-29T17:02:36.431+0100 INFO               [http-nio-8091-exec-4]         be.pxl.services.controller.PostController - Fetching post with ID: 153
2024-12-29T17:02:36.476+0100 INFO               [http-nio-8091-exec-5]         be.pxl.services.controller.PostController - Fetching post with ID: 202
2024-12-29T17:02:36.498+0100 INFO               [http-nio-8091-exec-6]         be.pxl.services.controller.PostController - Fetching post with ID: 252
2024-12-29T17:02:36.527+0100 INFO               [http-nio-8091-exec-7]         be.pxl.services.controller.PostController - Fetching post with ID: 252
2024-12-29T17:02:36.545+0100 INFO               [http-nio-8091-exec-8]         be.pxl.services.controller.PostController - Fetching post with ID: 303
2024-12-29T17:02:59.167+0100 INFO               [http-nio-8091-exec-1]         be.pxl.services.controller.PostController - Creating new post with title: Makeup
2024-12-29T17:03:06.703+0100 INFO               [http-nio-8091-exec-9]         be.pxl.services.controller.PostController - Creating new post with title: Maceo
2024-12-29T17:03:08.436+0100 INFO               [http-nio-8091-exec-10]        be.pxl.services.controller.PostController - Fetching posts with status DRAFT
2024-12-29T17:03:15.028+0100 INFO               [http-nio-8091-exec-2]         be.pxl.services.controller.PostController - Publishing post with ID: 306
2024-12-29T17:03:15.083+0100 INFO               [http-nio-8091-exec-3]         be.pxl.services.controller.PostController - Fetching posts with status DRAFT
2024-12-29T17:03:21.163+0100 INFO               [http-nio-8091-exec-4]         be.pxl.services.controller.PostController - Rejecting post with id305
2024-12-29T17:03:21.372+0100 INFO               [http-nio-8091-exec-5]         be.pxl.services.controller.PostController - Fetching posts with status DRAFT
2024-12-29T17:03:26.897+0100 INFO               [http-nio-8091-exec-6]         be.pxl.services.controller.PostController - Fetching post with ID: 252
2024-12-29T17:03:26.917+0100 INFO               [http-nio-8091-exec-7]         be.pxl.services.controller.PostController - Fetching post with ID: 153
2024-12-29T17:03:26.932+0100 INFO               [http-nio-8091-exec-8]         be.pxl.services.controller.PostController - Fetching post with ID: 202
2024-12-29T17:03:26.946+0100 INFO               [http-nio-8091-exec-1]         be.pxl.services.controller.PostController - Fetching post with ID: 252
2024-12-29T17:03:26.962+0100 INFO               [http-nio-8091-exec-9]         be.pxl.services.controller.PostController - Fetching post with ID: 252
2024-12-29T17:03:26.973+0100 INFO               [http-nio-8091-exec-10]        be.pxl.services.controller.PostController - Fetching post with ID: 303
2024-12-29T17:03:26.984+0100 INFO               [http-nio-8091-exec-2]         be.pxl.services.controller.PostController - Fetching post with ID: 305
2024-12-29T17:03:32.047+0100 INFO               [http-nio-8091-exec-3]         be.pxl.services.controller.PostController - Fetching posts with filters: author = null, content = null, date = null
2024-12-29T17:03:32.098+0100 INFO               [http-nio-8091-exec-4]         be.pxl.services.controller.PostController - Fetching posts with filters: author = null, content = null, date = null
2024-12-29T17:03:40.992+0100 INFO               [http-nio-8091-exec-5]         be.pxl.services.controller.PostController - Fetching posts with filters: author = null, content = null, date = null
2024-12-29T17:03:41.021+0100 INFO               [http-nio-8091-exec-6]         be.pxl.services.controller.PostController - Fetching posts with filters: author = null, content = null, date = null
2024-12-29T17:04:08.937+0100 INFO               [http-nio-8091-exec-9]         be.pxl.services.controller.PostController - Fetching post with ID: 252
2024-12-29T17:04:08.953+0100 INFO               [http-nio-8091-exec-10]        be.pxl.services.controller.PostController - Fetching post with ID: 153
2024-12-29T17:04:08.966+0100 INFO               [http-nio-8091-exec-2]         be.pxl.services.controller.PostController - Fetching post with ID: 202
2024-12-29T17:04:08.980+0100 INFO               [http-nio-8091-exec-3]         be.pxl.services.controller.PostController - Fetching post with ID: 252
2024-12-29T17:04:08.992+0100 INFO               [http-nio-8091-exec-4]         be.pxl.services.controller.PostController - Fetching post with ID: 252
2024-12-29T17:04:09.003+0100 INFO               [http-nio-8091-exec-5]         be.pxl.services.controller.PostController - Fetching post with ID: 303
2024-12-29T17:04:09.013+0100 INFO               [http-nio-8091-exec-6]         be.pxl.services.controller.PostController - Fetching post with ID: 305
2024-12-29T17:09:50.685+0100 INFO               [http-nio-8091-exec-1]         be.pxl.services.controller.PostController - Fetching posts with filters: author = null, content = null, date = null
2024-12-29T17:09:50.711+0100 INFO               [http-nio-8091-exec-9]         be.pxl.services.controller.PostController - Fetching posts with filters: author = null, content = null, date = null
2024-12-29T17:15:25.013+0100 INFO               [http-nio-8091-exec-2]         be.pxl.services.controller.PostController - Fetching post with ID: 252
2024-12-29T17:15:25.032+0100 INFO               [http-nio-8091-exec-3]         be.pxl.services.controller.PostController - Fetching post with ID: 153
2024-12-29T17:15:25.045+0100 INFO               [http-nio-8091-exec-4]         be.pxl.services.controller.PostController - Fetching post with ID: 202
2024-12-29T17:15:25.059+0100 INFO               [http-nio-8091-exec-5]         be.pxl.services.controller.PostController - Fetching post with ID: 252
2024-12-29T17:15:25.074+0100 INFO               [http-nio-8091-exec-6]         be.pxl.services.controller.PostController - Fetching post with ID: 252
2024-12-29T17:15:25.093+0100 INFO               [http-nio-8091-exec-7]         be.pxl.services.controller.PostController - Fetching post with ID: 303
2024-12-29T17:15:25.111+0100 INFO               [http-nio-8091-exec-8]         be.pxl.services.controller.PostController - Fetching post with ID: 305
2024-12-29T17:15:26.601+0100 INFO               [http-nio-8091-exec-1]         be.pxl.services.controller.PostController - Fetching posts with status DRAFT
2024-12-29T17:21:06.464+0100 INFO               [http-nio-8091-exec-10]        be.pxl.services.controller.PostController - Fetching post with ID: 252
2024-12-29T17:21:06.498+0100 INFO               [http-nio-8091-exec-2]         be.pxl.services.controller.PostController - Fetching post with ID: 153
2024-12-29T17:21:06.521+0100 INFO               [http-nio-8091-exec-3]         be.pxl.services.controller.PostController - Fetching post with ID: 202
2024-12-29T17:21:06.545+0100 INFO               [http-nio-8091-exec-4]         be.pxl.services.controller.PostController - Fetching post with ID: 252
2024-12-29T17:21:06.564+0100 INFO               [http-nio-8091-exec-5]         be.pxl.services.controller.PostController - Fetching post with ID: 252
2024-12-29T17:21:06.584+0100 INFO               [http-nio-8091-exec-6]         be.pxl.services.controller.PostController - Fetching post with ID: 303
2024-12-29T17:21:06.605+0100 INFO               [http-nio-8091-exec-7]         be.pxl.services.controller.PostController - Fetching post with ID: 305
2024-12-29T17:27:41.760+0100 INFO               [http-nio-8091-exec-1]         be.pxl.services.controller.PostController - Fetching posts with filters: author = null, content = null, date = null
2024-12-29T17:27:41.787+0100 INFO               [http-nio-8091-exec-9]         be.pxl.services.controller.PostController - Fetching posts with filters: author = null, content = null, date = null
2024-12-29T17:31:15.950+0100 INFO               [http-nio-8091-exec-3]         be.pxl.services.controller.PostController - Fetching posts with filters: author = null, content = null, date = null
2024-12-29T17:31:15.974+0100 INFO               [http-nio-8091-exec-4]         be.pxl.services.controller.PostController - Fetching posts with filters: author = null, content = null, date = null
2024-12-29T17:31:43.615+0100 INFO               [http-nio-8091-exec-6]         be.pxl.services.controller.PostController - Fetching posts with filters: author = null, content = null, date = null
2024-12-29T17:31:43.645+0100 INFO               [http-nio-8091-exec-7]         be.pxl.services.controller.PostController - Fetching posts with filters: author = null, content = null, date = null
2024-12-29T17:32:56.875+0100 INFO               [http-nio-8091-exec-1]         be.pxl.services.controller.PostController - Fetching posts with filters: author = null, content = null, date = null
2024-12-29T17:32:56.905+0100 INFO               [http-nio-8091-exec-9]         be.pxl.services.controller.PostController - Fetching posts with filters: author = null, content = null, date = null
2024-12-29T17:33:00.858+0100 INFO               [http-nio-8091-exec-10]        be.pxl.services.controller.PostController - Fetching posts with filters: author = null, content = null, date = null
2024-12-29T17:33:00.888+0100 INFO               [http-nio-8091-exec-2]         be.pxl.services.controller.PostController - Fetching posts with filters: author = null, content = null, date = null
2024-12-29T17:33:04.063+0100 INFO               [http-nio-8091-exec-3]         be.pxl.services.controller.PostController - Fetching posts with filters: author = null, content = null, date = null
2024-12-29T17:33:04.087+0100 INFO               [http-nio-8091-exec-4]         be.pxl.services.controller.PostController - Fetching posts with filters: author = null, content = null, date = null
2024-12-29T17:33:07.420+0100 INFO               [http-nio-8091-exec-5]         be.pxl.services.controller.PostController - Fetching posts with filters: author = null, content = null, date = null
2024-12-29T17:33:07.444+0100 INFO               [http-nio-8091-exec-6]         be.pxl.services.controller.PostController - Fetching posts with filters: author = null, content = null, date = null
2024-12-29T17:37:23.389+0100 INFO               [http-nio-8091-exec-8]         be.pxl.services.controller.PostController - Creating new post with title: skeer
2024-12-29T17:37:27.671+0100 INFO               [http-nio-8091-exec-1]         be.pxl.services.controller.PostController - Fetching posts with filters: author = null, content = null, date = null
2024-12-29T17:37:27.713+0100 INFO               [http-nio-8091-exec-9]         be.pxl.services.controller.PostController - Fetching posts with filters: author = null, content = null, date = null
2024-12-29T17:42:23.885+0100 INFO               [http-nio-8091-exec-2]         be.pxl.services.controller.PostController - Fetching posts with status DRAFT
2024-12-29T17:42:26.239+0100 INFO               [http-nio-8091-exec-3]         be.pxl.services.controller.PostController - Fetching post with ID: 252
2024-12-29T17:42:26.280+0100 INFO               [http-nio-8091-exec-4]         be.pxl.services.controller.PostController - Fetching post with ID: 153
2024-12-29T17:42:26.300+0100 INFO               [http-nio-8091-exec-5]         be.pxl.services.controller.PostController - Fetching post with ID: 202
2024-12-29T17:42:26.321+0100 INFO               [http-nio-8091-exec-6]         be.pxl.services.controller.PostController - Fetching post with ID: 252
2024-12-29T17:42:26.342+0100 INFO               [http-nio-8091-exec-7]         be.pxl.services.controller.PostController - Fetching post with ID: 252
2024-12-29T17:42:26.360+0100 INFO               [http-nio-8091-exec-8]         be.pxl.services.controller.PostController - Fetching post with ID: 303
2024-12-29T17:42:26.379+0100 INFO               [http-nio-8091-exec-1]         be.pxl.services.controller.PostController - Fetching post with ID: 305
2024-12-29T17:42:33.859+0100 INFO               [http-nio-8091-exec-9]         be.pxl.services.controller.PostController - Resubmitting post with ID: 305 and new title: Makeup, content: lol jaaa
2024-12-29T17:42:35.294+0100 INFO               [http-nio-8091-exec-10]        be.pxl.services.controller.PostController - Fetching post with ID: 252
2024-12-29T17:42:35.317+0100 INFO               [http-nio-8091-exec-2]         be.pxl.services.controller.PostController - Fetching post with ID: 153
2024-12-29T17:42:35.339+0100 INFO               [http-nio-8091-exec-3]         be.pxl.services.controller.PostController - Fetching post with ID: 202
2024-12-29T17:42:35.363+0100 INFO               [http-nio-8091-exec-4]         be.pxl.services.controller.PostController - Fetching post with ID: 252
2024-12-29T17:42:35.390+0100 INFO               [http-nio-8091-exec-5]         be.pxl.services.controller.PostController - Fetching post with ID: 252
2024-12-29T17:42:35.414+0100 INFO               [http-nio-8091-exec-6]         be.pxl.services.controller.PostController - Fetching post with ID: 303
2024-12-29T17:42:37.585+0100 INFO               [http-nio-8091-exec-7]         be.pxl.services.controller.PostController - Fetching post with ID: 252
2024-12-29T17:42:37.620+0100 INFO               [http-nio-8091-exec-8]         be.pxl.services.controller.PostController - Fetching post with ID: 153
2024-12-29T17:42:37.641+0100 INFO               [http-nio-8091-exec-1]         be.pxl.services.controller.PostController - Fetching post with ID: 202
2024-12-29T17:42:37.661+0100 INFO               [http-nio-8091-exec-9]         be.pxl.services.controller.PostController - Fetching post with ID: 252
2024-12-29T17:42:37.680+0100 INFO               [http-nio-8091-exec-10]        be.pxl.services.controller.PostController - Fetching post with ID: 252
2024-12-29T17:42:37.700+0100 INFO               [http-nio-8091-exec-2]         be.pxl.services.controller.PostController - Fetching post with ID: 303
2024-12-29T17:42:38.564+0100 INFO               [http-nio-8091-exec-3]         be.pxl.services.controller.PostController - Fetching post with ID: 252
2024-12-29T17:42:38.590+0100 INFO               [http-nio-8091-exec-4]         be.pxl.services.controller.PostController - Fetching post with ID: 153
2024-12-29T17:42:38.614+0100 INFO               [http-nio-8091-exec-5]         be.pxl.services.controller.PostController - Fetching post with ID: 202
2024-12-29T17:42:38.639+0100 INFO               [http-nio-8091-exec-6]         be.pxl.services.controller.PostController - Fetching post with ID: 252
2024-12-29T17:42:38.663+0100 INFO               [http-nio-8091-exec-7]         be.pxl.services.controller.PostController - Fetching post with ID: 252
2024-12-29T17:42:38.686+0100 INFO               [http-nio-8091-exec-8]         be.pxl.services.controller.PostController - Fetching post with ID: 303
2024-12-29T17:42:41.267+0100 INFO               [http-nio-8091-exec-1]         be.pxl.services.controller.PostController - Fetching posts with status DRAFT
2024-12-29T17:42:48.486+0100 INFO               [http-nio-8091-exec-9]         be.pxl.services.controller.PostController - Fetching posts with filters: author = null, content = null, date = null
2024-12-29T17:42:48.526+0100 INFO               [http-nio-8091-exec-10]        be.pxl.services.controller.PostController - Fetching posts with filters: author = null, content = null, date = null
2024-12-29T17:42:50.572+0100 INFO               [http-nio-8091-exec-2]         be.pxl.services.controller.PostController - Fetching post with ID: 252
2024-12-29T17:42:50.609+0100 INFO               [http-nio-8091-exec-3]         be.pxl.services.controller.PostController - Fetching post with ID: 153
2024-12-29T17:42:50.641+0100 INFO               [http-nio-8091-exec-4]         be.pxl.services.controller.PostController - Fetching post with ID: 202
2024-12-29T17:42:50.662+0100 INFO               [http-nio-8091-exec-5]         be.pxl.services.controller.PostController - Fetching post with ID: 252
2024-12-29T17:42:50.680+0100 INFO               [http-nio-8091-exec-6]         be.pxl.services.controller.PostController - Fetching post with ID: 252
2024-12-29T17:42:50.702+0100 INFO               [http-nio-8091-exec-7]         be.pxl.services.controller.PostController - Fetching post with ID: 303
2024-12-29T17:42:57.934+0100 INFO               [http-nio-8091-exec-8]         be.pxl.services.controller.PostController - Fetching posts with status DRAFT
2024-12-29T17:43:03.480+0100 INFO               [http-nio-8091-exec-1]         be.pxl.services.controller.PostController - Fetching post with ID: 252
2024-12-29T17:43:03.504+0100 INFO               [http-nio-8091-exec-9]         be.pxl.services.controller.PostController - Fetching post with ID: 153
2024-12-29T17:43:03.525+0100 INFO               [http-nio-8091-exec-10]        be.pxl.services.controller.PostController - Fetching post with ID: 202
2024-12-29T17:43:03.544+0100 INFO               [http-nio-8091-exec-2]         be.pxl.services.controller.PostController - Fetching post with ID: 252
2024-12-29T17:43:03.562+0100 INFO               [http-nio-8091-exec-3]         be.pxl.services.controller.PostController - Fetching post with ID: 252
2024-12-29T17:43:03.580+0100 INFO               [http-nio-8091-exec-4]         be.pxl.services.controller.PostController - Fetching post with ID: 303
2024-12-29T17:43:04.175+0100 INFO               [http-nio-8091-exec-5]         be.pxl.services.controller.PostController - Fetching posts with status DRAFT
2024-12-29T17:43:06.098+0100 INFO               [http-nio-8091-exec-6]         be.pxl.services.controller.PostController - Fetching posts with filters: author = null, content = null, date = null
2024-12-29T17:43:06.171+0100 INFO               [http-nio-8091-exec-7]         be.pxl.services.controller.PostController - Fetching posts with filters: author = null, content = null, date = null
2024-12-29T17:43:08.010+0100 INFO               [http-nio-8091-exec-8]         be.pxl.services.controller.PostController - Fetching posts with status DRAFT
2024-12-29T17:45:19.378+0100 INFO               [http-nio-8091-exec-10]        be.pxl.services.controller.PostController - Fetching posts with status DRAFT
2024-12-29T17:45:34.247+0100 INFO               [http-nio-8091-exec-2]         be.pxl.services.controller.PostController - Fetching posts with status DRAFT
2024-12-29T17:45:35.236+0100 INFO               [http-nio-8091-exec-3]         be.pxl.services.controller.PostController - Fetching posts with status DRAFT
2024-12-29T17:45:51.704+0100 INFO               [http-nio-8091-exec-4]         be.pxl.services.controller.PostController - Fetching posts with status DRAFT
2024-12-29T17:46:11.556+0100 INFO               [http-nio-8091-exec-5]         be.pxl.services.controller.PostController - Fetching posts with status DRAFT
2024-12-29T17:46:20.025+0100 INFO               [http-nio-8091-exec-6]         be.pxl.services.controller.PostController - Rejecting post with id303
2024-12-29T17:46:20.082+0100 INFO               [http-nio-8091-exec-7]         be.pxl.services.controller.PostController - Fetching posts with status DRAFT
2024-12-29T17:46:23.724+0100 INFO               [http-nio-8091-exec-8]         be.pxl.services.controller.PostController - Rejecting post with id304
2024-12-29T17:46:23.771+0100 INFO               [http-nio-8091-exec-1]         be.pxl.services.controller.PostController - Fetching posts with status DRAFT
2024-12-29T17:46:27.308+0100 INFO               [http-nio-8091-exec-9]         be.pxl.services.controller.PostController - Rejecting post with id305
2024-12-29T17:46:27.362+0100 INFO               [http-nio-8091-exec-10]        be.pxl.services.controller.PostController - Fetching posts with status DRAFT
2024-12-29T17:46:32.138+0100 INFO               [http-nio-8091-exec-2]         be.pxl.services.controller.PostController - Rejecting post with id307
2024-12-29T17:46:32.199+0100 INFO               [http-nio-8091-exec-3]         be.pxl.services.controller.PostController - Fetching posts with status DRAFT
2024-12-29T17:46:35.213+0100 INFO               [http-nio-8091-exec-4]         be.pxl.services.controller.PostController - Fetching post with ID: 252
2024-12-29T17:46:35.227+0100 INFO               [http-nio-8091-exec-5]         be.pxl.services.controller.PostController - Fetching post with ID: 153
2024-12-29T17:46:35.240+0100 INFO               [http-nio-8091-exec-6]         be.pxl.services.controller.PostController - Fetching post with ID: 202
2024-12-29T17:46:35.253+0100 INFO               [http-nio-8091-exec-7]         be.pxl.services.controller.PostController - Fetching post with ID: 252
2024-12-29T17:46:35.269+0100 INFO               [http-nio-8091-exec-8]         be.pxl.services.controller.PostController - Fetching post with ID: 252
2024-12-29T17:46:35.285+0100 INFO               [http-nio-8091-exec-1]         be.pxl.services.controller.PostController - Fetching post with ID: 303
2024-12-29T17:46:35.303+0100 INFO               [http-nio-8091-exec-9]         be.pxl.services.controller.PostController - Fetching post with ID: 303
2024-12-29T17:46:35.317+0100 INFO               [http-nio-8091-exec-10]        be.pxl.services.controller.PostController - Fetching post with ID: 304
2024-12-29T17:46:35.332+0100 INFO               [http-nio-8091-exec-2]         be.pxl.services.controller.PostController - Fetching post with ID: 305
2024-12-29T17:46:35.345+0100 INFO               [http-nio-8091-exec-3]         be.pxl.services.controller.PostController - Fetching post with ID: 307
2024-12-29T17:46:42.942+0100 INFO               [http-nio-8091-exec-4]         be.pxl.services.controller.PostController - Fetching post with ID: 252
2024-12-29T17:46:42.976+0100 INFO               [http-nio-8091-exec-5]         be.pxl.services.controller.PostController - Fetching post with ID: 153
2024-12-29T17:46:42.993+0100 INFO               [http-nio-8091-exec-6]         be.pxl.services.controller.PostController - Fetching post with ID: 202
2024-12-29T17:46:43.010+0100 INFO               [http-nio-8091-exec-7]         be.pxl.services.controller.PostController - Fetching post with ID: 252
2024-12-29T17:46:43.031+0100 INFO               [http-nio-8091-exec-8]         be.pxl.services.controller.PostController - Fetching post with ID: 252
2024-12-29T17:46:43.045+0100 INFO               [http-nio-8091-exec-1]         be.pxl.services.controller.PostController - Fetching post with ID: 303
2024-12-29T17:46:43.060+0100 INFO               [http-nio-8091-exec-9]         be.pxl.services.controller.PostController - Fetching post with ID: 303
2024-12-29T17:46:43.110+0100 INFO               [http-nio-8091-exec-10]        be.pxl.services.controller.PostController - Fetching post with ID: 304
2024-12-29T17:46:43.132+0100 INFO               [http-nio-8091-exec-2]         be.pxl.services.controller.PostController - Fetching post with ID: 305
2024-12-29T17:46:43.148+0100 INFO               [http-nio-8091-exec-3]         be.pxl.services.controller.PostController - Fetching post with ID: 307
2024-12-29T17:46:44.795+0100 INFO               [http-nio-8091-exec-4]         be.pxl.services.controller.PostController - Fetching posts with filters: author = null, content = null, date = null
2024-12-29T17:46:44.818+0100 INFO               [http-nio-8091-exec-5]         be.pxl.services.controller.PostController - Fetching posts with filters: author = null, content = null, date = null
2024-12-29T18:14:34.348+0100 INFO               [http-nio-8091-exec-8]         be.pxl.services.controller.PostController - Fetching posts with filters: author = null, content = null, date = null
2024-12-29T18:14:34.374+0100 INFO               [http-nio-8091-exec-1]         be.pxl.services.controller.PostController - Fetching posts with filters: author = null, content = null, date = null
