2024-12-27T19:53:15.267+0100 INFO               [main]                         be.pxl.services.ConfigServiceApplication - Starting ConfigServiceApplication using Java 17.0.13 with PID 14352 (C:\Users\12000904\Documents\semester 1\Java Fullstack\project-DiegoRussottoPXL\backend-java\Contentbeheer_backend\config-service\target\classes started by 12000904 in C:\Users\12000904\Documents\semester 1\Java Fullstack\project-DiegoRussottoPXL\backend-java\Contentbeheer_backend)
2024-12-27T19:53:15.273+0100 DEBUG              [main]                         be.pxl.services.ConfigServiceApplication - Running with Spring Boot v3.3.4, Spring v6.1.13
2024-12-27T19:53:15.274+0100 INFO               [main]                         be.pxl.services.ConfigServiceApplication - The following 1 profile is active: "native"
2024-12-27T19:53:17.971+0100 INFO               [main]                         be.pxl.services.ConfigServiceApplication - Started ConfigServiceApplication in 3.659 seconds (process running for 7.965)
2024-12-27T19:53:27.725+0100 INFO               [main]                         be.pxl.services.DiscoveryServiceApplication - Starting DiscoveryServiceApplication using Java 17.0.13 with PID 16376 (C:\Users\12000904\Documents\semester 1\Java Fullstack\project-DiegoRussottoPXL\backend-java\Contentbeheer_backend\discovery-service\target\classes started by 12000904 in C:\Users\12000904\Documents\semester 1\Java Fullstack\project-DiegoRussottoPXL\backend-java\Contentbeheer_backend)
2024-12-27T19:53:27.727+0100 DEBUG              [main]                         be.pxl.services.DiscoveryServiceApplication - Running with Spring Boot v3.3.4, Spring v6.1.13
2024-12-27T19:53:27.728+0100 INFO               [main]                         be.pxl.services.DiscoveryServiceApplication - No active profile set, falling back to 1 default profile: "default"
2024-12-27T19:53:32.479+0100 INFO               [main]                         be.pxl.services.DiscoveryServiceApplication - Started DiscoveryServiceApplication in 6.275 seconds (process running for 12.157)
2024-12-27T19:54:03.787+0100 INFO               [main]                         be.pxl.services.GatewayServiceApplication - Starting GatewayServiceApplication using Java 17.0.13 with PID 18208 (C:\Users\12000904\Documents\semester 1\Java Fullstack\project-DiegoRussottoPXL\backend-java\Contentbeheer_backend\gateway-service\target\classes started by 12000904 in C:\Users\12000904\Documents\semester 1\Java Fullstack\project-DiegoRussottoPXL\backend-java\Contentbeheer_backend)
2024-12-27T19:54:03.790+0100 DEBUG              [main]                         be.pxl.services.GatewayServiceApplication - Running with Spring Boot v3.3.4, Spring v6.1.13
2024-12-27T19:54:03.791+0100 INFO               [main]                         be.pxl.services.GatewayServiceApplication - No active profile set, falling back to 1 default profile: "default"
2024-12-27T19:54:08.471+0100 INFO               [main]                         be.pxl.services.GatewayServiceApplication - Started GatewayServiceApplication in 5.964 seconds (process running for 8.007)
2024-12-27T19:54:11.511+0100 INFO               [main]                         be.pxl.services.PostServiceApplication - Starting PostServiceApplication using Java 17.0.13 with PID 3140 (C:\Users\12000904\Documents\semester 1\Java Fullstack\project-DiegoRussottoPXL\backend-java\Contentbeheer_backend\post-service\target\classes started by 12000904 in C:\Users\12000904\Documents\semester 1\Java Fullstack\project-DiegoRussottoPXL\backend-java\Contentbeheer_backend)
2024-12-27T19:54:11.512+0100 DEBUG              [main]                         be.pxl.services.PostServiceApplication - Running with Spring Boot v3.3.4, Spring v6.1.13
2024-12-27T19:54:11.513+0100 INFO               [main]                         be.pxl.services.PostServiceApplication - No active profile set, falling back to 1 default profile: "default"
2024-12-27T19:54:16.772+0100 INFO               [main]                         be.pxl.services.CommentServiceApplication - Starting CommentServiceApplication using Java 17.0.13 with PID 6016 (C:\Users\12000904\Documents\semester 1\Java Fullstack\project-DiegoRussottoPXL\backend-java\Contentbeheer_backend\comment-service\target\classes started by 12000904 in C:\Users\12000904\Documents\semester 1\Java Fullstack\project-DiegoRussottoPXL\backend-java\Contentbeheer_backend)
2024-12-27T19:54:16.774+0100 DEBUG              [main]                         be.pxl.services.CommentServiceApplication - Running with Spring Boot v3.3.4, Spring v6.1.13
2024-12-27T19:54:16.775+0100 INFO               [main]                         be.pxl.services.CommentServiceApplication - No active profile set, falling back to 1 default profile: "default"
2024-12-27T19:54:27.926+0100 INFO               [main]                         be.pxl.services.ReviewServiceApplication - Starting ReviewServiceApplication using Java 17.0.13 with PID 15332 (C:\Users\12000904\Documents\semester 1\Java Fullstack\project-DiegoRussottoPXL\backend-java\Contentbeheer_backend\review-service\target\classes started by 12000904 in C:\Users\12000904\Documents\semester 1\Java Fullstack\project-DiegoRussottoPXL\backend-java\Contentbeheer_backend)
2024-12-27T19:54:27.927+0100 DEBUG              [main]                         be.pxl.services.ReviewServiceApplication - Running with Spring Boot v3.3.4, Spring v6.1.13
2024-12-27T19:54:27.928+0100 INFO               [main]                         be.pxl.services.ReviewServiceApplication - No active profile set, falling back to 1 default profile: "default"
2024-12-27T19:59:43.935+0100 INFO               [main]                         be.pxl.services.PostServiceApplication - Starting PostServiceApplication using Java 17.0.13 with PID 18612 (C:\Users\12000904\Documents\semester 1\Java Fullstack\project-DiegoRussottoPXL\backend-java\Contentbeheer_backend\post-service\target\classes started by 12000904 in C:\Users\12000904\Documents\semester 1\Java Fullstack\project-DiegoRussottoPXL\backend-java\Contentbeheer_backend)
2024-12-27T19:59:43.937+0100 DEBUG              [main]                         be.pxl.services.PostServiceApplication - Running with Spring Boot v3.3.4, Spring v6.1.13
2024-12-27T19:59:43.939+0100 INFO               [main]                         be.pxl.services.PostServiceApplication - No active profile set, falling back to 1 default profile: "default"
2024-12-27T19:59:45.655+0100 INFO               [main]                         be.pxl.services.CommentServiceApplication - Starting CommentServiceApplication using Java 17.0.13 with PID 20732 (C:\Users\12000904\Documents\semester 1\Java Fullstack\project-DiegoRussottoPXL\backend-java\Contentbeheer_backend\comment-service\target\classes started by 12000904 in C:\Users\12000904\Documents\semester 1\Java Fullstack\project-DiegoRussottoPXL\backend-java\Contentbeheer_backend)
2024-12-27T19:59:45.658+0100 DEBUG              [main]                         be.pxl.services.CommentServiceApplication - Running with Spring Boot v3.3.4, Spring v6.1.13
2024-12-27T19:59:45.670+0100 INFO               [main]                         be.pxl.services.CommentServiceApplication - No active profile set, falling back to 1 default profile: "default"
2024-12-27T19:59:52.106+0100 INFO               [main]                         be.pxl.services.PostServiceApplication - Started PostServiceApplication in 10.028 seconds (process running for 19.23)
2024-12-27T19:59:52.188+0100 INFO               [main]                         be.pxl.services.CommentServiceApplication - Started CommentServiceApplication in 8.479 seconds (process running for 9.449)
2024-12-27T20:00:00.647+0100 INFO               [main]                         be.pxl.services.ReviewServiceApplication - Starting ReviewServiceApplication using Java 17.0.13 with PID 5888 (C:\Users\12000904\Documents\semester 1\Java Fullstack\project-DiegoRussottoPXL\backend-java\Contentbeheer_backend\review-service\target\classes started by 12000904 in C:\Users\12000904\Documents\semester 1\Java Fullstack\project-DiegoRussottoPXL\backend-java\Contentbeheer_backend)
2024-12-27T20:00:00.649+0100 DEBUG              [main]                         be.pxl.services.ReviewServiceApplication - Running with Spring Boot v3.3.4, Spring v6.1.13
2024-12-27T20:00:00.650+0100 INFO               [main]                         be.pxl.services.ReviewServiceApplication - No active profile set, falling back to 1 default profile: "default"
2024-12-27T20:00:08.893+0100 INFO               [main]                         be.pxl.services.ReviewServiceApplication - Started ReviewServiceApplication in 9.9 seconds (process running for 10.956)
2024-12-27T20:00:40.276+0100 INFO               [http-nio-8091-exec-1]         be.pxl.services.controller.PostController - Fetching posts with filters: author = null, content = null, date = null
2024-12-27T20:00:40.821+0100 INFO               [http-nio-8091-exec-2]         be.pxl.services.controller.PostController - Fetching posts with filters: author = null, content = null, date = null
2024-12-27T20:00:52.360+0100 INFO               [http-nio-8091-exec-4]         be.pxl.services.controller.PostController - Fetching posts with filters: author = null, content = null, date = null
2024-12-27T20:00:52.413+0100 INFO               [http-nio-8091-exec-5]         be.pxl.services.controller.PostController - Fetching posts with filters: author = null, content = null, date = null
2024-12-27T20:01:11.652+0100 INFO               [http-nio-8091-exec-7]         be.pxl.services.controller.PostController - Fetching posts with filters: author = null, content = null, date = null
2024-12-27T20:01:11.721+0100 INFO               [http-nio-8091-exec-8]         be.pxl.services.controller.PostController - Fetching posts with filters: author = null, content = null, date = null
2024-12-27T20:03:33.481+0100 INFO               [http-nio-8091-exec-3]         be.pxl.services.controller.PostController - Fetching posts with filters: author = null, content = null, date = null
2024-12-27T20:03:33.511+0100 INFO               [http-nio-8091-exec-4]         be.pxl.services.controller.PostController - Fetching posts with filters: author = null, content = null, date = null
2024-12-27T20:03:42.016+0100 INFO               [http-nio-8091-exec-5]         be.pxl.services.controller.PostController - Fetching posts with filters: author = null, content = null, date = null
2024-12-27T20:03:42.055+0100 INFO               [http-nio-8091-exec-6]         be.pxl.services.controller.PostController - Fetching posts with filters: author = null, content = null, date = null
2024-12-27T20:03:43.090+0100 INFO               [http-nio-8091-exec-7]         be.pxl.services.controller.PostController - Fetching posts with filters: author = null, content = null, date = null
2024-12-27T20:03:43.120+0100 INFO               [http-nio-8091-exec-8]         be.pxl.services.controller.PostController - Fetching posts with filters: author = null, content = null, date = null
2024-12-27T20:04:19.129+0100 INFO               [http-nio-8091-exec-9]         be.pxl.services.controller.PostController - Fetching posts with filters: author = null, content = null, date = null
2024-12-27T20:04:19.255+0100 INFO               [http-nio-8091-exec-1]         be.pxl.services.controller.PostController - Fetching posts with filters: author = null, content = null, date = null
2024-12-27T20:04:20.403+0100 INFO               [http-nio-8091-exec-2]         be.pxl.services.controller.PostController - Fetching posts with filters: author = null, content = null, date = null
2024-12-27T20:04:20.437+0100 INFO               [http-nio-8091-exec-3]         be.pxl.services.controller.PostController - Fetching posts with filters: author = null, content = null, date = null
2024-12-27T20:07:16.605+0100 INFO               [http-nio-8091-exec-7]         be.pxl.services.controller.PostController - Fetching posts with filters: author = null, content = null, date = null
2024-12-27T20:07:16.644+0100 INFO               [http-nio-8091-exec-8]         be.pxl.services.controller.PostController - Fetching posts with filters: author = null, content = null, date = null
2024-12-27T20:07:22.961+0100 INFO               [http-nio-8091-exec-10]        be.pxl.services.controller.PostController - Fetching posts with filters: author = null, content = null, date = null
2024-12-27T20:07:22.990+0100 INFO               [http-nio-8091-exec-9]         be.pxl.services.controller.PostController - Fetching posts with filters: author = null, content = null, date = null
2024-12-27T20:07:26.123+0100 INFO               [http-nio-8091-exec-1]         be.pxl.services.controller.PostController - Fetching posts with filters: author = null, content = null, date = null
2024-12-27T20:07:26.150+0100 INFO               [http-nio-8091-exec-2]         be.pxl.services.controller.PostController - Fetching posts with filters: author = null, content = null, date = null
2024-12-27T20:07:37.555+0100 INFO               [http-nio-8091-exec-3]         be.pxl.services.controller.PostController - Fetching posts with filters: author = null, content = null, date = null
2024-12-27T20:07:37.600+0100 INFO               [http-nio-8091-exec-4]         be.pxl.services.controller.PostController - Fetching posts with filters: author = null, content = null, date = null
2024-12-27T20:07:39.248+0100 INFO               [http-nio-8091-exec-5]         be.pxl.services.controller.PostController - Fetching posts with filters: author = null, content = null, date = null
2024-12-27T20:07:39.276+0100 INFO               [http-nio-8091-exec-6]         be.pxl.services.controller.PostController - Fetching posts with filters: author = null, content = null, date = null
2024-12-27T20:07:43.014+0100 INFO               [http-nio-8091-exec-7]         be.pxl.services.controller.PostController - Fetching posts with filters: author = null, content = null, date = null
2024-12-27T20:07:43.040+0100 INFO               [http-nio-8091-exec-8]         be.pxl.services.controller.PostController - Fetching posts with filters: author = null, content = null, date = null
2024-12-27T20:07:46.135+0100 INFO               [http-nio-8091-exec-10]        be.pxl.services.controller.PostController - Fetching posts with filters: author = null, content = null, date = null
2024-12-27T20:07:46.159+0100 INFO               [http-nio-8091-exec-9]         be.pxl.services.controller.PostController - Fetching posts with filters: author = null, content = null, date = null
2024-12-27T20:08:03.827+0100 INFO               [http-nio-8091-exec-2]         be.pxl.services.controller.PostController - Fetching posts with filters: author = null, content = null, date = null
2024-12-27T20:08:03.862+0100 INFO               [http-nio-8091-exec-3]         be.pxl.services.controller.PostController - Fetching posts with filters: author = null, content = null, date = null
2024-12-27T20:09:59.998+0100 INFO               [http-nio-8091-exec-6]         be.pxl.services.controller.PostController - Fetching posts with filters: author = null, content = null, date = null
2024-12-27T20:10:00.059+0100 INFO               [http-nio-8091-exec-7]         be.pxl.services.controller.PostController - Fetching posts with filters: author = null, content = null, date = null
