2025-01-03T14:18:51.444+0100 INFO               [main]                         be.pxl.services.ConfigServiceApplication - Starting ConfigServiceApplication using Java 17.0.13 with PID 8228 (C:\Users\12000904\Documents\semester 1\Java Fullstack\project-DiegoRussottoPXL\backend-java\Contentbeheer_backend\config-service\target\classes started by 12000904 in C:\Users\12000904\Documents\semester 1\Java Fullstack\project-DiegoRussottoPXL\backend-java\Contentbeheer_backend)
2025-01-03T14:18:51.449+0100 DEBUG              [main]                         be.pxl.services.ConfigServiceApplication - Running with Spring Boot v3.3.4, Spring v6.1.13
2025-01-03T14:18:51.451+0100 INFO               [main]                         be.pxl.services.ConfigServiceApplication - The following 1 profile is active: "native"
2025-01-03T14:18:53.698+0100 INFO               [main]                         be.pxl.services.ConfigServiceApplication - Started ConfigServiceApplication in 3.049 seconds (process running for 5.544)
2025-01-03T14:19:03.142+0100 INFO               [main]                         be.pxl.services.DiscoveryServiceApplication - Starting DiscoveryServiceApplication using Java 17.0.13 with PID 30328 (C:\Users\12000904\Documents\semester 1\Java Fullstack\project-DiegoRussottoPXL\backend-java\Contentbeheer_backend\discovery-service\target\classes started by 12000904 in C:\Users\12000904\Documents\semester 1\Java Fullstack\project-DiegoRussottoPXL\backend-java\Contentbeheer_backend)
2025-01-03T14:19:03.143+0100 DEBUG              [main]                         be.pxl.services.DiscoveryServiceApplication - Running with Spring Boot v3.3.4, Spring v6.1.13
2025-01-03T14:19:03.144+0100 INFO               [main]                         be.pxl.services.DiscoveryServiceApplication - No active profile set, falling back to 1 default profile: "default"
2025-01-03T14:19:07.062+0100 INFO               [main]                         be.pxl.services.DiscoveryServiceApplication - Started DiscoveryServiceApplication in 5.187 seconds (process running for 9.016)
2025-01-03T14:19:14.511+0100 INFO               [main]                         be.pxl.services.GatewayServiceApplication - Starting GatewayServiceApplication using Java 17.0.13 with PID 9776 (C:\Users\12000904\Documents\semester 1\Java Fullstack\project-DiegoRussottoPXL\backend-java\Contentbeheer_backend\gateway-service\target\classes started by 12000904 in C:\Users\12000904\Documents\semester 1\Java Fullstack\project-DiegoRussottoPXL\backend-java\Contentbeheer_backend)
2025-01-03T14:19:14.512+0100 DEBUG              [main]                         be.pxl.services.GatewayServiceApplication - Running with Spring Boot v3.3.4, Spring v6.1.13
2025-01-03T14:19:14.515+0100 INFO               [main]                         be.pxl.services.GatewayServiceApplication - No active profile set, falling back to 1 default profile: "default"
2025-01-03T14:19:18.252+0100 INFO               [main]                         be.pxl.services.GatewayServiceApplication - Started GatewayServiceApplication in 4.859 seconds (process running for 6.999)
2025-01-03T14:19:39.659+0100 INFO               [main]                         be.pxl.services.PostServiceApplication - Starting PostServiceApplication using Java 17.0.13 with PID 19804 (C:\Users\12000904\Documents\semester 1\Java Fullstack\project-DiegoRussottoPXL\backend-java\Contentbeheer_backend\post-service\target\classes started by 12000904 in C:\Users\12000904\Documents\semester 1\Java Fullstack\project-DiegoRussottoPXL\backend-java\Contentbeheer_backend)
2025-01-03T14:19:39.661+0100 DEBUG              [main]                         be.pxl.services.PostServiceApplication - Running with Spring Boot v3.3.4, Spring v6.1.13
2025-01-03T14:19:39.661+0100 INFO               [main]                         be.pxl.services.PostServiceApplication - No active profile set, falling back to 1 default profile: "default"
2025-01-03T14:19:45.364+0100 INFO               [main]                         be.pxl.services.PostServiceApplication - Started PostServiceApplication in 6.89 seconds (process running for 9.051)
2025-01-03T14:20:01.858+0100 INFO               [main]                         be.pxl.services.ReviewServiceApplication - Starting ReviewServiceApplication using Java 17.0.13 with PID 31072 (C:\Users\12000904\Documents\semester 1\Java Fullstack\project-DiegoRussottoPXL\backend-java\Contentbeheer_backend\review-service\target\classes started by 12000904 in C:\Users\12000904\Documents\semester 1\Java Fullstack\project-DiegoRussottoPXL\backend-java\Contentbeheer_backend)
2025-01-03T14:20:01.860+0100 DEBUG              [main]                         be.pxl.services.ReviewServiceApplication - Running with Spring Boot v3.3.4, Spring v6.1.13
2025-01-03T14:20:01.861+0100 INFO               [main]                         be.pxl.services.ReviewServiceApplication - No active profile set, falling back to 1 default profile: "default"
2025-01-03T14:20:07.748+0100 INFO               [main]                         be.pxl.services.ReviewServiceApplication - Started ReviewServiceApplication in 7.478 seconds (process running for 8.401)
2025-01-03T14:20:16.829+0100 INFO               [main]                         be.pxl.services.CommentServiceApplication - Starting CommentServiceApplication using Java 17.0.13 with PID 20168 (C:\Users\12000904\Documents\semester 1\Java Fullstack\project-DiegoRussottoPXL\backend-java\Contentbeheer_backend\comment-service\target\classes started by 12000904 in C:\Users\12000904\Documents\semester 1\Java Fullstack\project-DiegoRussottoPXL\backend-java\Contentbeheer_backend)
2025-01-03T14:20:16.830+0100 DEBUG              [main]                         be.pxl.services.CommentServiceApplication - Running with Spring Boot v3.3.4, Spring v6.1.13
2025-01-03T14:20:16.831+0100 INFO               [main]                         be.pxl.services.CommentServiceApplication - No active profile set, falling back to 1 default profile: "default"
2025-01-03T14:20:22.247+0100 INFO               [main]                         be.pxl.services.CommentServiceApplication - Started CommentServiceApplication in 6.725 seconds (process running for 7.58)
2025-01-03T14:21:23.441+0100 INFO               [http-nio-8093-exec-1]         be.pxl.services.controller.ReviewController - Fetching all drafts
2025-01-03T14:21:23.441+0100 INFO               [http-nio-8093-exec-1]         be.pxl.services.controller.ReviewController - Calling Feign client to get drafts...
2025-01-03T14:21:23.698+0100 INFO               [http-nio-8091-exec-1]         be.pxl.services.controller.PostController - Fetching posts with status DRAFT
2025-01-03T14:21:23.925+0100 INFO               [http-nio-8093-exec-1]         be.pxl.services.controller.ReviewController - Received drafts: [PostResponse(id=304, title=tw, content=fe, author=BaBaYan, date=2024-12-30, status=DRAFT)]
2025-01-03T14:21:24.810+0100 INFO               [http-nio-8093-exec-2]         be.pxl.services.controller.ReviewController - Fetching all rejected posts
2025-01-03T14:21:24.810+0100 INFO               [http-nio-8093-exec-2]         be.pxl.services.controller.ReviewController - Fetching all rejected posts from the database...
2025-01-03T14:21:25.010+0100 INFO               [http-nio-8093-exec-2]         be.pxl.services.controller.ReviewController - Found 9 rejected reviews in the database. Mapping to RejectedPost objects...
2025-01-03T14:21:25.011+0100 INFO               [http-nio-8093-exec-2]         be.pxl.services.controller.ReviewController - Fetching post details for post ID: 153
2025-01-03T14:21:25.028+0100 INFO               [http-nio-8091-exec-4]         be.pxl.services.controller.PostController - Fetching post with ID: 153
2025-01-03T14:21:25.064+0100 INFO               [http-nio-8091-exec-4]         be.pxl.services.service.PostService - Post with ID: 153 retrieved successfully
2025-01-03T14:21:25.064+0100 DEBUG              [http-nio-8091-exec-4]         be.pxl.services.service.PostService - Mapping post ID: 153 to PostResponse
2025-01-03T14:21:25.067+0100 INFO               [http-nio-8093-exec-2]         be.pxl.services.controller.ReviewController - Post details found for post ID: 153. Adding rejection reason.
2025-01-03T14:21:25.068+0100 INFO               [http-nio-8093-exec-2]         be.pxl.services.controller.ReviewController - Fetching post details for post ID: 202
2025-01-03T14:21:25.070+0100 INFO               [http-nio-8091-exec-5]         be.pxl.services.controller.PostController - Fetching post with ID: 202
2025-01-03T14:21:25.079+0100 INFO               [http-nio-8091-exec-5]         be.pxl.services.service.PostService - Post with ID: 202 retrieved successfully
2025-01-03T14:21:25.079+0100 DEBUG              [http-nio-8091-exec-5]         be.pxl.services.service.PostService - Mapping post ID: 202 to PostResponse
2025-01-03T14:21:25.080+0100 INFO               [http-nio-8093-exec-2]         be.pxl.services.controller.ReviewController - Post details found for post ID: 202. Adding rejection reason.
2025-01-03T14:21:25.081+0100 INFO               [http-nio-8093-exec-2]         be.pxl.services.controller.ReviewController - Fetching post details for post ID: 252
2025-01-03T14:21:25.083+0100 INFO               [http-nio-8091-exec-2]         be.pxl.services.controller.PostController - Fetching post with ID: 252
2025-01-03T14:21:25.092+0100 INFO               [http-nio-8091-exec-2]         be.pxl.services.service.PostService - Post with ID: 252 retrieved successfully
2025-01-03T14:21:25.092+0100 DEBUG              [http-nio-8091-exec-2]         be.pxl.services.service.PostService - Mapping post ID: 252 to PostResponse
2025-01-03T14:21:25.094+0100 INFO               [http-nio-8093-exec-2]         be.pxl.services.controller.ReviewController - Post details found for post ID: 252. Adding rejection reason.
2025-01-03T14:21:25.094+0100 INFO               [http-nio-8093-exec-2]         be.pxl.services.controller.ReviewController - Fetching post details for post ID: 252
2025-01-03T14:21:25.096+0100 INFO               [http-nio-8091-exec-3]         be.pxl.services.controller.PostController - Fetching post with ID: 252
2025-01-03T14:21:25.106+0100 INFO               [http-nio-8091-exec-3]         be.pxl.services.service.PostService - Post with ID: 252 retrieved successfully
2025-01-03T14:21:25.106+0100 DEBUG              [http-nio-8091-exec-3]         be.pxl.services.service.PostService - Mapping post ID: 252 to PostResponse
2025-01-03T14:21:25.108+0100 INFO               [http-nio-8093-exec-2]         be.pxl.services.controller.ReviewController - Post details found for post ID: 252. Adding rejection reason.
2025-01-03T14:21:25.108+0100 INFO               [http-nio-8093-exec-2]         be.pxl.services.controller.ReviewController - Fetching post details for post ID: 303
2025-01-03T14:21:25.110+0100 INFO               [http-nio-8091-exec-6]         be.pxl.services.controller.PostController - Fetching post with ID: 303
2025-01-03T14:21:25.118+0100 INFO               [http-nio-8091-exec-6]         be.pxl.services.service.PostService - Post with ID: 303 retrieved successfully
2025-01-03T14:21:25.118+0100 DEBUG              [http-nio-8091-exec-6]         be.pxl.services.service.PostService - Mapping post ID: 303 to PostResponse
2025-01-03T14:21:25.120+0100 INFO               [http-nio-8093-exec-2]         be.pxl.services.controller.ReviewController - Post details found for post ID: 303. Adding rejection reason.
2025-01-03T14:21:25.120+0100 INFO               [http-nio-8093-exec-2]         be.pxl.services.controller.ReviewController - Fetching post details for post ID: 303
2025-01-03T14:21:25.121+0100 INFO               [http-nio-8091-exec-7]         be.pxl.services.controller.PostController - Fetching post with ID: 303
2025-01-03T14:21:25.132+0100 INFO               [http-nio-8091-exec-7]         be.pxl.services.service.PostService - Post with ID: 303 retrieved successfully
2025-01-03T14:21:25.132+0100 DEBUG              [http-nio-8091-exec-7]         be.pxl.services.service.PostService - Mapping post ID: 303 to PostResponse
2025-01-03T14:21:25.134+0100 INFO               [http-nio-8093-exec-2]         be.pxl.services.controller.ReviewController - Post details found for post ID: 303. Adding rejection reason.
2025-01-03T14:21:25.134+0100 INFO               [http-nio-8093-exec-2]         be.pxl.services.controller.ReviewController - Fetching post details for post ID: 305
2025-01-03T14:21:25.136+0100 INFO               [http-nio-8091-exec-8]         be.pxl.services.controller.PostController - Fetching post with ID: 305
2025-01-03T14:21:25.146+0100 INFO               [http-nio-8091-exec-8]         be.pxl.services.service.PostService - Post with ID: 305 retrieved successfully
2025-01-03T14:21:25.147+0100 DEBUG              [http-nio-8091-exec-8]         be.pxl.services.service.PostService - Mapping post ID: 305 to PostResponse
2025-01-03T14:21:25.149+0100 INFO               [http-nio-8093-exec-2]         be.pxl.services.controller.ReviewController - Post details found for post ID: 305. Adding rejection reason.
2025-01-03T14:21:25.149+0100 INFO               [http-nio-8093-exec-2]         be.pxl.services.controller.ReviewController - Fetching post details for post ID: 307
2025-01-03T14:21:25.151+0100 INFO               [http-nio-8091-exec-9]         be.pxl.services.controller.PostController - Fetching post with ID: 307
2025-01-03T14:21:25.161+0100 INFO               [http-nio-8091-exec-9]         be.pxl.services.service.PostService - Post with ID: 307 retrieved successfully
2025-01-03T14:21:25.161+0100 DEBUG              [http-nio-8091-exec-9]         be.pxl.services.service.PostService - Mapping post ID: 307 to PostResponse
2025-01-03T14:21:25.163+0100 INFO               [http-nio-8093-exec-2]         be.pxl.services.controller.ReviewController - Post details found for post ID: 307. Adding rejection reason.
2025-01-03T14:21:25.163+0100 INFO               [http-nio-8093-exec-2]         be.pxl.services.controller.ReviewController - Fetching post details for post ID: 252
2025-01-03T14:21:25.165+0100 INFO               [http-nio-8091-exec-10]        be.pxl.services.controller.PostController - Fetching post with ID: 252
2025-01-03T14:21:25.173+0100 INFO               [http-nio-8091-exec-10]        be.pxl.services.service.PostService - Post with ID: 252 retrieved successfully
2025-01-03T14:21:25.173+0100 DEBUG              [http-nio-8091-exec-10]        be.pxl.services.service.PostService - Mapping post ID: 252 to PostResponse
2025-01-03T14:21:25.175+0100 INFO               [http-nio-8093-exec-2]         be.pxl.services.controller.ReviewController - Post details found for post ID: 252. Adding rejection reason.
2025-01-03T14:21:25.175+0100 INFO               [http-nio-8093-exec-2]         be.pxl.services.controller.ReviewController - Successfully mapped rejected reviews to 9 RejectedPost objects.
2025-01-03T14:21:26.653+0100 INFO               [http-nio-8091-exec-1]         be.pxl.services.controller.PostController - Fetching posts with filters: author = null, content = null, date = null
2025-01-03T14:21:26.673+0100 INFO               [http-nio-8091-exec-1]         be.pxl.services.service.PostService - Filtered posts count: 18
2025-01-03T14:21:26.673+0100 DEBUG              [http-nio-8091-exec-1]         be.pxl.services.service.PostService - Mapping post ID: 1 to PostResponse
2025-01-03T14:21:26.674+0100 DEBUG              [http-nio-8091-exec-1]         be.pxl.services.service.PostService - Mapping post ID: 2 to PostResponse
2025-01-03T14:21:26.674+0100 DEBUG              [http-nio-8091-exec-1]         be.pxl.services.service.PostService - Mapping post ID: 3 to PostResponse
2025-01-03T14:21:26.674+0100 DEBUG              [http-nio-8091-exec-1]         be.pxl.services.service.PostService - Mapping post ID: 4 to PostResponse
2025-01-03T14:21:26.674+0100 DEBUG              [http-nio-8091-exec-1]         be.pxl.services.service.PostService - Mapping post ID: 5 to PostResponse
2025-01-03T14:21:26.674+0100 DEBUG              [http-nio-8091-exec-1]         be.pxl.services.service.PostService - Mapping post ID: 52 to PostResponse
2025-01-03T14:21:26.674+0100 DEBUG              [http-nio-8091-exec-1]         be.pxl.services.service.PostService - Mapping post ID: 102 to PostResponse
2025-01-03T14:21:26.674+0100 DEBUG              [http-nio-8091-exec-1]         be.pxl.services.service.PostService - Mapping post ID: 152 to PostResponse
2025-01-03T14:21:26.674+0100 DEBUG              [http-nio-8091-exec-1]         be.pxl.services.service.PostService - Mapping post ID: 153 to PostResponse
2025-01-03T14:21:26.674+0100 DEBUG              [http-nio-8091-exec-1]         be.pxl.services.service.PostService - Mapping post ID: 202 to PostResponse
2025-01-03T14:21:26.674+0100 DEBUG              [http-nio-8091-exec-1]         be.pxl.services.service.PostService - Mapping post ID: 252 to PostResponse
2025-01-03T14:21:26.674+0100 DEBUG              [http-nio-8091-exec-1]         be.pxl.services.service.PostService - Mapping post ID: 302 to PostResponse
2025-01-03T14:21:26.674+0100 DEBUG              [http-nio-8091-exec-1]         be.pxl.services.service.PostService - Mapping post ID: 303 to PostResponse
2025-01-03T14:21:26.674+0100 DEBUG              [http-nio-8091-exec-1]         be.pxl.services.service.PostService - Mapping post ID: 304 to PostResponse
2025-01-03T14:21:26.674+0100 DEBUG              [http-nio-8091-exec-1]         be.pxl.services.service.PostService - Mapping post ID: 305 to PostResponse
2025-01-03T14:21:26.674+0100 DEBUG              [http-nio-8091-exec-1]         be.pxl.services.service.PostService - Mapping post ID: 306 to PostResponse
2025-01-03T14:21:26.674+0100 DEBUG              [http-nio-8091-exec-1]         be.pxl.services.service.PostService - Mapping post ID: 307 to PostResponse
2025-01-03T14:21:26.674+0100 DEBUG              [http-nio-8091-exec-1]         be.pxl.services.service.PostService - Mapping post ID: 352 to PostResponse
2025-01-03T14:21:26.690+0100 INFO               [http-nio-8091-exec-4]         be.pxl.services.controller.PostController - Fetching posts with filters: author = null, content = null, date = null
2025-01-03T14:21:26.704+0100 INFO               [http-nio-8091-exec-4]         be.pxl.services.service.PostService - Filtered posts count: 18
2025-01-03T14:21:26.704+0100 DEBUG              [http-nio-8091-exec-4]         be.pxl.services.service.PostService - Mapping post ID: 1 to PostResponse
2025-01-03T14:21:26.704+0100 DEBUG              [http-nio-8091-exec-4]         be.pxl.services.service.PostService - Mapping post ID: 2 to PostResponse
2025-01-03T14:21:26.704+0100 DEBUG              [http-nio-8091-exec-4]         be.pxl.services.service.PostService - Mapping post ID: 3 to PostResponse
2025-01-03T14:21:26.704+0100 DEBUG              [http-nio-8091-exec-4]         be.pxl.services.service.PostService - Mapping post ID: 4 to PostResponse
2025-01-03T14:21:26.704+0100 DEBUG              [http-nio-8091-exec-4]         be.pxl.services.service.PostService - Mapping post ID: 5 to PostResponse
2025-01-03T14:21:26.704+0100 DEBUG              [http-nio-8091-exec-4]         be.pxl.services.service.PostService - Mapping post ID: 52 to PostResponse
2025-01-03T14:21:26.704+0100 DEBUG              [http-nio-8091-exec-4]         be.pxl.services.service.PostService - Mapping post ID: 102 to PostResponse
2025-01-03T14:21:26.704+0100 DEBUG              [http-nio-8091-exec-4]         be.pxl.services.service.PostService - Mapping post ID: 152 to PostResponse
2025-01-03T14:21:26.704+0100 DEBUG              [http-nio-8091-exec-4]         be.pxl.services.service.PostService - Mapping post ID: 153 to PostResponse
2025-01-03T14:21:26.704+0100 DEBUG              [http-nio-8091-exec-4]         be.pxl.services.service.PostService - Mapping post ID: 202 to PostResponse
2025-01-03T14:21:26.704+0100 DEBUG              [http-nio-8091-exec-4]         be.pxl.services.service.PostService - Mapping post ID: 252 to PostResponse
2025-01-03T14:21:26.704+0100 DEBUG              [http-nio-8091-exec-4]         be.pxl.services.service.PostService - Mapping post ID: 302 to PostResponse
2025-01-03T14:21:26.705+0100 DEBUG              [http-nio-8091-exec-4]         be.pxl.services.service.PostService - Mapping post ID: 303 to PostResponse
2025-01-03T14:21:26.705+0100 DEBUG              [http-nio-8091-exec-4]         be.pxl.services.service.PostService - Mapping post ID: 304 to PostResponse
2025-01-03T14:21:26.705+0100 DEBUG              [http-nio-8091-exec-4]         be.pxl.services.service.PostService - Mapping post ID: 305 to PostResponse
2025-01-03T14:21:26.705+0100 DEBUG              [http-nio-8091-exec-4]         be.pxl.services.service.PostService - Mapping post ID: 306 to PostResponse
2025-01-03T14:21:26.705+0100 DEBUG              [http-nio-8091-exec-4]         be.pxl.services.service.PostService - Mapping post ID: 307 to PostResponse
2025-01-03T14:21:26.705+0100 DEBUG              [http-nio-8091-exec-4]         be.pxl.services.service.PostService - Mapping post ID: 352 to PostResponse
2025-01-03T15:03:47.871+0100 INFO               [main]                         be.pxl.services.ConfigServiceApplication - Starting ConfigServiceApplication using Java 17.0.13 with PID 23088 (C:\Users\12000904\Documents\semester 1\Java Fullstack\project-DiegoRussottoPXL\backend-java\Contentbeheer_backend\config-service\target\classes started by 12000904 in C:\Users\12000904\Documents\semester 1\Java Fullstack\project-DiegoRussottoPXL\backend-java\Contentbeheer_backend)
2025-01-03T15:03:47.879+0100 DEBUG              [main]                         be.pxl.services.ConfigServiceApplication - Running with Spring Boot v3.3.4, Spring v6.1.13
2025-01-03T15:03:47.883+0100 INFO               [main]                         be.pxl.services.ConfigServiceApplication - The following 1 profile is active: "native"
2025-01-03T15:03:59.495+0100 INFO               [main]                         be.pxl.services.ConfigServiceApplication - Started ConfigServiceApplication in 14.317 seconds (process running for 27.5)
2025-01-03T15:04:16.275+0100 INFO               [main]                         be.pxl.services.DiscoveryServiceApplication - Starting DiscoveryServiceApplication using Java 17.0.13 with PID 9400 (C:\Users\12000904\Documents\semester 1\Java Fullstack\project-DiegoRussottoPXL\backend-java\Contentbeheer_backend\discovery-service\target\classes started by 12000904 in C:\Users\12000904\Documents\semester 1\Java Fullstack\project-DiegoRussottoPXL\backend-java\Contentbeheer_backend)
2025-01-03T15:04:16.279+0100 DEBUG              [main]                         be.pxl.services.DiscoveryServiceApplication - Running with Spring Boot v3.3.4, Spring v6.1.13
2025-01-03T15:04:16.281+0100 INFO               [main]                         be.pxl.services.DiscoveryServiceApplication - No active profile set, falling back to 1 default profile: "default"
2025-01-03T15:04:25.893+0100 INFO               [main]                         be.pxl.services.DiscoveryServiceApplication - Started DiscoveryServiceApplication in 12.497 seconds (process running for 27.909)
2025-01-03T15:04:28.103+0100 INFO               [main]                         be.pxl.services.GatewayServiceApplication - Starting GatewayServiceApplication using Java 17.0.13 with PID 26700 (C:\Users\12000904\Documents\semester 1\Java Fullstack\project-DiegoRussottoPXL\backend-java\Contentbeheer_backend\gateway-service\target\classes started by 12000904 in C:\Users\12000904\Documents\semester 1\Java Fullstack\project-DiegoRussottoPXL\backend-java\Contentbeheer_backend)
2025-01-03T15:04:28.106+0100 DEBUG              [main]                         be.pxl.services.GatewayServiceApplication - Running with Spring Boot v3.3.4, Spring v6.1.13
2025-01-03T15:04:28.108+0100 INFO               [main]                         be.pxl.services.GatewayServiceApplication - No active profile set, falling back to 1 default profile: "default"
2025-01-03T15:04:37.007+0100 INFO               [main]                         be.pxl.services.GatewayServiceApplication - Started GatewayServiceApplication in 11.079 seconds (process running for 15.641)
2025-01-03T15:05:03.546+0100 INFO               [main]                         be.pxl.services.PostServiceApplication - Starting PostServiceApplication using Java 17.0.13 with PID 9744 (C:\Users\12000904\Documents\semester 1\Java Fullstack\project-DiegoRussottoPXL\backend-java\Contentbeheer_backend\post-service\target\classes started by 12000904 in C:\Users\12000904\Documents\semester 1\Java Fullstack\project-DiegoRussottoPXL\backend-java\Contentbeheer_backend)
2025-01-03T15:05:03.554+0100 DEBUG              [main]                         be.pxl.services.PostServiceApplication - Running with Spring Boot v3.3.4, Spring v6.1.13
2025-01-03T15:05:03.555+0100 INFO               [main]                         be.pxl.services.PostServiceApplication - No active profile set, falling back to 1 default profile: "default"
2025-01-03T15:05:19.963+0100 INFO               [main]                         be.pxl.services.ReviewServiceApplication - Starting ReviewServiceApplication using Java 17.0.13 with PID 29968 (C:\Users\12000904\Documents\semester 1\Java Fullstack\project-DiegoRussottoPXL\backend-java\Contentbeheer_backend\review-service\target\classes started by 12000904 in C:\Users\12000904\Documents\semester 1\Java Fullstack\project-DiegoRussottoPXL\backend-java\Contentbeheer_backend)
2025-01-03T15:05:19.966+0100 DEBUG              [main]                         be.pxl.services.ReviewServiceApplication - Running with Spring Boot v3.3.4, Spring v6.1.13
2025-01-03T15:05:19.969+0100 INFO               [main]                         be.pxl.services.ReviewServiceApplication - No active profile set, falling back to 1 default profile: "default"
2025-01-03T15:12:30.810+0100 INFO               [main]                         be.pxl.services.ConfigServiceApplication - Starting ConfigServiceApplication using Java 17.0.13 with PID 6872 (C:\Users\12000904\Documents\semester 1\Java Fullstack\project-DiegoRussottoPXL\backend-java\Contentbeheer_backend\config-service\target\classes started by 12000904 in C:\Users\12000904\Documents\semester 1\Java Fullstack\project-DiegoRussottoPXL\backend-java\Contentbeheer_backend)
2025-01-03T15:12:30.820+0100 DEBUG              [main]                         be.pxl.services.ConfigServiceApplication - Running with Spring Boot v3.3.4, Spring v6.1.13
2025-01-03T15:12:30.824+0100 INFO               [main]                         be.pxl.services.ConfigServiceApplication - The following 1 profile is active: "native"
2025-01-03T15:12:43.933+0100 INFO               [main]                         be.pxl.services.ConfigServiceApplication - Started ConfigServiceApplication in 17.634 seconds (process running for 21.229)
2025-01-03T15:13:07.454+0100 INFO               [main]                         be.pxl.services.DiscoveryServiceApplication - Starting DiscoveryServiceApplication using Java 17.0.13 with PID 30264 (C:\Users\12000904\Documents\semester 1\Java Fullstack\project-DiegoRussottoPXL\backend-java\Contentbeheer_backend\discovery-service\target\classes started by 12000904 in C:\Users\12000904\Documents\semester 1\Java Fullstack\project-DiegoRussottoPXL\backend-java\Contentbeheer_backend)
2025-01-03T15:13:07.459+0100 DEBUG              [main]                         be.pxl.services.DiscoveryServiceApplication - Running with Spring Boot v3.3.4, Spring v6.1.13
2025-01-03T15:13:07.462+0100 INFO               [main]                         be.pxl.services.DiscoveryServiceApplication - No active profile set, falling back to 1 default profile: "default"
2025-01-03T15:13:20.504+0100 INFO               [main]                         be.pxl.services.DiscoveryServiceApplication - Started DiscoveryServiceApplication in 18.564 seconds (process running for 22.526)
2025-01-03T15:13:26.904+0100 INFO               [main]                         be.pxl.services.GatewayServiceApplication - Starting GatewayServiceApplication using Java 17.0.13 with PID 21568 (C:\Users\12000904\Documents\semester 1\Java Fullstack\project-DiegoRussottoPXL\backend-java\Contentbeheer_backend\gateway-service\target\classes started by 12000904 in C:\Users\12000904\Documents\semester 1\Java Fullstack\project-DiegoRussottoPXL\backend-java\Contentbeheer_backend)
2025-01-03T15:13:26.906+0100 DEBUG              [main]                         be.pxl.services.GatewayServiceApplication - Running with Spring Boot v3.3.4, Spring v6.1.13
2025-01-03T15:13:26.907+0100 INFO               [main]                         be.pxl.services.GatewayServiceApplication - No active profile set, falling back to 1 default profile: "default"
2025-01-03T15:13:32.284+0100 INFO               [main]                         be.pxl.services.GatewayServiceApplication - Started GatewayServiceApplication in 7.743 seconds (process running for 9.638)
2025-01-03T15:13:39.802+0100 INFO               [main]                         be.pxl.services.PostServiceApplication - Starting PostServiceApplication using Java 17.0.13 with PID 24280 (C:\Users\12000904\Documents\semester 1\Java Fullstack\project-DiegoRussottoPXL\backend-java\Contentbeheer_backend\post-service\target\classes started by 12000904 in C:\Users\12000904\Documents\semester 1\Java Fullstack\project-DiegoRussottoPXL\backend-java\Contentbeheer_backend)
2025-01-03T15:13:39.803+0100 DEBUG              [main]                         be.pxl.services.PostServiceApplication - Running with Spring Boot v3.3.4, Spring v6.1.13
2025-01-03T15:13:39.804+0100 INFO               [main]                         be.pxl.services.PostServiceApplication - No active profile set, falling back to 1 default profile: "default"
2025-01-03T15:35:07.983+0100 INFO               [main]                         be.pxl.services.PostServiceApplication - Starting PostServiceApplication using Java 17.0.13 with PID 15068 (C:\Users\12000904\Documents\semester 1\Java Fullstack\project-DiegoRussottoPXL\backend-java\Contentbeheer_backend\post-service\target\classes started by 12000904 in C:\Users\12000904\Documents\semester 1\Java Fullstack\project-DiegoRussottoPXL\backend-java\Contentbeheer_backend)
2025-01-03T15:35:07.985+0100 DEBUG              [main]                         be.pxl.services.PostServiceApplication - Running with Spring Boot v3.3.4, Spring v6.1.13
2025-01-03T15:35:07.986+0100 INFO               [main]                         be.pxl.services.PostServiceApplication - No active profile set, falling back to 1 default profile: "default"
2025-01-03T15:37:07.385+0100 INFO               [main]                         be.pxl.services.PostServiceApplication - Starting PostServiceApplication using Java 17.0.13 with PID 15624 (C:\Users\12000904\Documents\semester 1\Java Fullstack\project-DiegoRussottoPXL\backend-java\Contentbeheer_backend\post-service\target\classes started by 12000904 in C:\Users\12000904\Documents\semester 1\Java Fullstack\project-DiegoRussottoPXL\backend-java\Contentbeheer_backend)
2025-01-03T15:37:07.386+0100 DEBUG              [main]                         be.pxl.services.PostServiceApplication - Running with Spring Boot v3.3.4, Spring v6.1.13
2025-01-03T15:37:07.387+0100 INFO               [main]                         be.pxl.services.PostServiceApplication - No active profile set, falling back to 1 default profile: "default"
2025-01-03T15:37:44.032+0100 INFO               [main]                         be.pxl.services.PostServiceApplication - Starting PostServiceApplication using Java 17.0.13 with PID 9060 (C:\Users\12000904\Documents\semester 1\Java Fullstack\project-DiegoRussottoPXL\backend-java\Contentbeheer_backend\post-service\target\classes started by 12000904 in C:\Users\12000904\Documents\semester 1\Java Fullstack\project-DiegoRussottoPXL\backend-java\Contentbeheer_backend)
2025-01-03T15:37:44.033+0100 DEBUG              [main]                         be.pxl.services.PostServiceApplication - Running with Spring Boot v3.3.4, Spring v6.1.13
2025-01-03T15:37:44.034+0100 INFO               [main]                         be.pxl.services.PostServiceApplication - No active profile set, falling back to 1 default profile: "default"
2025-01-03T15:44:28.660+0100 INFO               [main]                         be.pxl.services.ConfigServiceApplication - Starting ConfigServiceApplication using Java 17.0.13 with PID 19304 (C:\Users\12000904\Documents\semester 1\Java Fullstack\project-DiegoRussottoPXL\backend-java\Contentbeheer_backend\config-service\target\classes started by 12000904 in C:\Users\12000904\Documents\semester 1\Java Fullstack\project-DiegoRussottoPXL\backend-java\Contentbeheer_backend)
2025-01-03T15:44:28.662+0100 DEBUG              [main]                         be.pxl.services.ConfigServiceApplication - Running with Spring Boot v3.3.4, Spring v6.1.13
2025-01-03T15:44:28.662+0100 INFO               [main]                         be.pxl.services.ConfigServiceApplication - The following 1 profile is active: "native"
2025-01-03T15:44:30.637+0100 INFO               [main]                         be.pxl.services.ConfigServiceApplication - Started ConfigServiceApplication in 2.877 seconds (process running for 3.552)
2025-01-03T15:44:39.816+0100 INFO               [main]                         be.pxl.services.DiscoveryServiceApplication - Starting DiscoveryServiceApplication using Java 17.0.13 with PID 30900 (C:\Users\12000904\Documents\semester 1\Java Fullstack\project-DiegoRussottoPXL\backend-java\Contentbeheer_backend\discovery-service\target\classes started by 12000904 in C:\Users\12000904\Documents\semester 1\Java Fullstack\project-DiegoRussottoPXL\backend-java\Contentbeheer_backend)
2025-01-03T15:44:39.817+0100 DEBUG              [main]                         be.pxl.services.DiscoveryServiceApplication - Running with Spring Boot v3.3.4, Spring v6.1.13
2025-01-03T15:44:39.817+0100 INFO               [main]                         be.pxl.services.DiscoveryServiceApplication - No active profile set, falling back to 1 default profile: "default"
2025-01-03T15:44:43.569+0100 INFO               [main]                         be.pxl.services.DiscoveryServiceApplication - Started DiscoveryServiceApplication in 5.209 seconds (process running for 5.994)
2025-01-03T15:44:52.164+0100 INFO               [main]                         be.pxl.services.GatewayServiceApplication - Starting GatewayServiceApplication using Java 17.0.13 with PID 17160 (C:\Users\12000904\Documents\semester 1\Java Fullstack\project-DiegoRussottoPXL\backend-java\Contentbeheer_backend\gateway-service\target\classes started by 12000904 in C:\Users\12000904\Documents\semester 1\Java Fullstack\project-DiegoRussottoPXL\backend-java\Contentbeheer_backend)
2025-01-03T15:44:52.165+0100 DEBUG              [main]                         be.pxl.services.GatewayServiceApplication - Running with Spring Boot v3.3.4, Spring v6.1.13
2025-01-03T15:44:52.167+0100 INFO               [main]                         be.pxl.services.GatewayServiceApplication - No active profile set, falling back to 1 default profile: "default"
2025-01-03T15:44:55.465+0100 INFO               [main]                         be.pxl.services.GatewayServiceApplication - Started GatewayServiceApplication in 4.624 seconds (process running for 5.409)
2025-01-03T15:45:07.095+0100 INFO               [main]                         be.pxl.services.PostServiceApplication - Starting PostServiceApplication using Java 17.0.13 with PID 3088 (C:\Users\12000904\Documents\semester 1\Java Fullstack\project-DiegoRussottoPXL\backend-java\Contentbeheer_backend\post-service\target\classes started by 12000904 in C:\Users\12000904\Documents\semester 1\Java Fullstack\project-DiegoRussottoPXL\backend-java\Contentbeheer_backend)
2025-01-03T15:45:07.096+0100 DEBUG              [main]                         be.pxl.services.PostServiceApplication - Running with Spring Boot v3.3.4, Spring v6.1.13
2025-01-03T15:45:07.097+0100 INFO               [main]                         be.pxl.services.PostServiceApplication - No active profile set, falling back to 1 default profile: "default"
2025-01-03T15:46:58.594+0100 INFO               [main]                         be.pxl.services.PostServiceApplication - Starting PostServiceApplication using Java 17.0.13 with PID 7896 (C:\Users\12000904\Documents\semester 1\Java Fullstack\project-DiegoRussottoPXL\backend-java\Contentbeheer_backend\post-service\target\classes started by 12000904 in C:\Users\12000904\Documents\semester 1\Java Fullstack\project-DiegoRussottoPXL\backend-java\Contentbeheer_backend)
2025-01-03T15:46:58.595+0100 DEBUG              [main]                         be.pxl.services.PostServiceApplication - Running with Spring Boot v3.3.4, Spring v6.1.13
2025-01-03T15:46:58.597+0100 INFO               [main]                         be.pxl.services.PostServiceApplication - No active profile set, falling back to 1 default profile: "default"
2025-01-03T15:49:20.313+0100 INFO               [main]                         be.pxl.services.PostServiceApplication - Starting PostServiceApplication using Java 17.0.13 with PID 30140 (C:\Users\12000904\Documents\semester 1\Java Fullstack\project-DiegoRussottoPXL\backend-java\Contentbeheer_backend\post-service\target\classes started by 12000904 in C:\Users\12000904\Documents\semester 1\Java Fullstack\project-DiegoRussottoPXL\backend-java\Contentbeheer_backend)
2025-01-03T15:49:20.315+0100 DEBUG              [main]                         be.pxl.services.PostServiceApplication - Running with Spring Boot v3.3.4, Spring v6.1.13
2025-01-03T15:49:20.316+0100 INFO               [main]                         be.pxl.services.PostServiceApplication - No active profile set, falling back to 1 default profile: "default"
2025-01-03T18:51:46.717+0100 INFO               [main]                         be.pxl.services.PostServiceApplication - Starting PostServiceApplication using Java 17.0.13 with PID 24980 (C:\Users\12000904\Documents\semester 1\Java Fullstack\project-DiegoRussottoPXL\backend-java\Contentbeheer_backend\post-service\target\classes started by 12000904 in C:\Users\12000904\Documents\semester 1\Java Fullstack\project-DiegoRussottoPXL\backend-java\Contentbeheer_backend)
2025-01-03T18:51:46.717+0100 DEBUG              [main]                         be.pxl.services.PostServiceApplication - Running with Spring Boot v3.3.4, Spring v6.1.13
2025-01-03T18:51:46.718+0100 INFO               [main]                         be.pxl.services.PostServiceApplication - No active profile set, falling back to 1 default profile: "default"
2025-01-03T19:06:38.839+0100 INFO               [main]                         be.pxl.services.PostServiceApplication - Starting PostServiceApplication using Java 17.0.13 with PID 11056 (C:\Users\12000904\Documents\semester 1\Java Fullstack\project-DiegoRussottoPXL\backend-java\Contentbeheer_backend\post-service\target\classes started by 12000904 in C:\Users\12000904\Documents\semester 1\Java Fullstack\project-DiegoRussottoPXL\backend-java\Contentbeheer_backend)
2025-01-03T19:06:38.842+0100 DEBUG              [main]                         be.pxl.services.PostServiceApplication - Running with Spring Boot v3.3.4, Spring v6.1.13
2025-01-03T19:06:38.843+0100 INFO               [main]                         be.pxl.services.PostServiceApplication - No active profile set, falling back to 1 default profile: "default"
2025-01-03T19:09:20.207+0100 INFO               [main]                         be.pxl.services.PostServiceApplication - Starting PostServiceApplication using Java 17.0.13 with PID 14520 (C:\Users\12000904\Documents\semester 1\Java Fullstack\project-DiegoRussottoPXL\backend-java\Contentbeheer_backend\post-service\target\classes started by 12000904 in C:\Users\12000904\Documents\semester 1\Java Fullstack\project-DiegoRussottoPXL\backend-java\Contentbeheer_backend)
2025-01-03T19:09:20.209+0100 DEBUG              [main]                         be.pxl.services.PostServiceApplication - Running with Spring Boot v3.3.4, Spring v6.1.13
2025-01-03T19:09:20.210+0100 INFO               [main]                         be.pxl.services.PostServiceApplication - No active profile set, falling back to 1 default profile: "default"
2025-01-03T19:25:07.999+0100 INFO               [main]                         be.pxl.services.ConfigServiceApplication - Starting ConfigServiceApplication using Java 17.0.13 with PID 29068 (C:\Users\12000904\Documents\semester 1\Java Fullstack\project-DiegoRussottoPXL\backend-java\Contentbeheer_backend\config-service\target\classes started by 12000904 in C:\Users\12000904\Documents\semester 1\Java Fullstack\project-DiegoRussottoPXL\backend-java\Contentbeheer_backend)
2025-01-03T19:25:08.001+0100 DEBUG              [main]                         be.pxl.services.ConfigServiceApplication - Running with Spring Boot v3.3.4, Spring v6.1.13
2025-01-03T19:25:08.001+0100 INFO               [main]                         be.pxl.services.ConfigServiceApplication - The following 1 profile is active: "native"
2025-01-03T19:25:09.972+0100 INFO               [main]                         be.pxl.services.ConfigServiceApplication - Started ConfigServiceApplication in 2.97 seconds (process running for 3.671)
2025-01-03T19:25:18.801+0100 INFO               [main]                         be.pxl.services.DiscoveryServiceApplication - Starting DiscoveryServiceApplication using Java 17.0.13 with PID 4808 (C:\Users\12000904\Documents\semester 1\Java Fullstack\project-DiegoRussottoPXL\backend-java\Contentbeheer_backend\discovery-service\target\classes started by 12000904 in C:\Users\12000904\Documents\semester 1\Java Fullstack\project-DiegoRussottoPXL\backend-java\Contentbeheer_backend)
2025-01-03T19:25:18.802+0100 DEBUG              [main]                         be.pxl.services.DiscoveryServiceApplication - Running with Spring Boot v3.3.4, Spring v6.1.13
2025-01-03T19:25:18.803+0100 INFO               [main]                         be.pxl.services.DiscoveryServiceApplication - No active profile set, falling back to 1 default profile: "default"
2025-01-03T19:25:22.715+0100 INFO               [main]                         be.pxl.services.DiscoveryServiceApplication - Started DiscoveryServiceApplication in 5.451 seconds (process running for 6.279)
2025-01-03T19:25:28.621+0100 INFO               [main]                         be.pxl.services.GatewayServiceApplication - Starting GatewayServiceApplication using Java 17.0.13 with PID 31816 (C:\Users\12000904\Documents\semester 1\Java Fullstack\project-DiegoRussottoPXL\backend-java\Contentbeheer_backend\gateway-service\target\classes started by 12000904 in C:\Users\12000904\Documents\semester 1\Java Fullstack\project-DiegoRussottoPXL\backend-java\Contentbeheer_backend)
2025-01-03T19:25:28.622+0100 DEBUG              [main]                         be.pxl.services.GatewayServiceApplication - Running with Spring Boot v3.3.4, Spring v6.1.13
2025-01-03T19:25:28.623+0100 INFO               [main]                         be.pxl.services.GatewayServiceApplication - No active profile set, falling back to 1 default profile: "default"
2025-01-03T19:25:31.984+0100 INFO               [main]                         be.pxl.services.GatewayServiceApplication - Started GatewayServiceApplication in 4.75 seconds (process running for 5.529)
2025-01-03T19:25:43.038+0100 INFO               [main]                         be.pxl.services.PostServiceApplication - Starting PostServiceApplication using Java 17.0.13 with PID 20300 (C:\Users\12000904\Documents\semester 1\Java Fullstack\project-DiegoRussottoPXL\backend-java\Contentbeheer_backend\post-service\target\classes started by 12000904 in C:\Users\12000904\Documents\semester 1\Java Fullstack\project-DiegoRussottoPXL\backend-java\Contentbeheer_backend)
2025-01-03T19:25:43.040+0100 DEBUG              [main]                         be.pxl.services.PostServiceApplication - Running with Spring Boot v3.3.4, Spring v6.1.13
2025-01-03T19:25:43.041+0100 INFO               [main]                         be.pxl.services.PostServiceApplication - No active profile set, falling back to 1 default profile: "default"
2025-01-03T19:36:35.672+0100 INFO               [main]                         be.pxl.services.PostServiceApplication - Starting PostServiceApplication using Java 17.0.13 with PID 19556 (C:\Users\12000904\Documents\semester 1\Java Fullstack\project-DiegoRussottoPXL\backend-java\Contentbeheer_backend\post-service\target\classes started by 12000904 in C:\Users\12000904\Documents\semester 1\Java Fullstack\project-DiegoRussottoPXL\backend-java\Contentbeheer_backend)
2025-01-03T19:36:35.673+0100 DEBUG              [main]                         be.pxl.services.PostServiceApplication - Running with Spring Boot v3.3.4, Spring v6.1.13
2025-01-03T19:36:35.674+0100 INFO               [main]                         be.pxl.services.PostServiceApplication - No active profile set, falling back to 1 default profile: "default"
2025-01-03T19:37:55.398+0100 INFO               [main]                         be.pxl.services.ConfigServiceApplication - Starting ConfigServiceApplication using Java 17.0.13 with PID 24472 (C:\Users\12000904\Documents\semester 1\Java Fullstack\project-DiegoRussottoPXL\backend-java\Contentbeheer_backend\config-service\target\classes started by 12000904 in C:\Users\12000904\Documents\semester 1\Java Fullstack\project-DiegoRussottoPXL\backend-java\Contentbeheer_backend)
2025-01-03T19:37:55.399+0100 DEBUG              [main]                         be.pxl.services.ConfigServiceApplication - Running with Spring Boot v3.3.4, Spring v6.1.13
2025-01-03T19:37:55.400+0100 INFO               [main]                         be.pxl.services.ConfigServiceApplication - The following 1 profile is active: "native"
2025-01-03T19:37:57.407+0100 INFO               [main]                         be.pxl.services.ConfigServiceApplication - Started ConfigServiceApplication in 3.012 seconds (process running for 3.697)
2025-01-03T19:38:04.040+0100 INFO               [main]                         be.pxl.services.DiscoveryServiceApplication - Starting DiscoveryServiceApplication using Java 17.0.13 with PID 12416 (C:\Users\12000904\Documents\semester 1\Java Fullstack\project-DiegoRussottoPXL\backend-java\Contentbeheer_backend\discovery-service\target\classes started by 12000904 in C:\Users\12000904\Documents\semester 1\Java Fullstack\project-DiegoRussottoPXL\backend-java\Contentbeheer_backend)
2025-01-03T19:38:04.041+0100 DEBUG              [main]                         be.pxl.services.DiscoveryServiceApplication - Running with Spring Boot v3.3.4, Spring v6.1.13
2025-01-03T19:38:04.041+0100 INFO               [main]                         be.pxl.services.DiscoveryServiceApplication - No active profile set, falling back to 1 default profile: "default"
2025-01-03T19:38:07.721+0100 INFO               [main]                         be.pxl.services.DiscoveryServiceApplication - Started DiscoveryServiceApplication in 5.586 seconds (process running for 6.611)
2025-01-03T19:38:12.930+0100 INFO               [main]                         be.pxl.services.GatewayServiceApplication - Starting GatewayServiceApplication using Java 17.0.13 with PID 13996 (C:\Users\12000904\Documents\semester 1\Java Fullstack\project-DiegoRussottoPXL\backend-java\Contentbeheer_backend\gateway-service\target\classes started by 12000904 in C:\Users\12000904\Documents\semester 1\Java Fullstack\project-DiegoRussottoPXL\backend-java\Contentbeheer_backend)
2025-01-03T19:38:12.933+0100 DEBUG              [main]                         be.pxl.services.GatewayServiceApplication - Running with Spring Boot v3.3.4, Spring v6.1.13
2025-01-03T19:38:12.933+0100 INFO               [main]                         be.pxl.services.GatewayServiceApplication - No active profile set, falling back to 1 default profile: "default"
2025-01-03T19:38:16.402+0100 INFO               [main]                         be.pxl.services.GatewayServiceApplication - Started GatewayServiceApplication in 5.05 seconds (process running for 5.973)
2025-01-03T19:38:21.766+0100 INFO               [main]                         be.pxl.services.PostServiceApplication - Starting PostServiceApplication using Java 17.0.13 with PID 9644 (C:\Users\12000904\Documents\semester 1\Java Fullstack\project-DiegoRussottoPXL\backend-java\Contentbeheer_backend\post-service\target\classes started by 12000904 in C:\Users\12000904\Documents\semester 1\Java Fullstack\project-DiegoRussottoPXL\backend-java\Contentbeheer_backend)
2025-01-03T19:38:21.768+0100 DEBUG              [main]                         be.pxl.services.PostServiceApplication - Running with Spring Boot v3.3.4, Spring v6.1.13
2025-01-03T19:38:21.769+0100 INFO               [main]                         be.pxl.services.PostServiceApplication - No active profile set, falling back to 1 default profile: "default"
2025-01-03T19:39:47.296+0100 INFO               [main]                         be.pxl.services.PostServiceApplication - Started PostServiceApplication in 87.048 seconds (process running for 87.837)
2025-01-03T19:48:59.523+0100 INFO               [main]                         be.pxl.services.PostServiceApplication - Starting PostServiceApplication using Java 17.0.13 with PID 580 (C:\Users\12000904\Documents\semester 1\Java Fullstack\project-DiegoRussottoPXL\backend-java\Contentbeheer_backend\post-service\target\classes started by 12000904 in C:\Users\12000904\Documents\semester 1\Java Fullstack\project-DiegoRussottoPXL\backend-java\Contentbeheer_backend)
2025-01-03T19:48:59.525+0100 DEBUG              [main]                         be.pxl.services.PostServiceApplication - Running with Spring Boot v3.3.4, Spring v6.1.13
2025-01-03T19:48:59.526+0100 INFO               [main]                         be.pxl.services.PostServiceApplication - No active profile set, falling back to 1 default profile: "default"
2025-01-03T19:49:35.107+0100 INFO               [main]                         be.pxl.services.ConfigServiceApplication - Starting ConfigServiceApplication using Java 17.0.13 with PID 31096 (C:\Users\12000904\Documents\semester 1\Java Fullstack\project-DiegoRussottoPXL\backend-java\Contentbeheer_backend\config-service\target\classes started by 12000904 in C:\Users\12000904\Documents\semester 1\Java Fullstack\project-DiegoRussottoPXL\backend-java\Contentbeheer_backend)
2025-01-03T19:49:35.110+0100 DEBUG              [main]                         be.pxl.services.ConfigServiceApplication - Running with Spring Boot v3.3.4, Spring v6.1.13
2025-01-03T19:49:35.111+0100 INFO               [main]                         be.pxl.services.ConfigServiceApplication - The following 1 profile is active: "native"
2025-01-03T19:49:38.046+0100 INFO               [main]                         be.pxl.services.ConfigServiceApplication - Started ConfigServiceApplication in 4.469 seconds (process running for 5.186)
2025-01-03T19:49:40.298+0100 INFO               [main]                         be.pxl.services.DiscoveryServiceApplication - Starting DiscoveryServiceApplication using Java 17.0.13 with PID 2852 (C:\Users\12000904\Documents\semester 1\Java Fullstack\project-DiegoRussottoPXL\backend-java\Contentbeheer_backend\discovery-service\target\classes started by 12000904 in C:\Users\12000904\Documents\semester 1\Java Fullstack\project-DiegoRussottoPXL\backend-java\Contentbeheer_backend)
2025-01-03T19:49:40.300+0100 DEBUG              [main]                         be.pxl.services.DiscoveryServiceApplication - Running with Spring Boot v3.3.4, Spring v6.1.13
2025-01-03T19:49:40.300+0100 INFO               [main]                         be.pxl.services.DiscoveryServiceApplication - No active profile set, falling back to 1 default profile: "default"
2025-01-03T19:49:44.100+0100 INFO               [main]                         be.pxl.services.DiscoveryServiceApplication - Started DiscoveryServiceApplication in 5.39 seconds (process running for 6.305)
2025-01-03T19:49:47.149+0100 INFO               [main]                         be.pxl.services.GatewayServiceApplication - Starting GatewayServiceApplication using Java 17.0.13 with PID 20804 (C:\Users\12000904\Documents\semester 1\Java Fullstack\project-DiegoRussottoPXL\backend-java\Contentbeheer_backend\gateway-service\target\classes started by 12000904 in C:\Users\12000904\Documents\semester 1\Java Fullstack\project-DiegoRussottoPXL\backend-java\Contentbeheer_backend)
2025-01-03T19:49:47.152+0100 DEBUG              [main]                         be.pxl.services.GatewayServiceApplication - Running with Spring Boot v3.3.4, Spring v6.1.13
2025-01-03T19:49:47.153+0100 INFO               [main]                         be.pxl.services.GatewayServiceApplication - No active profile set, falling back to 1 default profile: "default"
2025-01-03T19:49:50.698+0100 INFO               [main]                         be.pxl.services.GatewayServiceApplication - Started GatewayServiceApplication in 5.104 seconds (process running for 5.893)
2025-01-03T19:49:55.789+0100 INFO               [main]                         be.pxl.services.PostServiceApplication - Starting PostServiceApplication using Java 17.0.13 with PID 32500 (C:\Users\12000904\Documents\semester 1\Java Fullstack\project-DiegoRussottoPXL\backend-java\Contentbeheer_backend\post-service\target\classes started by 12000904 in C:\Users\12000904\Documents\semester 1\Java Fullstack\project-DiegoRussottoPXL\backend-java\Contentbeheer_backend)
2025-01-03T19:49:55.791+0100 DEBUG              [main]                         be.pxl.services.PostServiceApplication - Running with Spring Boot v3.3.4, Spring v6.1.13
2025-01-03T19:49:55.791+0100 INFO               [main]                         be.pxl.services.PostServiceApplication - No active profile set, falling back to 1 default profile: "default"
2025-01-03T19:51:56.148+0100 INFO               [main]                         be.pxl.services.ConfigServiceApplication - Starting ConfigServiceApplication using Java 17.0.13 with PID 7740 (C:\Users\12000904\Documents\semester 1\Java Fullstack\project-DiegoRussottoPXL\backend-java\Contentbeheer_backend\config-service\target\classes started by 12000904 in C:\Users\12000904\Documents\semester 1\Java Fullstack\project-DiegoRussottoPXL\backend-java\Contentbeheer_backend)
2025-01-03T19:51:56.151+0100 DEBUG              [main]                         be.pxl.services.ConfigServiceApplication - Running with Spring Boot v3.3.4, Spring v6.1.13
2025-01-03T19:51:56.152+0100 INFO               [main]                         be.pxl.services.ConfigServiceApplication - The following 1 profile is active: "native"
2025-01-03T19:51:58.289+0100 INFO               [main]                         be.pxl.services.ConfigServiceApplication - Started ConfigServiceApplication in 3.166 seconds (process running for 3.849)
2025-01-03T19:52:03.957+0100 INFO               [main]                         be.pxl.services.DiscoveryServiceApplication - Starting DiscoveryServiceApplication using Java 17.0.13 with PID 3492 (C:\Users\12000904\Documents\semester 1\Java Fullstack\project-DiegoRussottoPXL\backend-java\Contentbeheer_backend\discovery-service\target\classes started by 12000904 in C:\Users\12000904\Documents\semester 1\Java Fullstack\project-DiegoRussottoPXL\backend-java\Contentbeheer_backend)
2025-01-03T19:52:03.958+0100 DEBUG              [main]                         be.pxl.services.DiscoveryServiceApplication - Running with Spring Boot v3.3.4, Spring v6.1.13
2025-01-03T19:52:03.959+0100 INFO               [main]                         be.pxl.services.DiscoveryServiceApplication - No active profile set, falling back to 1 default profile: "default"
2025-01-03T19:52:08.140+0100 INFO               [main]                         be.pxl.services.DiscoveryServiceApplication - Started DiscoveryServiceApplication in 5.686 seconds (process running for 6.541)
2025-01-03T19:52:15.578+0100 INFO               [main]                         be.pxl.services.GatewayServiceApplication - Starting GatewayServiceApplication using Java 17.0.13 with PID 7404 (C:\Users\12000904\Documents\semester 1\Java Fullstack\project-DiegoRussottoPXL\backend-java\Contentbeheer_backend\gateway-service\target\classes started by 12000904 in C:\Users\12000904\Documents\semester 1\Java Fullstack\project-DiegoRussottoPXL\backend-java\Contentbeheer_backend)
2025-01-03T19:52:15.579+0100 DEBUG              [main]                         be.pxl.services.GatewayServiceApplication - Running with Spring Boot v3.3.4, Spring v6.1.13
2025-01-03T19:52:15.580+0100 INFO               [main]                         be.pxl.services.GatewayServiceApplication - No active profile set, falling back to 1 default profile: "default"
2025-01-03T19:52:19.146+0100 INFO               [main]                         be.pxl.services.GatewayServiceApplication - Started GatewayServiceApplication in 5.055 seconds (process running for 5.791)
2025-01-03T19:52:27.091+0100 INFO               [main]                         be.pxl.services.PostServiceApplication - Starting PostServiceApplication using Java 17.0.13 with PID 16924 (C:\Users\12000904\Documents\semester 1\Java Fullstack\project-DiegoRussottoPXL\backend-java\Contentbeheer_backend\post-service\target\classes started by 12000904 in C:\Users\12000904\Documents\semester 1\Java Fullstack\project-DiegoRussottoPXL\backend-java\Contentbeheer_backend)
2025-01-03T19:52:27.093+0100 DEBUG              [main]                         be.pxl.services.PostServiceApplication - Running with Spring Boot v3.3.4, Spring v6.1.13
2025-01-03T19:52:27.094+0100 INFO               [main]                         be.pxl.services.PostServiceApplication - No active profile set, falling back to 1 default profile: "default"
2025-01-03T19:52:35.438+0100 INFO               [main]                         be.pxl.services.PostServiceApplication - Started PostServiceApplication in 9.84 seconds (process running for 10.662)
2025-01-03T19:55:13.383+0100 INFO               [main]                         be.pxl.services.ConfigServiceApplication - Starting ConfigServiceApplication using Java 17.0.13 with PID 3352 (C:\Users\12000904\Documents\semester 1\Java Fullstack\project-DiegoRussottoPXL\backend-java\Contentbeheer_backend\config-service\target\classes started by 12000904 in C:\Users\12000904\Documents\semester 1\Java Fullstack\project-DiegoRussottoPXL\backend-java\Contentbeheer_backend)
2025-01-03T19:55:13.388+0100 DEBUG              [main]                         be.pxl.services.ConfigServiceApplication - Running with Spring Boot v3.3.4, Spring v6.1.13
2025-01-03T19:55:13.391+0100 INFO               [main]                         be.pxl.services.ConfigServiceApplication - The following 1 profile is active: "native"
2025-01-03T19:55:18.611+0100 INFO               [main]                         be.pxl.services.ConfigServiceApplication - Started ConfigServiceApplication in 6.949 seconds (process running for 7.763)
2025-01-03T19:55:36.245+0100 INFO               [main]                         be.pxl.services.DiscoveryServiceApplication - Starting DiscoveryServiceApplication using Java 17.0.13 with PID 28712 (C:\Users\12000904\Documents\semester 1\Java Fullstack\project-DiegoRussottoPXL\backend-java\Contentbeheer_backend\discovery-service\target\classes started by 12000904 in C:\Users\12000904\Documents\semester 1\Java Fullstack\project-DiegoRussottoPXL\backend-java\Contentbeheer_backend)
2025-01-03T19:55:36.247+0100 DEBUG              [main]                         be.pxl.services.DiscoveryServiceApplication - Running with Spring Boot v3.3.4, Spring v6.1.13
2025-01-03T19:55:36.248+0100 INFO               [main]                         be.pxl.services.DiscoveryServiceApplication - No active profile set, falling back to 1 default profile: "default"
2025-01-03T19:55:43.403+0100 INFO               [main]                         be.pxl.services.GatewayServiceApplication - Starting GatewayServiceApplication using Java 17.0.13 with PID 18748 (C:\Users\12000904\Documents\semester 1\Java Fullstack\project-DiegoRussottoPXL\backend-java\Contentbeheer_backend\gateway-service\target\classes started by 12000904 in C:\Users\12000904\Documents\semester 1\Java Fullstack\project-DiegoRussottoPXL\backend-java\Contentbeheer_backend)
2025-01-03T19:55:43.406+0100 DEBUG              [main]                         be.pxl.services.GatewayServiceApplication - Running with Spring Boot v3.3.4, Spring v6.1.13
2025-01-03T19:55:43.408+0100 INFO               [main]                         be.pxl.services.GatewayServiceApplication - No active profile set, falling back to 1 default profile: "default"
2025-01-03T19:55:44.127+0100 INFO               [main]                         be.pxl.services.DiscoveryServiceApplication - Started DiscoveryServiceApplication in 11.154 seconds (process running for 13.013)
2025-01-03T19:55:48.270+0100 INFO               [main]                         be.pxl.services.GatewayServiceApplication - Started GatewayServiceApplication in 7.342 seconds (process running for 8.744)
2025-01-03T19:55:52.806+0100 INFO               [main]                         be.pxl.services.PostServiceApplication - Starting PostServiceApplication using Java 17.0.13 with PID 15824 (C:\Users\12000904\Documents\semester 1\Java Fullstack\project-DiegoRussottoPXL\backend-java\Contentbeheer_backend\post-service\target\classes started by 12000904 in C:\Users\12000904\Documents\semester 1\Java Fullstack\project-DiegoRussottoPXL\backend-java\Contentbeheer_backend)
2025-01-03T19:55:52.809+0100 DEBUG              [main]                         be.pxl.services.PostServiceApplication - Running with Spring Boot v3.3.4, Spring v6.1.13
2025-01-03T19:55:52.810+0100 INFO               [main]                         be.pxl.services.PostServiceApplication - No active profile set, falling back to 1 default profile: "default"
2025-01-03T20:09:01.435+0100 INFO               [main]                         be.pxl.services.ConfigServiceApplication - Starting ConfigServiceApplication using Java 17.0.13 with PID 14588 (C:\Users\12000904\Documents\semester 1\Java Fullstack\project-DiegoRussottoPXL\backend-java\Contentbeheer_backend\config-service\target\classes started by 12000904 in C:\Users\12000904\Documents\semester 1\Java Fullstack\project-DiegoRussottoPXL\backend-java\Contentbeheer_backend)
2025-01-03T20:09:01.437+0100 DEBUG              [main]                         be.pxl.services.ConfigServiceApplication - Running with Spring Boot v3.3.4, Spring v6.1.13
2025-01-03T20:09:01.438+0100 INFO               [main]                         be.pxl.services.ConfigServiceApplication - The following 1 profile is active: "native"
2025-01-03T20:09:03.457+0100 INFO               [main]                         be.pxl.services.ConfigServiceApplication - Started ConfigServiceApplication in 3.027 seconds (process running for 3.799)
2025-01-03T20:09:07.773+0100 INFO               [main]                         be.pxl.services.DiscoveryServiceApplication - Starting DiscoveryServiceApplication using Java 17.0.13 with PID 5212 (C:\Users\12000904\Documents\semester 1\Java Fullstack\project-DiegoRussottoPXL\backend-java\Contentbeheer_backend\discovery-service\target\classes started by 12000904 in C:\Users\12000904\Documents\semester 1\Java Fullstack\project-DiegoRussottoPXL\backend-java\Contentbeheer_backend)
2025-01-03T20:09:07.774+0100 DEBUG              [main]                         be.pxl.services.DiscoveryServiceApplication - Running with Spring Boot v3.3.4, Spring v6.1.13
2025-01-03T20:09:07.774+0100 INFO               [main]                         be.pxl.services.DiscoveryServiceApplication - No active profile set, falling back to 1 default profile: "default"
2025-01-03T20:09:11.682+0100 INFO               [main]                         be.pxl.services.DiscoveryServiceApplication - Started DiscoveryServiceApplication in 5.539 seconds (process running for 6.345)
2025-01-03T20:09:15.628+0100 INFO               [main]                         be.pxl.services.GatewayServiceApplication - Starting GatewayServiceApplication using Java 17.0.13 with PID 29384 (C:\Users\12000904\Documents\semester 1\Java Fullstack\project-DiegoRussottoPXL\backend-java\Contentbeheer_backend\gateway-service\target\classes started by 12000904 in C:\Users\12000904\Documents\semester 1\Java Fullstack\project-DiegoRussottoPXL\backend-java\Contentbeheer_backend)
2025-01-03T20:09:15.630+0100 DEBUG              [main]                         be.pxl.services.GatewayServiceApplication - Running with Spring Boot v3.3.4, Spring v6.1.13
2025-01-03T20:09:15.631+0100 INFO               [main]                         be.pxl.services.GatewayServiceApplication - No active profile set, falling back to 1 default profile: "default"
2025-01-03T20:09:19.193+0100 INFO               [main]                         be.pxl.services.GatewayServiceApplication - Started GatewayServiceApplication in 4.999 seconds (process running for 5.716)
2025-01-03T20:09:26.294+0100 INFO               [main]                         be.pxl.services.PostServiceApplication - Starting PostServiceApplication using Java 17.0.13 with PID 11412 (C:\Users\12000904\Documents\semester 1\Java Fullstack\project-DiegoRussottoPXL\backend-java\Contentbeheer_backend\post-service\target\classes started by 12000904 in C:\Users\12000904\Documents\semester 1\Java Fullstack\project-DiegoRussottoPXL\backend-java\Contentbeheer_backend)
2025-01-03T20:09:26.296+0100 DEBUG              [main]                         be.pxl.services.PostServiceApplication - Running with Spring Boot v3.3.4, Spring v6.1.13
2025-01-03T20:09:26.297+0100 INFO               [main]                         be.pxl.services.PostServiceApplication - No active profile set, falling back to 1 default profile: "default"
2025-01-03T20:12:12.954+0100 INFO               [main]                         be.pxl.services.ConfigServiceApplication - Starting ConfigServiceApplication using Java 17.0.13 with PID 10792 (C:\Users\12000904\Documents\semester 1\Java Fullstack\project-DiegoRussottoPXL\backend-java\Contentbeheer_backend\config-service\target\classes started by 12000904 in C:\Users\12000904\Documents\semester 1\Java Fullstack\project-DiegoRussottoPXL\backend-java\Contentbeheer_backend)
2025-01-03T20:12:12.956+0100 DEBUG              [main]                         be.pxl.services.ConfigServiceApplication - Running with Spring Boot v3.3.4, Spring v6.1.13
2025-01-03T20:12:12.957+0100 INFO               [main]                         be.pxl.services.ConfigServiceApplication - The following 1 profile is active: "native"
2025-01-03T20:12:14.972+0100 INFO               [main]                         be.pxl.services.ConfigServiceApplication - Started ConfigServiceApplication in 3.001 seconds (process running for 3.7)
2025-01-03T20:12:20.253+0100 INFO               [main]                         be.pxl.services.DiscoveryServiceApplication - Starting DiscoveryServiceApplication using Java 17.0.13 with PID 29812 (C:\Users\12000904\Documents\semester 1\Java Fullstack\project-DiegoRussottoPXL\backend-java\Contentbeheer_backend\discovery-service\target\classes started by 12000904 in C:\Users\12000904\Documents\semester 1\Java Fullstack\project-DiegoRussottoPXL\backend-java\Contentbeheer_backend)
2025-01-03T20:12:20.254+0100 DEBUG              [main]                         be.pxl.services.DiscoveryServiceApplication - Running with Spring Boot v3.3.4, Spring v6.1.13
2025-01-03T20:12:20.255+0100 INFO               [main]                         be.pxl.services.DiscoveryServiceApplication - No active profile set, falling back to 1 default profile: "default"
2025-01-03T20:12:24.066+0100 INFO               [main]                         be.pxl.services.DiscoveryServiceApplication - Started DiscoveryServiceApplication in 5.606 seconds (process running for 6.386)
2025-01-03T20:12:30.124+0100 INFO               [main]                         be.pxl.services.GatewayServiceApplication - Starting GatewayServiceApplication using Java 17.0.13 with PID 16208 (C:\Users\12000904\Documents\semester 1\Java Fullstack\project-DiegoRussottoPXL\backend-java\Contentbeheer_backend\gateway-service\target\classes started by 12000904 in C:\Users\12000904\Documents\semester 1\Java Fullstack\project-DiegoRussottoPXL\backend-java\Contentbeheer_backend)
2025-01-03T20:12:30.127+0100 DEBUG              [main]                         be.pxl.services.GatewayServiceApplication - Running with Spring Boot v3.3.4, Spring v6.1.13
2025-01-03T20:12:30.128+0100 INFO               [main]                         be.pxl.services.GatewayServiceApplication - No active profile set, falling back to 1 default profile: "default"
2025-01-03T20:12:33.739+0100 INFO               [main]                         be.pxl.services.GatewayServiceApplication - Started GatewayServiceApplication in 5.43 seconds (process running for 6.374)
2025-01-03T20:12:40.539+0100 INFO               [main]                         be.pxl.services.PostServiceApplication - Starting PostServiceApplication using Java 17.0.13 with PID 27668 (C:\Users\12000904\Documents\semester 1\Java Fullstack\project-DiegoRussottoPXL\backend-java\Contentbeheer_backend\post-service\target\classes started by 12000904 in C:\Users\12000904\Documents\semester 1\Java Fullstack\project-DiegoRussottoPXL\backend-java\Contentbeheer_backend)
2025-01-03T20:12:40.540+0100 DEBUG              [main]                         be.pxl.services.PostServiceApplication - Running with Spring Boot v3.3.4, Spring v6.1.13
2025-01-03T20:12:40.542+0100 INFO               [main]                         be.pxl.services.PostServiceApplication - No active profile set, falling back to 1 default profile: "default"
2025-01-03T20:12:46.139+0100 INFO               [main]                         be.pxl.services.PostServiceApplication - Started PostServiceApplication in 7.121 seconds (process running for 7.925)
2025-01-03T20:16:52.553+0100 INFO               [http-nio-8091-exec-1]         be.pxl.services.controller.PostController - Creating new post with title: f
2025-01-03T20:16:52.721+0100 INFO               [http-nio-8091-exec-1]         be.pxl.services.service.PostService - Post added successfully with title: f
2025-01-03T20:17:05.012+0100 INFO               [http-nio-8091-exec-2]         be.pxl.services.controller.PostController - Fetching posts with filters: author = null, content = null, date = null
2025-01-03T20:17:05.199+0100 INFO               [http-nio-8091-exec-2]         be.pxl.services.service.PostService - Filtered posts count: 1
2025-01-03T20:17:05.200+0100 DEBUG              [http-nio-8091-exec-2]         be.pxl.services.service.PostService - Mapping post ID: 1 to PostResponse
2025-01-03T20:17:05.233+0100 INFO               [http-nio-8091-exec-3]         be.pxl.services.controller.PostController - Fetching posts with filters: author = null, content = null, date = null
2025-01-03T20:17:05.250+0100 INFO               [http-nio-8091-exec-3]         be.pxl.services.service.PostService - Filtered posts count: 1
2025-01-03T20:17:05.251+0100 DEBUG              [http-nio-8091-exec-3]         be.pxl.services.service.PostService - Mapping post ID: 1 to PostResponse
2025-01-03T20:18:28.716+0100 INFO               [main]                         be.pxl.services.ConfigServiceApplication - Starting ConfigServiceApplication using Java 17.0.13 with PID 22944 (C:\Users\12000904\Documents\semester 1\Java Fullstack\project-DiegoRussottoPXL\backend-java\Contentbeheer_backend\config-service\target\classes started by 12000904 in C:\Users\12000904\Documents\semester 1\Java Fullstack\project-DiegoRussottoPXL\backend-java\Contentbeheer_backend)
2025-01-03T20:18:28.722+0100 DEBUG              [main]                         be.pxl.services.ConfigServiceApplication - Running with Spring Boot v3.3.4, Spring v6.1.13
2025-01-03T20:18:28.724+0100 INFO               [main]                         be.pxl.services.ConfigServiceApplication - The following 1 profile is active: "native"
2025-01-03T20:18:33.632+0100 INFO               [main]                         be.pxl.services.ConfigServiceApplication - Started ConfigServiceApplication in 7.396 seconds (process running for 9.124)
2025-01-03T20:18:45.662+0100 INFO               [main]                         be.pxl.services.DiscoveryServiceApplication - Starting DiscoveryServiceApplication using Java 17.0.13 with PID 12672 (C:\Users\12000904\Documents\semester 1\Java Fullstack\project-DiegoRussottoPXL\backend-java\Contentbeheer_backend\discovery-service\target\classes started by 12000904 in C:\Users\12000904\Documents\semester 1\Java Fullstack\project-DiegoRussottoPXL\backend-java\Contentbeheer_backend)
2025-01-03T20:18:45.664+0100 DEBUG              [main]                         be.pxl.services.DiscoveryServiceApplication - Running with Spring Boot v3.3.4, Spring v6.1.13
2025-01-03T20:18:45.665+0100 INFO               [main]                         be.pxl.services.DiscoveryServiceApplication - No active profile set, falling back to 1 default profile: "default"
2025-01-03T20:18:50.513+0100 INFO               [main]                         be.pxl.services.DiscoveryServiceApplication - Started DiscoveryServiceApplication in 6.783 seconds (process running for 7.692)
2025-01-03T20:19:01.592+0100 INFO               [main]                         be.pxl.services.GatewayServiceApplication - Starting GatewayServiceApplication using Java 17.0.13 with PID 17824 (C:\Users\12000904\Documents\semester 1\Java Fullstack\project-DiegoRussottoPXL\backend-java\Contentbeheer_backend\gateway-service\target\classes started by 12000904 in C:\Users\12000904\Documents\semester 1\Java Fullstack\project-DiegoRussottoPXL\backend-java\Contentbeheer_backend)
2025-01-03T20:19:01.595+0100 DEBUG              [main]                         be.pxl.services.GatewayServiceApplication - Running with Spring Boot v3.3.4, Spring v6.1.13
2025-01-03T20:19:01.597+0100 INFO               [main]                         be.pxl.services.GatewayServiceApplication - No active profile set, falling back to 1 default profile: "default"
2025-01-03T20:19:07.584+0100 INFO               [main]                         be.pxl.services.GatewayServiceApplication - Started GatewayServiceApplication in 9.649 seconds (process running for 11.156)
2025-01-03T20:19:14.069+0100 INFO               [main]                         be.pxl.services.PostServiceApplication - Starting PostServiceApplication using Java 17.0.13 with PID 27380 (C:\Users\12000904\Documents\semester 1\Java Fullstack\project-DiegoRussottoPXL\backend-java\Contentbeheer_backend\post-service\target\classes started by 12000904 in C:\Users\12000904\Documents\semester 1\Java Fullstack\project-DiegoRussottoPXL\backend-java\Contentbeheer_backend)
2025-01-03T20:19:14.070+0100 DEBUG              [main]                         be.pxl.services.PostServiceApplication - Running with Spring Boot v3.3.4, Spring v6.1.13
2025-01-03T20:19:14.071+0100 INFO               [main]                         be.pxl.services.PostServiceApplication - No active profile set, falling back to 1 default profile: "default"
2025-01-03T20:19:20.482+0100 INFO               [main]                         be.pxl.services.PostServiceApplication - Started PostServiceApplication in 8.172 seconds (process running for 9.318)
2025-01-03T20:19:26.422+0100 INFO               [main]                         be.pxl.services.ReviewServiceApplication - Starting ReviewServiceApplication using Java 17.0.13 with PID 11868 (C:\Users\12000904\Documents\semester 1\Java Fullstack\project-DiegoRussottoPXL\backend-java\Contentbeheer_backend\review-service\target\classes started by 12000904 in C:\Users\12000904\Documents\semester 1\Java Fullstack\project-DiegoRussottoPXL\backend-java\Contentbeheer_backend)
2025-01-03T20:19:26.424+0100 DEBUG              [main]                         be.pxl.services.ReviewServiceApplication - Running with Spring Boot v3.3.4, Spring v6.1.13
2025-01-03T20:19:26.424+0100 INFO               [main]                         be.pxl.services.ReviewServiceApplication - No active profile set, falling back to 1 default profile: "default"
2025-01-03T20:32:02.319+0100 INFO               [main]                         be.pxl.services.ReviewServiceApplication - Starting ReviewServiceApplication using Java 17.0.13 with PID 29128 (C:\Users\12000904\Documents\semester 1\Java Fullstack\project-DiegoRussottoPXL\backend-java\Contentbeheer_backend\review-service\target\classes started by 12000904 in C:\Users\12000904\Documents\semester 1\Java Fullstack\project-DiegoRussottoPXL\backend-java\Contentbeheer_backend)
2025-01-03T20:32:02.320+0100 DEBUG              [main]                         be.pxl.services.ReviewServiceApplication - Running with Spring Boot v3.3.4, Spring v6.1.13
2025-01-03T20:32:02.321+0100 INFO               [main]                         be.pxl.services.ReviewServiceApplication - No active profile set, falling back to 1 default profile: "default"
2025-01-03T20:38:48.332+0100 INFO               [main]                         be.pxl.services.ReviewServiceApplication - Starting ReviewServiceApplication using Java 17.0.13 with PID 31352 (C:\Users\12000904\Documents\semester 1\Java Fullstack\project-DiegoRussottoPXL\backend-java\Contentbeheer_backend\review-service\target\classes started by 12000904 in C:\Users\12000904\Documents\semester 1\Java Fullstack\project-DiegoRussottoPXL\backend-java\Contentbeheer_backend)
2025-01-03T20:38:48.335+0100 DEBUG              [main]                         be.pxl.services.ReviewServiceApplication - Running with Spring Boot v3.3.4, Spring v6.1.13
2025-01-03T20:38:48.336+0100 INFO               [main]                         be.pxl.services.ReviewServiceApplication - No active profile set, falling back to 1 default profile: "default"
2025-01-03T20:48:43.578+0100 INFO               [main]                         be.pxl.services.ReviewServiceApplication - Starting ReviewServiceApplication using Java 17.0.13 with PID 10632 (C:\Users\12000904\Documents\semester 1\Java Fullstack\project-DiegoRussottoPXL\backend-java\Contentbeheer_backend\review-service\target\classes started by 12000904 in C:\Users\12000904\Documents\semester 1\Java Fullstack\project-DiegoRussottoPXL\backend-java\Contentbeheer_backend)
2025-01-03T20:48:43.579+0100 DEBUG              [main]                         be.pxl.services.ReviewServiceApplication - Running with Spring Boot v3.3.4, Spring v6.1.13
2025-01-03T20:48:43.580+0100 INFO               [main]                         be.pxl.services.ReviewServiceApplication - No active profile set, falling back to 1 default profile: "default"
2025-01-03T20:57:54.923+0100 INFO               [main]                         be.pxl.services.ConfigServiceApplication - Starting ConfigServiceApplication using Java 17.0.13 with PID 18952 (C:\Users\12000904\Documents\semester 1\Java Fullstack\project-DiegoRussottoPXL\backend-java\Contentbeheer_backend\config-service\target\classes started by 12000904 in C:\Users\12000904\Documents\semester 1\Java Fullstack\project-DiegoRussottoPXL\backend-java\Contentbeheer_backend)
2025-01-03T20:57:54.924+0100 DEBUG              [main]                         be.pxl.services.ConfigServiceApplication - Running with Spring Boot v3.3.4, Spring v6.1.13
2025-01-03T20:57:54.925+0100 INFO               [main]                         be.pxl.services.ConfigServiceApplication - The following 1 profile is active: "native"
2025-01-03T20:57:56.912+0100 INFO               [main]                         be.pxl.services.ConfigServiceApplication - Started ConfigServiceApplication in 2.998 seconds (process running for 3.658)
2025-01-03T20:58:03.404+0100 INFO               [main]                         be.pxl.services.DiscoveryServiceApplication - Starting DiscoveryServiceApplication using Java 17.0.13 with PID 31328 (C:\Users\12000904\Documents\semester 1\Java Fullstack\project-DiegoRussottoPXL\backend-java\Contentbeheer_backend\discovery-service\target\classes started by 12000904 in C:\Users\12000904\Documents\semester 1\Java Fullstack\project-DiegoRussottoPXL\backend-java\Contentbeheer_backend)
2025-01-03T20:58:03.406+0100 DEBUG              [main]                         be.pxl.services.DiscoveryServiceApplication - Running with Spring Boot v3.3.4, Spring v6.1.13
2025-01-03T20:58:03.406+0100 INFO               [main]                         be.pxl.services.DiscoveryServiceApplication - No active profile set, falling back to 1 default profile: "default"
2025-01-03T20:58:07.487+0100 INFO               [main]                         be.pxl.services.DiscoveryServiceApplication - Started DiscoveryServiceApplication in 5.659 seconds (process running for 6.533)
2025-01-03T20:58:12.872+0100 INFO               [main]                         be.pxl.services.GatewayServiceApplication - Starting GatewayServiceApplication using Java 17.0.13 with PID 3488 (C:\Users\12000904\Documents\semester 1\Java Fullstack\project-DiegoRussottoPXL\backend-java\Contentbeheer_backend\gateway-service\target\classes started by 12000904 in C:\Users\12000904\Documents\semester 1\Java Fullstack\project-DiegoRussottoPXL\backend-java\Contentbeheer_backend)
2025-01-03T20:58:12.874+0100 DEBUG              [main]                         be.pxl.services.GatewayServiceApplication - Running with Spring Boot v3.3.4, Spring v6.1.13
2025-01-03T20:58:12.875+0100 INFO               [main]                         be.pxl.services.GatewayServiceApplication - No active profile set, falling back to 1 default profile: "default"
2025-01-03T20:58:16.282+0100 INFO               [main]                         be.pxl.services.GatewayServiceApplication - Started GatewayServiceApplication in 4.873 seconds (process running for 5.72)
2025-01-03T20:58:28.665+0100 INFO               [main]                         be.pxl.services.PostServiceApplication - Starting PostServiceApplication using Java 17.0.13 with PID 29032 (C:\Users\12000904\Documents\semester 1\Java Fullstack\project-DiegoRussottoPXL\backend-java\Contentbeheer_backend\post-service\target\classes started by 12000904 in C:\Users\12000904\Documents\semester 1\Java Fullstack\project-DiegoRussottoPXL\backend-java\Contentbeheer_backend)
2025-01-03T20:58:28.666+0100 DEBUG              [main]                         be.pxl.services.PostServiceApplication - Running with Spring Boot v3.3.4, Spring v6.1.13
2025-01-03T20:58:28.667+0100 INFO               [main]                         be.pxl.services.PostServiceApplication - No active profile set, falling back to 1 default profile: "default"
2025-01-03T20:58:34.406+0100 INFO               [main]                         be.pxl.services.PostServiceApplication - Started PostServiceApplication in 7.123 seconds (process running for 7.927)
2025-01-03T20:58:47.742+0100 INFO               [main]                         be.pxl.services.ReviewServiceApplication - Starting ReviewServiceApplication using Java 17.0.13 with PID 4556 (C:\Users\12000904\Documents\semester 1\Java Fullstack\project-DiegoRussottoPXL\backend-java\Contentbeheer_backend\review-service\target\classes started by 12000904 in C:\Users\12000904\Documents\semester 1\Java Fullstack\project-DiegoRussottoPXL\backend-java\Contentbeheer_backend)
2025-01-03T20:58:47.743+0100 DEBUG              [main]                         be.pxl.services.ReviewServiceApplication - Running with Spring Boot v3.3.4, Spring v6.1.13
2025-01-03T20:58:47.744+0100 INFO               [main]                         be.pxl.services.ReviewServiceApplication - No active profile set, falling back to 1 default profile: "default"
2025-01-03T20:58:53.636+0100 INFO               [main]                         be.pxl.services.ReviewServiceApplication - Started ReviewServiceApplication in 7.271 seconds (process running for 8.08)
2025-01-03T20:59:20.486+0100 INFO               [http-nio-8093-exec-1]         be.pxl.services.controller.ReviewController - Fetching all drafts
2025-01-03T20:59:20.486+0100 INFO               [http-nio-8093-exec-1]         be.pxl.services.controller.ReviewController - Calling Feign client to get drafts...
2025-01-03T20:59:36.603+0100 INFO               [http-nio-8093-exec-2]         be.pxl.services.controller.ReviewController - Fetching all drafts
2025-01-03T20:59:36.603+0100 INFO               [http-nio-8093-exec-2]         be.pxl.services.controller.ReviewController - Calling Feign client to get drafts...
2025-01-03T20:59:36.707+0100 INFO               [http-nio-8091-exec-1]         be.pxl.services.controller.PostController - Fetching posts with status DRAFT
2025-01-03T20:59:36.878+0100 INFO               [http-nio-8093-exec-2]         be.pxl.services.controller.ReviewController - Received drafts: [PostResponse(id=1, title=f, content=f, author=lol, date=2025-01-03, status=DRAFT)]
2025-01-03T20:59:45.247+0100 INFO               [http-nio-8093-exec-3]         be.pxl.services.controller.ReviewController - Rejecting post with id: 1
2025-01-03T20:59:45.247+0100 INFO               [http-nio-8093-exec-3]         be.pxl.services.controller.ReviewController - Calling Feign client to reject post with id: 1
2025-01-03T20:59:45.259+0100 INFO               [http-nio-8091-exec-2]         be.pxl.services.controller.PostController - Rejecting post with id1
2025-01-03T20:59:45.343+0100 INFO               [http-nio-8091-exec-2]         be.pxl.services.service.PostService - Post with ID: 1 rejected successfully
2025-01-03T20:59:45.450+0100 INFO               [http-nio-8093-exec-3]         be.pxl.services.controller.ReviewController - Notification sent for post ID 1 to queue postRejectionQueue.
2025-01-03T20:59:45.467+0100 INFO               [http-nio-8093-exec-4]         be.pxl.services.controller.ReviewController - Fetching all drafts
2025-01-03T20:59:45.467+0100 INFO               [http-nio-8093-exec-4]         be.pxl.services.controller.ReviewController - Calling Feign client to get drafts...
2025-01-03T20:59:45.470+0100 INFO               [http-nio-8091-exec-3]         be.pxl.services.controller.PostController - Fetching posts with status DRAFT
2025-01-03T20:59:45.476+0100 INFO               [http-nio-8093-exec-4]         be.pxl.services.controller.ReviewController - Received drafts: []
2025-01-03T20:59:45.499+0100 INFO               [org.springframework.amqp.rabbit.RabbitListenerEndpointContainer#0-1] be.pxl.services.service.EmailService - Preparing email with subject: 'Blog Rejected: f' and body: 'Unfortunately, your blog titled "f" has been rejected. Please revise it before resubmitting.'
2025-01-03T20:59:47.308+0100 INFO               [org.springframework.amqp.rabbit.RabbitListenerEndpointContainer#0-1] be.pxl.services.service.EmailService - Email sent successfully to gamzeh8@gmail.com
2025-01-03T21:00:48.247+0100 INFO               [http-nio-8091-exec-5]         be.pxl.services.controller.PostController - Creating new post with title: f
2025-01-03T21:00:48.300+0100 INFO               [http-nio-8091-exec-5]         be.pxl.services.service.PostService - Post added successfully with title: f
2025-01-03T21:00:49.761+0100 INFO               [http-nio-8093-exec-6]         be.pxl.services.controller.ReviewController - Fetching all drafts
2025-01-03T21:00:49.762+0100 INFO               [http-nio-8093-exec-6]         be.pxl.services.controller.ReviewController - Calling Feign client to get drafts...
2025-01-03T21:00:49.764+0100 INFO               [http-nio-8091-exec-6]         be.pxl.services.controller.PostController - Fetching posts with status DRAFT
2025-01-03T21:00:49.774+0100 INFO               [http-nio-8093-exec-6]         be.pxl.services.controller.ReviewController - Received drafts: [PostResponse(id=2, title=f, content=f, author=lol, date=2025-01-03, status=DRAFT)]
2025-01-03T21:00:51.994+0100 INFO               [http-nio-8093-exec-7]         be.pxl.services.controller.ReviewController - Publishing post with id: 2
2025-01-03T21:00:51.995+0100 INFO               [http-nio-8093-exec-7]         be.pxl.services.controller.ReviewController - Calling Feign client to publish post with id: 2
2025-01-03T21:00:51.997+0100 INFO               [http-nio-8091-exec-7]         be.pxl.services.controller.PostController - Publishing post with ID: 2
2025-01-03T21:00:52.020+0100 INFO               [http-nio-8091-exec-7]         be.pxl.services.service.PostService - Post with ID: 2 published successfully
2025-01-03T21:00:52.021+0100 INFO               [http-nio-8093-exec-7]         be.pxl.services.controller.ReviewController - Notification sent for post ID 2 to queue postApprovalQueue.
2025-01-03T21:00:52.035+0100 INFO               [http-nio-8093-exec-9]         be.pxl.services.controller.ReviewController - Fetching all drafts
2025-01-03T21:00:52.035+0100 INFO               [http-nio-8093-exec-9]         be.pxl.services.controller.ReviewController - Calling Feign client to get drafts...
2025-01-03T21:00:52.040+0100 INFO               [http-nio-8091-exec-8]         be.pxl.services.controller.PostController - Fetching posts with status DRAFT
2025-01-03T21:00:52.046+0100 INFO               [org.springframework.amqp.rabbit.RabbitListenerEndpointContainer#1-1] be.pxl.services.service.EmailService - Preparing email with subject: 'Blog Approved: f' and body: 'Congratulations! Your blog titled "f" has been approved and is ready for publication.'
2025-01-03T21:00:52.054+0100 INFO               [http-nio-8093-exec-9]         be.pxl.services.controller.ReviewController - Received drafts: []
2025-01-03T21:00:54.755+0100 INFO               [org.springframework.amqp.rabbit.RabbitListenerEndpointContainer#1-1] be.pxl.services.service.EmailService - Email sent successfully to gamzeh8@gmail.com
2025-01-03T22:25:40.226+0100 INFO               [main]                         be.pxl.services.PostServiceApplication - Starting PostServiceApplication using Java 17.0.13 with PID 32668 (C:\Users\12000904\Documents\semester 1\Java Fullstack\project-DiegoRussottoPXL\backend-java\Contentbeheer_backend\post-service\target\classes started by 12000904 in C:\Users\12000904\Documents\semester 1\Java Fullstack\project-DiegoRussottoPXL\backend-java\Contentbeheer_backend)
2025-01-03T22:25:40.227+0100 DEBUG              [main]                         be.pxl.services.PostServiceApplication - Running with Spring Boot v3.3.4, Spring v6.1.13
2025-01-03T22:25:40.228+0100 INFO               [main]                         be.pxl.services.PostServiceApplication - No active profile set, falling back to 1 default profile: "default"
2025-01-03T22:26:05.447+0100 INFO               [main]                         be.pxl.services.ConfigServiceApplication - Starting ConfigServiceApplication using Java 17.0.13 with PID 10176 (C:\Users\12000904\Documents\semester 1\Java Fullstack\project-DiegoRussottoPXL\backend-java\Contentbeheer_backend\config-service\target\classes started by 12000904 in C:\Users\12000904\Documents\semester 1\Java Fullstack\project-DiegoRussottoPXL\backend-java\Contentbeheer_backend)
2025-01-03T22:26:05.449+0100 DEBUG              [main]                         be.pxl.services.ConfigServiceApplication - Running with Spring Boot v3.3.4, Spring v6.1.13
2025-01-03T22:26:05.450+0100 INFO               [main]                         be.pxl.services.ConfigServiceApplication - The following 1 profile is active: "native"
2025-01-03T22:26:07.654+0100 INFO               [main]                         be.pxl.services.ConfigServiceApplication - Started ConfigServiceApplication in 3.368 seconds (process running for 4.176)
2025-01-03T22:26:13.177+0100 INFO               [main]                         be.pxl.services.DiscoveryServiceApplication - Starting DiscoveryServiceApplication using Java 17.0.13 with PID 26620 (C:\Users\12000904\Documents\semester 1\Java Fullstack\project-DiegoRussottoPXL\backend-java\Contentbeheer_backend\discovery-service\target\classes started by 12000904 in C:\Users\12000904\Documents\semester 1\Java Fullstack\project-DiegoRussottoPXL\backend-java\Contentbeheer_backend)
2025-01-03T22:26:13.178+0100 DEBUG              [main]                         be.pxl.services.DiscoveryServiceApplication - Running with Spring Boot v3.3.4, Spring v6.1.13
2025-01-03T22:26:13.179+0100 INFO               [main]                         be.pxl.services.DiscoveryServiceApplication - No active profile set, falling back to 1 default profile: "default"
2025-01-03T22:26:17.074+0100 INFO               [main]                         be.pxl.services.DiscoveryServiceApplication - Started DiscoveryServiceApplication in 5.465 seconds (process running for 6.299)
2025-01-03T22:26:21.543+0100 INFO               [main]                         be.pxl.services.GatewayServiceApplication - Starting GatewayServiceApplication using Java 17.0.13 with PID 17768 (C:\Users\12000904\Documents\semester 1\Java Fullstack\project-DiegoRussottoPXL\backend-java\Contentbeheer_backend\gateway-service\target\classes started by 12000904 in C:\Users\12000904\Documents\semester 1\Java Fullstack\project-DiegoRussottoPXL\backend-java\Contentbeheer_backend)
2025-01-03T22:26:21.544+0100 DEBUG              [main]                         be.pxl.services.GatewayServiceApplication - Running with Spring Boot v3.3.4, Spring v6.1.13
2025-01-03T22:26:21.545+0100 INFO               [main]                         be.pxl.services.GatewayServiceApplication - No active profile set, falling back to 1 default profile: "default"
2025-01-03T22:26:25.181+0100 INFO               [main]                         be.pxl.services.GatewayServiceApplication - Started GatewayServiceApplication in 5.033 seconds (process running for 5.848)
2025-01-03T22:26:32.444+0100 INFO               [main]                         be.pxl.services.PostServiceApplication - Starting PostServiceApplication using Java 17.0.13 with PID 1432 (C:\Users\12000904\Documents\semester 1\Java Fullstack\project-DiegoRussottoPXL\backend-java\Contentbeheer_backend\post-service\target\classes started by 12000904 in C:\Users\12000904\Documents\semester 1\Java Fullstack\project-DiegoRussottoPXL\backend-java\Contentbeheer_backend)
2025-01-03T22:26:32.446+0100 DEBUG              [main]                         be.pxl.services.PostServiceApplication - Running with Spring Boot v3.3.4, Spring v6.1.13
2025-01-03T22:26:32.447+0100 INFO               [main]                         be.pxl.services.PostServiceApplication - No active profile set, falling back to 1 default profile: "default"
2025-01-03T22:26:38.203+0100 INFO               [main]                         be.pxl.services.PostServiceApplication - Started PostServiceApplication in 7.272 seconds (process running for 8.034)
2025-01-03T22:27:09.237+0100 INFO               [main]                         be.pxl.services.ReviewServiceApplication - Starting ReviewServiceApplication using Java 17.0.13 with PID 5676 (C:\Users\12000904\Documents\semester 1\Java Fullstack\project-DiegoRussottoPXL\backend-java\Contentbeheer_backend\review-service\target\classes started by 12000904 in C:\Users\12000904\Documents\semester 1\Java Fullstack\project-DiegoRussottoPXL\backend-java\Contentbeheer_backend)
2025-01-03T22:27:09.238+0100 DEBUG              [main]                         be.pxl.services.ReviewServiceApplication - Running with Spring Boot v3.3.4, Spring v6.1.13
2025-01-03T22:27:09.239+0100 INFO               [main]                         be.pxl.services.ReviewServiceApplication - No active profile set, falling back to 1 default profile: "default"
2025-01-03T22:27:15.194+0100 INFO               [main]                         be.pxl.services.ReviewServiceApplication - Started ReviewServiceApplication in 7.32 seconds (process running for 8.109)
